#
# There is insufficient memory for the Java Runtime Environment to continue.
# Native memory allocation (malloc) failed to allocate 1198048 bytes for Chunk::new
# Possible reasons:
#   The system is out of physical RAM or swap space
#   The process is running with CompressedOops enabled, and the Java Heap may be blocking the growth of the native heap
# Possible solutions:
#   Reduce memory load on the system
#   Increase physical memory or swap space
#   Check if swap backing store is full
#   Decrease Java heap size (-Xmx/-Xms)
#   Decrease number of Java threads
#   Decrease Java thread stack sizes (-Xss)
#   Set larger code cache with -XX:ReservedCodeCacheSize=
#   JVM is running with Unscaled Compressed Oops mode in which the Java heap is
#     placed in the first 4GB address space. The Java Heap base address is the
#     maximum limit for the native heap growth. Please use -XX:HeapBaseMinAddress
#     to set the Java Heap base and to place the Java Heap above 4GB virtual address.
# This output file may be truncated or incomplete.
#
#  Out of Memory Error (arena.cpp:168), pid=13020, tid=7828
#
# JRE version: Java(TM) SE Runtime Environment (21.0.3+7) (build 21.0.3+7-LTS-152)
# Java VM: Java HotSpot(TM) 64-Bit Server VM (21.0.3+7-LTS-152, mixed mode, sharing, tiered, compressed oops, compressed class ptrs, g1 gc, windows-amd64)
# No core dump will be written. Minidumps are not enabled by default on client versions of Windows
#

---------------  S U M M A R Y ------------

Command Line: -XX:+ShowCodeDetailsInExceptionMessages sae.Main

Host: Intel(R) Core(TM) i7-6700 CPU @ 3.40GHz, 8 cores, 7G,  Windows 10 , 64 bit Build 19041 (10.0.19041.1806)
Time: Wed Dec  4 16:45:01 2024 Paris, Madrid elapsed time: 1.678429 seconds (0d 0h 0m 1s)

---------------  T H R E A D  ---------------

Current thread (0x0000028c3467e720):  JavaThread "C2 CompilerThread0" daemon [_thread_in_native, id=7828, stack(0x0000009640800000,0x0000009640900000) (1024K)]


Current CompileTask:
C2:   1678 1907   !   4       java.net.URL::<init> (543 bytes)

Stack: [0x0000009640800000,0x0000009640900000]
Native frames: (J=compiled Java code, j=interpreted, Vv=VM code, C=native code)
V  [jvm.dll+0x6c63b9]
V  [jvm.dll+0x84fa11]
V  [jvm.dll+0x851f3e]
V  [jvm.dll+0x852613]
V  [jvm.dll+0x27cd46]
V  [jvm.dll+0xc4aad]
V  [jvm.dll+0xc4fe3]
V  [jvm.dll+0x3b1d5c]
V  [jvm.dll+0x37e485]
V  [jvm.dll+0x37d8fa]
V  [jvm.dll+0x245b40]
V  [jvm.dll+0x24511f]
V  [jvm.dll+0x1c689e]
V  [jvm.dll+0x254609]
V  [jvm.dll+0x252b9a]
V  [jvm.dll+0x3eb056]
V  [jvm.dll+0x7f9ffb]
V  [jvm.dll+0x6c4a9d]
C  [ucrtbase.dll+0x21bb2]
C  [KERNEL32.DLL+0x17034]
C  [ntdll.dll+0x52651]


---------------  P R O C E S S  ---------------

Threads class SMR info:
_java_thread_list=0x0000028c7ec34a30, length=19, elements={
0x0000028c159ac7b0, 0x0000028c34667ae0, 0x0000028c34668740, 0x0000028c3466d2c0,
0x0000028c3466ed30, 0x0000028c3466fa10, 0x0000028c34672480, 0x0000028c3467e720,
0x0000028c346823e0, 0x0000028c348f1c70, 0x0000028c348f68d0, 0x0000028c349d2e50,
0x0000028c7a6c1f20, 0x0000028c7a763340, 0x0000028c7a72fed0, 0x0000028c7e95ebc0,
0x0000028c7ebcffb0, 0x0000028c7ec6cce0, 0x0000028c7ec6edb0
}

Java Threads: ( => current thread )
  0x0000028c159ac7b0 JavaThread "main"                              [_thread_blocked, id=11644, stack(0x000000963fa00000,0x000000963fb00000) (1024K)]
  0x0000028c34667ae0 JavaThread "Reference Handler"          daemon [_thread_blocked, id=13912, stack(0x0000009640200000,0x0000009640300000) (1024K)]
  0x0000028c34668740 JavaThread "Finalizer"                  daemon [_thread_blocked, id=2064, stack(0x0000009640300000,0x0000009640400000) (1024K)]
  0x0000028c3466d2c0 JavaThread "Signal Dispatcher"          daemon [_thread_blocked, id=7504, stack(0x0000009640400000,0x0000009640500000) (1024K)]
  0x0000028c3466ed30 JavaThread "Attach Listener"            daemon [_thread_blocked, id=5744, stack(0x0000009640500000,0x0000009640600000) (1024K)]
  0x0000028c3466fa10 JavaThread "Service Thread"             daemon [_thread_blocked, id=5840, stack(0x0000009640600000,0x0000009640700000) (1024K)]
  0x0000028c34672480 JavaThread "Monitor Deflation Thread"   daemon [_thread_blocked, id=7460, stack(0x0000009640700000,0x0000009640800000) (1024K)]
=>0x0000028c3467e720 JavaThread "C2 CompilerThread0"         daemon [_thread_in_native, id=7828, stack(0x0000009640800000,0x0000009640900000) (1024K)]
  0x0000028c346823e0 JavaThread "C1 CompilerThread0"         daemon [_thread_blocked, id=11228, stack(0x0000009640900000,0x0000009640a00000) (1024K)]
  0x0000028c348f1c70 JavaThread "Notification Thread"        daemon [_thread_blocked, id=12380, stack(0x0000009640a00000,0x0000009640b00000) (1024K)]
  0x0000028c348f68d0 JavaThread "Common-Cleaner"             daemon [_thread_blocked, id=2092, stack(0x0000009640b00000,0x0000009640c00000) (1024K)]
  0x0000028c349d2e50 JavaThread "JavaFX-Launcher"                   [_thread_blocked, id=12228, stack(0x0000009640c00000,0x0000009640d00000) (1024K)]
  0x0000028c7a6c1f20 JavaThread "QuantumRenderer-0"          daemon [_thread_blocked, id=13676, stack(0x0000009640d00000,0x0000009640e00000) (1024K)]
  0x0000028c7a763340 JavaThread "InvokeLaterDispatcher"      daemon [_thread_blocked, id=10184, stack(0x0000009640e00000,0x0000009640f00000) (1024K)]
  0x0000028c7a72fed0 JavaThread "JavaFX Application Thread"         [_thread_in_native, id=5800, stack(0x0000009640f00000,0x0000009641000000) (1024K)]
  0x0000028c7e95ebc0 JavaThread "Thread-2"                   daemon [_thread_in_native, id=9660, stack(0x0000009641300000,0x0000009641400000) (1024K)]
  0x0000028c7ebcffb0 JavaThread "Prism Font Disposer"        daemon [_thread_blocked, id=8780, stack(0x0000009641e00000,0x0000009641f00000) (1024K)]
  0x0000028c7ec6cce0 JavaThread "Thread-4"                          [_thread_blocked, id=8448, stack(0x0000009642000000,0x0000009642100000) (1024K)]
  0x0000028c7ec6edb0 JavaThread "FileSystemWatchService"     daemon [_thread_in_native, id=3428, stack(0x0000009642100000,0x0000009642200000) (1024K)]
Total: 19

Other Threads:
  0x0000028c34647120 VMThread "VM Thread"                           [id=3084, stack(0x0000009640100000,0x0000009640200000) (1024K)]
  0x0000028c346317d0 WatcherThread "VM Periodic Task Thread"        [id=13112, stack(0x0000009640000000,0x0000009640100000) (1024K)]
  0x0000028c17d34f50 WorkerThread "GC Thread#0"                     [id=1192, stack(0x000000963fb00000,0x000000963fc00000) (1024K)]
  0x0000028c7eb3d940 WorkerThread "GC Thread#1"                     [id=13340, stack(0x0000009641400000,0x0000009641500000) (1024K)]
  0x0000028c7eb3dce0 WorkerThread "GC Thread#2"                     [id=3376, stack(0x0000009641500000,0x0000009641600000) (1024K)]
  0x0000028c7eb57070 WorkerThread "GC Thread#3"                     [id=8216, stack(0x0000009641600000,0x0000009641700000) (1024K)]
  0x0000028c7eb57410 WorkerThread "GC Thread#4"                     [id=11684, stack(0x0000009641700000,0x0000009641800000) (1024K)]
  0x0000028c7eb577b0 WorkerThread "GC Thread#5"                     [id=5376, stack(0x0000009641800000,0x0000009641900000) (1024K)]
  0x0000028c7eb57f60 WorkerThread "GC Thread#6"                     [id=14124, stack(0x0000009641900000,0x0000009641a00000) (1024K)]
  0x0000028c7ea78cb0 WorkerThread "GC Thread#7"                     [id=12648, stack(0x0000009641a00000,0x0000009641b00000) (1024K)]
  0x0000028c17d45d20 ConcurrentGCThread "G1 Main Marker"            [id=3372, stack(0x000000963fc00000,0x000000963fd00000) (1024K)]
  0x0000028c17d46fd0 WorkerThread "G1 Conc#0"                       [id=8332, stack(0x000000963fd00000,0x000000963fe00000) (1024K)]
  0x0000028c344ed120 ConcurrentGCThread "G1 Refine#0"               [id=13068, stack(0x000000963fe00000,0x000000963ff00000) (1024K)]
  0x0000028c344eff40 ConcurrentGCThread "G1 Service"                [id=7584, stack(0x000000963ff00000,0x0000009640000000) (1024K)]
Total: 14

Threads with active compile tasks:
C2 CompilerThread0     1717 1907   !   4       java.net.URL::<init> (543 bytes)
Total: 1

VM state: not at safepoint (normal execution)

VM Mutex/Monitor currently owned by a thread: None

Heap address: 0x0000000081e00000, size: 2018 MB, Compressed Oops mode: 32-bit

CDS archive(s) mapped at: [0x0000028c35000000-0x0000028c35c90000-0x0000028c35c90000), size 13172736, SharedBaseAddress: 0x0000028c35000000, ArchiveRelocationMode: 1.
Compressed class space mapped at: 0x0000028c36000000-0x0000028c76000000, reserved size: 1073741824
Narrow klass base: 0x0000028c35000000, Narrow klass shift: 0, Narrow klass range: 0x100000000

GC Precious Log:
 CardTable entry size: 512
 Card Set container configuration: InlinePtr #cards 5 size 8 Array Of Cards #cards 12 size 40 Howl #buckets 4 coarsen threshold 1843 Howl Bitmap #cards 512 size 80 coarsen threshold 460 Card regions per heap region 1 cards per card region 2048
 CPUs: 8 total, 8 available
 Memory: 8067M
 Large Page Support: Disabled
 NUMA Support: Disabled
 Compressed Oops: Enabled (32-bit)
 Heap Region Size: 1M
 Heap Min Capacity: 8M
 Heap Initial Capacity: 128M
 Heap Max Capacity: 2018M
 Pre-touch: Disabled
 Parallel Workers: 8
 Concurrent Workers: 2
 Concurrent Refinement Workers: 8
 Periodic GC: Disabled

Heap:
 garbage-first heap   total 131072K, used 21279K [0x0000000081e00000, 0x0000000100000000)
  region size 1024K, 20 young (20480K), 3 survivors (3072K)
 Metaspace       used 13214K, committed 13504K, reserved 1114112K
  class space    used 1858K, committed 1984K, reserved 1048576K

Heap Regions: E=young(eden), S=young(survivor), O=old, HS=humongous(starts), HC=humongous(continues), CS=collection set, F=free, TAMS=top-at-mark-start, PB=parsable bottom
|   0|0x0000000081e00000, 0x0000000081f00000, 0x0000000081f00000|100%| O|  |TAMS 0x0000000081e00000| PB 0x0000000081e00000| Untracked 
|   1|0x0000000081f00000, 0x0000000081fc7f38, 0x0000000082000000| 78%| O|  |TAMS 0x0000000081f00000| PB 0x0000000081f00000| Untracked 
|   2|0x0000000082000000, 0x0000000082000000, 0x0000000082100000|  0%| F|  |TAMS 0x0000000082000000| PB 0x0000000082000000| Untracked 
|   3|0x0000000082100000, 0x0000000082100000, 0x0000000082200000|  0%| F|  |TAMS 0x0000000082100000| PB 0x0000000082100000| Untracked 
|   4|0x0000000082200000, 0x0000000082200000, 0x0000000082300000|  0%| F|  |TAMS 0x0000000082200000| PB 0x0000000082200000| Untracked 
|   5|0x0000000082300000, 0x0000000082300000, 0x0000000082400000|  0%| F|  |TAMS 0x0000000082300000| PB 0x0000000082300000| Untracked 
|   6|0x0000000082400000, 0x0000000082400000, 0x0000000082500000|  0%| F|  |TAMS 0x0000000082400000| PB 0x0000000082400000| Untracked 
|   7|0x0000000082500000, 0x0000000082500000, 0x0000000082600000|  0%| F|  |TAMS 0x0000000082500000| PB 0x0000000082500000| Untracked 
|   8|0x0000000082600000, 0x0000000082600000, 0x0000000082700000|  0%| F|  |TAMS 0x0000000082600000| PB 0x0000000082600000| Untracked 
|   9|0x0000000082700000, 0x0000000082700000, 0x0000000082800000|  0%| F|  |TAMS 0x0000000082700000| PB 0x0000000082700000| Untracked 
|  10|0x0000000082800000, 0x0000000082800000, 0x0000000082900000|  0%| F|  |TAMS 0x0000000082800000| PB 0x0000000082800000| Untracked 
|  11|0x0000000082900000, 0x0000000082900000, 0x0000000082a00000|  0%| F|  |TAMS 0x0000000082900000| PB 0x0000000082900000| Untracked 
|  12|0x0000000082a00000, 0x0000000082a00000, 0x0000000082b00000|  0%| F|  |TAMS 0x0000000082a00000| PB 0x0000000082a00000| Untracked 
|  13|0x0000000082b00000, 0x0000000082b00000, 0x0000000082c00000|  0%| F|  |TAMS 0x0000000082b00000| PB 0x0000000082b00000| Untracked 
|  14|0x0000000082c00000, 0x0000000082c00000, 0x0000000082d00000|  0%| F|  |TAMS 0x0000000082c00000| PB 0x0000000082c00000| Untracked 
|  15|0x0000000082d00000, 0x0000000082d00000, 0x0000000082e00000|  0%| F|  |TAMS 0x0000000082d00000| PB 0x0000000082d00000| Untracked 
|  16|0x0000000082e00000, 0x0000000082e00000, 0x0000000082f00000|  0%| F|  |TAMS 0x0000000082e00000| PB 0x0000000082e00000| Untracked 
|  17|0x0000000082f00000, 0x0000000082f00000, 0x0000000083000000|  0%| F|  |TAMS 0x0000000082f00000| PB 0x0000000082f00000| Untracked 
|  18|0x0000000083000000, 0x0000000083000000, 0x0000000083100000|  0%| F|  |TAMS 0x0000000083000000| PB 0x0000000083000000| Untracked 
|  19|0x0000000083100000, 0x0000000083100000, 0x0000000083200000|  0%| F|  |TAMS 0x0000000083100000| PB 0x0000000083100000| Untracked 
|  20|0x0000000083200000, 0x0000000083200000, 0x0000000083300000|  0%| F|  |TAMS 0x0000000083200000| PB 0x0000000083200000| Untracked 
|  21|0x0000000083300000, 0x0000000083300000, 0x0000000083400000|  0%| F|  |TAMS 0x0000000083300000| PB 0x0000000083300000| Untracked 
|  22|0x0000000083400000, 0x0000000083400000, 0x0000000083500000|  0%| F|  |TAMS 0x0000000083400000| PB 0x0000000083400000| Untracked 
|  23|0x0000000083500000, 0x0000000083500000, 0x0000000083600000|  0%| F|  |TAMS 0x0000000083500000| PB 0x0000000083500000| Untracked 
|  24|0x0000000083600000, 0x0000000083600000, 0x0000000083700000|  0%| F|  |TAMS 0x0000000083600000| PB 0x0000000083600000| Untracked 
|  25|0x0000000083700000, 0x0000000083700000, 0x0000000083800000|  0%| F|  |TAMS 0x0000000083700000| PB 0x0000000083700000| Untracked 
|  26|0x0000000083800000, 0x0000000083800000, 0x0000000083900000|  0%| F|  |TAMS 0x0000000083800000| PB 0x0000000083800000| Untracked 
|  27|0x0000000083900000, 0x0000000083900000, 0x0000000083a00000|  0%| F|  |TAMS 0x0000000083900000| PB 0x0000000083900000| Untracked 
|  28|0x0000000083a00000, 0x0000000083a00000, 0x0000000083b00000|  0%| F|  |TAMS 0x0000000083a00000| PB 0x0000000083a00000| Untracked 
|  29|0x0000000083b00000, 0x0000000083b00000, 0x0000000083c00000|  0%| F|  |TAMS 0x0000000083b00000| PB 0x0000000083b00000| Untracked 
|  30|0x0000000083c00000, 0x0000000083c00000, 0x0000000083d00000|  0%| F|  |TAMS 0x0000000083c00000| PB 0x0000000083c00000| Untracked 
|  31|0x0000000083d00000, 0x0000000083d00000, 0x0000000083e00000|  0%| F|  |TAMS 0x0000000083d00000| PB 0x0000000083d00000| Untracked 
|  32|0x0000000083e00000, 0x0000000083e00000, 0x0000000083f00000|  0%| F|  |TAMS 0x0000000083e00000| PB 0x0000000083e00000| Untracked 
|  33|0x0000000083f00000, 0x0000000083f00000, 0x0000000084000000|  0%| F|  |TAMS 0x0000000083f00000| PB 0x0000000083f00000| Untracked 
|  34|0x0000000084000000, 0x0000000084000000, 0x0000000084100000|  0%| F|  |TAMS 0x0000000084000000| PB 0x0000000084000000| Untracked 
|  35|0x0000000084100000, 0x0000000084100000, 0x0000000084200000|  0%| F|  |TAMS 0x0000000084100000| PB 0x0000000084100000| Untracked 
|  36|0x0000000084200000, 0x0000000084200000, 0x0000000084300000|  0%| F|  |TAMS 0x0000000084200000| PB 0x0000000084200000| Untracked 
|  37|0x0000000084300000, 0x0000000084300000, 0x0000000084400000|  0%| F|  |TAMS 0x0000000084300000| PB 0x0000000084300000| Untracked 
|  38|0x0000000084400000, 0x0000000084400000, 0x0000000084500000|  0%| F|  |TAMS 0x0000000084400000| PB 0x0000000084400000| Untracked 
|  39|0x0000000084500000, 0x0000000084500000, 0x0000000084600000|  0%| F|  |TAMS 0x0000000084500000| PB 0x0000000084500000| Untracked 
|  40|0x0000000084600000, 0x0000000084600000, 0x0000000084700000|  0%| F|  |TAMS 0x0000000084600000| PB 0x0000000084600000| Untracked 
|  41|0x0000000084700000, 0x0000000084700000, 0x0000000084800000|  0%| F|  |TAMS 0x0000000084700000| PB 0x0000000084700000| Untracked 
|  42|0x0000000084800000, 0x0000000084800000, 0x0000000084900000|  0%| F|  |TAMS 0x0000000084800000| PB 0x0000000084800000| Untracked 
|  43|0x0000000084900000, 0x0000000084900000, 0x0000000084a00000|  0%| F|  |TAMS 0x0000000084900000| PB 0x0000000084900000| Untracked 
|  44|0x0000000084a00000, 0x0000000084a00000, 0x0000000084b00000|  0%| F|  |TAMS 0x0000000084a00000| PB 0x0000000084a00000| Untracked 
|  45|0x0000000084b00000, 0x0000000084b00000, 0x0000000084c00000|  0%| F|  |TAMS 0x0000000084b00000| PB 0x0000000084b00000| Untracked 
|  46|0x0000000084c00000, 0x0000000084c00000, 0x0000000084d00000|  0%| F|  |TAMS 0x0000000084c00000| PB 0x0000000084c00000| Untracked 
|  47|0x0000000084d00000, 0x0000000084d00000, 0x0000000084e00000|  0%| F|  |TAMS 0x0000000084d00000| PB 0x0000000084d00000| Untracked 
|  48|0x0000000084e00000, 0x0000000084e00000, 0x0000000084f00000|  0%| F|  |TAMS 0x0000000084e00000| PB 0x0000000084e00000| Untracked 
|  49|0x0000000084f00000, 0x0000000084f00000, 0x0000000085000000|  0%| F|  |TAMS 0x0000000084f00000| PB 0x0000000084f00000| Untracked 
|  50|0x0000000085000000, 0x0000000085000000, 0x0000000085100000|  0%| F|  |TAMS 0x0000000085000000| PB 0x0000000085000000| Untracked 
|  51|0x0000000085100000, 0x0000000085100000, 0x0000000085200000|  0%| F|  |TAMS 0x0000000085100000| PB 0x0000000085100000| Untracked 
|  52|0x0000000085200000, 0x0000000085200000, 0x0000000085300000|  0%| F|  |TAMS 0x0000000085200000| PB 0x0000000085200000| Untracked 
|  53|0x0000000085300000, 0x0000000085300000, 0x0000000085400000|  0%| F|  |TAMS 0x0000000085300000| PB 0x0000000085300000| Untracked 
|  54|0x0000000085400000, 0x0000000085400000, 0x0000000085500000|  0%| F|  |TAMS 0x0000000085400000| PB 0x0000000085400000| Untracked 
|  55|0x0000000085500000, 0x0000000085500000, 0x0000000085600000|  0%| F|  |TAMS 0x0000000085500000| PB 0x0000000085500000| Untracked 
|  56|0x0000000085600000, 0x0000000085600000, 0x0000000085700000|  0%| F|  |TAMS 0x0000000085600000| PB 0x0000000085600000| Untracked 
|  57|0x0000000085700000, 0x0000000085700000, 0x0000000085800000|  0%| F|  |TAMS 0x0000000085700000| PB 0x0000000085700000| Untracked 
|  58|0x0000000085800000, 0x0000000085800000, 0x0000000085900000|  0%| F|  |TAMS 0x0000000085800000| PB 0x0000000085800000| Untracked 
|  59|0x0000000085900000, 0x0000000085900000, 0x0000000085a00000|  0%| F|  |TAMS 0x0000000085900000| PB 0x0000000085900000| Untracked 
|  60|0x0000000085a00000, 0x0000000085a00000, 0x0000000085b00000|  0%| F|  |TAMS 0x0000000085a00000| PB 0x0000000085a00000| Untracked 
|  61|0x0000000085b00000, 0x0000000085b00000, 0x0000000085c00000|  0%| F|  |TAMS 0x0000000085b00000| PB 0x0000000085b00000| Untracked 
|  62|0x0000000085c00000, 0x0000000085c00000, 0x0000000085d00000|  0%| F|  |TAMS 0x0000000085c00000| PB 0x0000000085c00000| Untracked 
|  63|0x0000000085d00000, 0x0000000085d00000, 0x0000000085e00000|  0%| F|  |TAMS 0x0000000085d00000| PB 0x0000000085d00000| Untracked 
|  64|0x0000000085e00000, 0x0000000085e00000, 0x0000000085f00000|  0%| F|  |TAMS 0x0000000085e00000| PB 0x0000000085e00000| Untracked 
|  65|0x0000000085f00000, 0x0000000085f00000, 0x0000000086000000|  0%| F|  |TAMS 0x0000000085f00000| PB 0x0000000085f00000| Untracked 
|  66|0x0000000086000000, 0x0000000086000000, 0x0000000086100000|  0%| F|  |TAMS 0x0000000086000000| PB 0x0000000086000000| Untracked 
|  67|0x0000000086100000, 0x0000000086100000, 0x0000000086200000|  0%| F|  |TAMS 0x0000000086100000| PB 0x0000000086100000| Untracked 
|  68|0x0000000086200000, 0x0000000086200000, 0x0000000086300000|  0%| F|  |TAMS 0x0000000086200000| PB 0x0000000086200000| Untracked 
|  69|0x0000000086300000, 0x0000000086300000, 0x0000000086400000|  0%| F|  |TAMS 0x0000000086300000| PB 0x0000000086300000| Untracked 
|  70|0x0000000086400000, 0x0000000086400000, 0x0000000086500000|  0%| F|  |TAMS 0x0000000086400000| PB 0x0000000086400000| Untracked 
|  71|0x0000000086500000, 0x0000000086500000, 0x0000000086600000|  0%| F|  |TAMS 0x0000000086500000| PB 0x0000000086500000| Untracked 
|  72|0x0000000086600000, 0x0000000086600000, 0x0000000086700000|  0%| F|  |TAMS 0x0000000086600000| PB 0x0000000086600000| Untracked 
|  73|0x0000000086700000, 0x0000000086700000, 0x0000000086800000|  0%| F|  |TAMS 0x0000000086700000| PB 0x0000000086700000| Untracked 
|  74|0x0000000086800000, 0x0000000086800000, 0x0000000086900000|  0%| F|  |TAMS 0x0000000086800000| PB 0x0000000086800000| Untracked 
|  75|0x0000000086900000, 0x0000000086900000, 0x0000000086a00000|  0%| F|  |TAMS 0x0000000086900000| PB 0x0000000086900000| Untracked 
|  76|0x0000000086a00000, 0x0000000086a00000, 0x0000000086b00000|  0%| F|  |TAMS 0x0000000086a00000| PB 0x0000000086a00000| Untracked 
|  77|0x0000000086b00000, 0x0000000086b00000, 0x0000000086c00000|  0%| F|  |TAMS 0x0000000086b00000| PB 0x0000000086b00000| Untracked 
|  78|0x0000000086c00000, 0x0000000086c00000, 0x0000000086d00000|  0%| F|  |TAMS 0x0000000086c00000| PB 0x0000000086c00000| Untracked 
|  79|0x0000000086d00000, 0x0000000086d00000, 0x0000000086e00000|  0%| F|  |TAMS 0x0000000086d00000| PB 0x0000000086d00000| Untracked 
|  80|0x0000000086e00000, 0x0000000086e00000, 0x0000000086f00000|  0%| F|  |TAMS 0x0000000086e00000| PB 0x0000000086e00000| Untracked 
|  81|0x0000000086f00000, 0x0000000086f00000, 0x0000000087000000|  0%| F|  |TAMS 0x0000000086f00000| PB 0x0000000086f00000| Untracked 
|  82|0x0000000087000000, 0x0000000087000000, 0x0000000087100000|  0%| F|  |TAMS 0x0000000087000000| PB 0x0000000087000000| Untracked 
|  83|0x0000000087100000, 0x0000000087100000, 0x0000000087200000|  0%| F|  |TAMS 0x0000000087100000| PB 0x0000000087100000| Untracked 
|  84|0x0000000087200000, 0x0000000087200000, 0x0000000087300000|  0%| F|  |TAMS 0x0000000087200000| PB 0x0000000087200000| Untracked 
|  85|0x0000000087300000, 0x0000000087300000, 0x0000000087400000|  0%| F|  |TAMS 0x0000000087300000| PB 0x0000000087300000| Untracked 
|  86|0x0000000087400000, 0x0000000087400000, 0x0000000087500000|  0%| F|  |TAMS 0x0000000087400000| PB 0x0000000087400000| Untracked 
|  87|0x0000000087500000, 0x0000000087500000, 0x0000000087600000|  0%| F|  |TAMS 0x0000000087500000| PB 0x0000000087500000| Untracked 
|  88|0x0000000087600000, 0x0000000087600000, 0x0000000087700000|  0%| F|  |TAMS 0x0000000087600000| PB 0x0000000087600000| Untracked 
|  89|0x0000000087700000, 0x0000000087700000, 0x0000000087800000|  0%| F|  |TAMS 0x0000000087700000| PB 0x0000000087700000| Untracked 
|  90|0x0000000087800000, 0x0000000087800000, 0x0000000087900000|  0%| F|  |TAMS 0x0000000087800000| PB 0x0000000087800000| Untracked 
|  91|0x0000000087900000, 0x0000000087900000, 0x0000000087a00000|  0%| F|  |TAMS 0x0000000087900000| PB 0x0000000087900000| Untracked 
|  92|0x0000000087a00000, 0x0000000087a00000, 0x0000000087b00000|  0%| F|  |TAMS 0x0000000087a00000| PB 0x0000000087a00000| Untracked 
|  93|0x0000000087b00000, 0x0000000087b00000, 0x0000000087c00000|  0%| F|  |TAMS 0x0000000087b00000| PB 0x0000000087b00000| Untracked 
|  94|0x0000000087c00000, 0x0000000087c00000, 0x0000000087d00000|  0%| F|  |TAMS 0x0000000087c00000| PB 0x0000000087c00000| Untracked 
|  95|0x0000000087d00000, 0x0000000087d00000, 0x0000000087e00000|  0%| F|  |TAMS 0x0000000087d00000| PB 0x0000000087d00000| Untracked 
|  96|0x0000000087e00000, 0x0000000087e00000, 0x0000000087f00000|  0%| F|  |TAMS 0x0000000087e00000| PB 0x0000000087e00000| Untracked 
|  97|0x0000000087f00000, 0x0000000087f00000, 0x0000000088000000|  0%| F|  |TAMS 0x0000000087f00000| PB 0x0000000087f00000| Untracked 
|  98|0x0000000088000000, 0x0000000088000000, 0x0000000088100000|  0%| F|  |TAMS 0x0000000088000000| PB 0x0000000088000000| Untracked 
|  99|0x0000000088100000, 0x0000000088100000, 0x0000000088200000|  0%| F|  |TAMS 0x0000000088100000| PB 0x0000000088100000| Untracked 
| 100|0x0000000088200000, 0x0000000088200000, 0x0000000088300000|  0%| F|  |TAMS 0x0000000088200000| PB 0x0000000088200000| Untracked 
| 101|0x0000000088300000, 0x0000000088300000, 0x0000000088400000|  0%| F|  |TAMS 0x0000000088300000| PB 0x0000000088300000| Untracked 
| 102|0x0000000088400000, 0x0000000088500000, 0x0000000088500000|100%| S|CS|TAMS 0x0000000088400000| PB 0x0000000088400000| Complete 
| 103|0x0000000088500000, 0x0000000088600000, 0x0000000088600000|100%| S|CS|TAMS 0x0000000088500000| PB 0x0000000088500000| Complete 
| 104|0x0000000088600000, 0x0000000088700000, 0x0000000088700000|100%| S|CS|TAMS 0x0000000088600000| PB 0x0000000088600000| Complete 
| 105|0x0000000088700000, 0x0000000088700000, 0x0000000088800000|  0%| F|  |TAMS 0x0000000088700000| PB 0x0000000088700000| Untracked 
| 106|0x0000000088800000, 0x0000000088800000, 0x0000000088900000|  0%| F|  |TAMS 0x0000000088800000| PB 0x0000000088800000| Untracked 
| 107|0x0000000088900000, 0x0000000088900000, 0x0000000088a00000|  0%| F|  |TAMS 0x0000000088900000| PB 0x0000000088900000| Untracked 
| 108|0x0000000088a00000, 0x0000000088a00000, 0x0000000088b00000|  0%| F|  |TAMS 0x0000000088a00000| PB 0x0000000088a00000| Untracked 
| 109|0x0000000088b00000, 0x0000000088b00000, 0x0000000088c00000|  0%| F|  |TAMS 0x0000000088b00000| PB 0x0000000088b00000| Untracked 
| 110|0x0000000088c00000, 0x0000000088c00000, 0x0000000088d00000|  0%| F|  |TAMS 0x0000000088c00000| PB 0x0000000088c00000| Untracked 
| 111|0x0000000088d00000, 0x0000000088df07a8, 0x0000000088e00000| 93%| E|  |TAMS 0x0000000088d00000| PB 0x0000000088d00000| Complete 
| 112|0x0000000088e00000, 0x0000000088f00000, 0x0000000088f00000|100%| E|CS|TAMS 0x0000000088e00000| PB 0x0000000088e00000| Complete 
| 113|0x0000000088f00000, 0x0000000089000000, 0x0000000089000000|100%| E|CS|TAMS 0x0000000088f00000| PB 0x0000000088f00000| Complete 
| 114|0x0000000089000000, 0x0000000089100000, 0x0000000089100000|100%| E|CS|TAMS 0x0000000089000000| PB 0x0000000089000000| Complete 
| 115|0x0000000089100000, 0x0000000089200000, 0x0000000089200000|100%| E|CS|TAMS 0x0000000089100000| PB 0x0000000089100000| Complete 
| 116|0x0000000089200000, 0x0000000089300000, 0x0000000089300000|100%| E|CS|TAMS 0x0000000089200000| PB 0x0000000089200000| Complete 
| 117|0x0000000089300000, 0x0000000089400000, 0x0000000089400000|100%| E|CS|TAMS 0x0000000089300000| PB 0x0000000089300000| Complete 
| 118|0x0000000089400000, 0x0000000089500000, 0x0000000089500000|100%| E|CS|TAMS 0x0000000089400000| PB 0x0000000089400000| Complete 
| 119|0x0000000089500000, 0x0000000089600000, 0x0000000089600000|100%| E|CS|TAMS 0x0000000089500000| PB 0x0000000089500000| Complete 
| 120|0x0000000089600000, 0x0000000089700000, 0x0000000089700000|100%| E|CS|TAMS 0x0000000089600000| PB 0x0000000089600000| Complete 
| 121|0x0000000089700000, 0x0000000089800000, 0x0000000089800000|100%| E|CS|TAMS 0x0000000089700000| PB 0x0000000089700000| Complete 
| 122|0x0000000089800000, 0x0000000089900000, 0x0000000089900000|100%| E|CS|TAMS 0x0000000089800000| PB 0x0000000089800000| Complete 
| 123|0x0000000089900000, 0x0000000089a00000, 0x0000000089a00000|100%| E|CS|TAMS 0x0000000089900000| PB 0x0000000089900000| Complete 
| 124|0x0000000089a00000, 0x0000000089b00000, 0x0000000089b00000|100%| E|CS|TAMS 0x0000000089a00000| PB 0x0000000089a00000| Complete 
| 125|0x0000000089b00000, 0x0000000089c00000, 0x0000000089c00000|100%| E|CS|TAMS 0x0000000089b00000| PB 0x0000000089b00000| Complete 
| 126|0x0000000089c00000, 0x0000000089d00000, 0x0000000089d00000|100%| E|CS|TAMS 0x0000000089c00000| PB 0x0000000089c00000| Complete 
| 127|0x0000000089d00000, 0x0000000089e00000, 0x0000000089e00000|100%| E|CS|TAMS 0x0000000089d00000| PB 0x0000000089d00000| Complete 

Card table byte_map: [0x0000028c2f8a0000,0x0000028c2fca0000] _byte_map_base: 0x0000028c2f491000

Marking Bits: (CMBitMap*) 0x0000028c17d35650
 Bits: [0x0000028c2fca0000, 0x0000028c31c28000)

Polling page: 0x0000028c15c10000

Metaspace:

Usage:
  Non-class:     11.09 MB used.
      Class:      1.82 MB used.
       Both:     12.91 MB used.

Virtual space:
  Non-class space:       64.00 MB reserved,      11.25 MB ( 18%) committed,  1 nodes.
      Class space:        1.00 GB reserved,       1.94 MB ( <1%) committed,  1 nodes.
             Both:        1.06 GB reserved,      13.19 MB (  1%) committed. 

Chunk freelists:
   Non-Class:  4.62 MB
       Class:  13.95 MB
        Both:  18.58 MB

MaxMetaspaceSize: unlimited
CompressedClassSpaceSize: 1.00 GB
Initial GC threshold: 21.00 MB
Current GC threshold: 21.00 MB
CDS: on
 - commit_granule_bytes: 65536.
 - commit_granule_words: 8192.
 - virtual_space_node_default_size: 8388608.
 - enlarge_chunks_in_place: 1.
 - use_allocation_guard: 0.


Internal statistics:

num_allocs_failed_limit: 0.
num_arena_births: 340.
num_arena_deaths: 0.
num_vsnodes_births: 2.
num_vsnodes_deaths: 0.
num_space_committed: 211.
num_space_uncommitted: 0.
num_chunks_returned_to_freelist: 0.
num_chunks_taken_from_freelist: 773.
num_chunk_merges: 0.
num_chunk_splits: 510.
num_chunks_enlarged: 352.
num_inconsistent_stats: 0.

CodeHeap 'non-profiled nmethods': size=120000Kb used=647Kb max_used=647Kb free=119352Kb
 bounds [0x0000028c27c30000, 0x0000028c27ea0000, 0x0000028c2f160000]
CodeHeap 'profiled nmethods': size=120000Kb used=3449Kb max_used=3449Kb free=116550Kb
 bounds [0x0000028c20160000, 0x0000028c204c0000, 0x0000028c27690000]
CodeHeap 'non-nmethods': size=5760Kb used=1750Kb max_used=1750Kb free=4009Kb
 bounds [0x0000028c27690000, 0x0000028c27900000, 0x0000028c27c30000]
 total_blobs=2684 nmethods=1913 adapters=675
 compilation: enabled
              stopped_count=0, restarted_count=0
 full_count=0

Compilation events (20 events):
Event: 1.521 Thread 0x0000028c3467e720 nmethod 1865 0x0000028c27cd1290 code [0x0000028c27cd1420, 0x0000028c27cd14c8]
Event: 1.521 Thread 0x0000028c3467e720 1887       4       java.lang.String::regionMatches (150 bytes)
Event: 1.532 Thread 0x0000028c3467e720 nmethod 1887 0x0000028c27cd1590 code [0x0000028c27cd1740, 0x0000028c27cd1ab8]
Event: 1.533 Thread 0x0000028c3467e720 1907   !   4       java.net.URL::<init> (543 bytes)
Event: 1.548 Thread 0x0000028c346823e0 1908       3       java.lang.invoke.DirectMethodHandle$Holder::invokeStatic (20 bytes)
Event: 1.549 Thread 0x0000028c346823e0 nmethod 1908 0x0000028c204bb410 code [0x0000028c204bb5e0, 0x0000028c204bbb28]
Event: 1.549 Thread 0x0000028c346823e0 1909       3       java.lang.invoke.BoundMethodHandle$Species_LL::make (12 bytes)
Event: 1.550 Thread 0x0000028c346823e0 nmethod 1909 0x0000028c204bbc90 code [0x0000028c204bbe40, 0x0000028c204bc108]
Event: 1.550 Thread 0x0000028c346823e0 1911       3       sun.invoke.util.VerifyAccess::getClassModifiers (24 bytes)
Event: 1.550 Thread 0x0000028c346823e0 nmethod 1911 0x0000028c204bc210 code [0x0000028c204bc3e0, 0x0000028c204bc628]
Event: 1.553 Thread 0x0000028c346823e0 1912       3       java.lang.invoke.ClassSpecializer$SpeciesData::factory (14 bytes)
Event: 1.554 Thread 0x0000028c346823e0 nmethod 1912 0x0000028c204bc710 code [0x0000028c204bc8c0, 0x0000028c204bcb90]
Event: 1.556 Thread 0x0000028c346823e0 1914       3       java.lang.Math::max (45 bytes)
Event: 1.557 Thread 0x0000028c346823e0 nmethod 1914 0x0000028c204bcc90 code [0x0000028c204bce40, 0x0000028c204bd180]
Event: 1.571 Thread 0x0000028c346823e0 1915       3       java.lang.invoke.InvokerBytecodeGenerator::assertStaticType (58 bytes)
Event: 1.571 Thread 0x0000028c346823e0 nmethod 1915 0x0000028c204bd210 code [0x0000028c204bd400, 0x0000028c204bd8f0]
Event: 1.571 Thread 0x0000028c346823e0 1916       3       java.lang.invoke.MethodHandleNatives::refKindIsGetter (32 bytes)
Event: 1.572 Thread 0x0000028c346823e0 nmethod 1916 0x0000028c204bdb10 code [0x0000028c204bdca0, 0x0000028c204bddf8]
Event: 1.588 Thread 0x0000028c346823e0 1918       3       java.util.concurrent.locks.ReentrantLock$Sync::tryRelease (51 bytes)
Event: 1.589 Thread 0x0000028c346823e0 nmethod 1918 0x0000028c204bde90 code [0x0000028c204be060, 0x0000028c204be388]

GC Heap History (2 events):
Event: 0.927 GC heap before
{Heap before GC invocations=0 (full 0):
 garbage-first heap   total 131072K, used 22528K [0x0000000081e00000, 0x0000000100000000)
  region size 1024K, 23 young (23552K), 0 survivors (0K)
 Metaspace       used 8084K, committed 8256K, reserved 1114112K
  class space    used 1022K, committed 1088K, reserved 1048576K
}
Event: 0.932 GC heap after
{Heap after GC invocations=1 (full 0):
 garbage-first heap   total 131072K, used 4895K [0x0000000081e00000, 0x0000000100000000)
  region size 1024K, 3 young (3072K), 3 survivors (3072K)
 Metaspace       used 8084K, committed 8256K, reserved 1114112K
  class space    used 1022K, committed 1088K, reserved 1048576K
}

Dll operation events (20 events):
Event: 0.438 Loaded shared library C:\Users\Etudiant\.openjfx\cache\21+31\amd64\api-ms-win-crt-heap-l1-1-0.dll
Event: 0.441 Loaded shared library C:\Users\Etudiant\.openjfx\cache\21+31\amd64\api-ms-win-crt-locale-l1-1-0.dll
Event: 0.447 Loaded shared library C:\Users\Etudiant\.openjfx\cache\21+31\amd64\api-ms-win-crt-math-l1-1-0.dll
Event: 0.450 Loaded shared library C:\Users\Etudiant\.openjfx\cache\21+31\amd64\api-ms-win-crt-multibyte-l1-1-0.dll
Event: 0.454 Loaded shared library C:\Users\Etudiant\.openjfx\cache\21+31\amd64\api-ms-win-crt-private-l1-1-0.dll
Event: 0.457 Loaded shared library C:\Users\Etudiant\.openjfx\cache\21+31\amd64\api-ms-win-crt-process-l1-1-0.dll
Event: 0.462 Loaded shared library C:\Users\Etudiant\.openjfx\cache\21+31\amd64\api-ms-win-crt-runtime-l1-1-0.dll
Event: 0.466 Loaded shared library C:\Users\Etudiant\.openjfx\cache\21+31\amd64\api-ms-win-crt-stdio-l1-1-0.dll
Event: 0.469 Loaded shared library C:\Users\Etudiant\.openjfx\cache\21+31\amd64\api-ms-win-crt-string-l1-1-0.dll
Event: 0.472 Loaded shared library C:\Users\Etudiant\.openjfx\cache\21+31\amd64\api-ms-win-crt-time-l1-1-0.dll
Event: 0.477 Loaded shared library C:\Users\Etudiant\.openjfx\cache\21+31\amd64\api-ms-win-crt-utility-l1-1-0.dll
Event: 0.493 Loaded shared library C:\Users\Etudiant\.openjfx\cache\21+31\amd64\ucrtbase.dll
Event: 0.498 Loaded shared library C:\Users\Etudiant\.openjfx\cache\21+31\amd64\vcruntime140.dll
Event: 0.501 Loaded shared library C:\Users\Etudiant\.openjfx\cache\21+31\amd64\vcruntime140_1.dll
Event: 0.512 Loaded shared library C:\Users\Etudiant\.openjfx\cache\21+31\amd64\msvcp140.dll
Event: 0.514 Loaded shared library C:\Users\Etudiant\.openjfx\cache\21+31\amd64\msvcp140_1.dll
Event: 0.519 Loaded shared library C:\Users\Etudiant\.openjfx\cache\21+31\amd64\msvcp140_2.dll
Event: 0.566 Loaded shared library C:\Users\Etudiant\.openjfx\cache\21+31\amd64\prism_d3d.dll
Event: 0.624 Loaded shared library C:\Users\Etudiant\.openjfx\cache\21+31\amd64\glass.dll
Event: 0.816 Loaded shared library C:\Users\Etudiant\.openjfx\cache\21+31\amd64\javafx_font.dll

Deoptimization events (20 events):
Event: 1.303 Thread 0x0000028c7a72fed0 DEOPT PACKING pc=0x0000028c2041cc55 sp=0x0000009640ff8bb0
Event: 1.303 Thread 0x0000028c7a72fed0 DEOPT UNPACKING pc=0x0000028c276e4e42 sp=0x0000009640ff8020 mode 0
Event: 1.382 Thread 0x0000028c7a72fed0 Uncommon trap: trap_request=0xffffff45 fr.pc=0x0000028c27c4c520 relative=0x0000000000000200
Event: 1.382 Thread 0x0000028c7a72fed0 Uncommon trap: reason=unstable_if action=reinterpret pc=0x0000028c27c4c520 method=java.lang.StringUTF16.compress([CI[BII)I @ 20 c2
Event: 1.382 Thread 0x0000028c7a72fed0 DEOPT PACKING pc=0x0000028c27c4c520 sp=0x0000009640ffc170
Event: 1.382 Thread 0x0000028c7a72fed0 DEOPT UNPACKING pc=0x0000028c276e46a2 sp=0x0000009640ffc0e0 mode 2
Event: 1.414 Thread 0x0000028c7a72fed0 Uncommon trap: trap_request=0xffffff45 fr.pc=0x0000028c27c9b898 relative=0x00000000000001f8
Event: 1.414 Thread 0x0000028c7a72fed0 Uncommon trap: reason=unstable_if action=reinterpret pc=0x0000028c27c9b898 method=java.io.ByteArrayInputStream.read()I @ 8 c2
Event: 1.414 Thread 0x0000028c7a72fed0 DEOPT PACKING pc=0x0000028c27c9b898 sp=0x0000009640ffb850
Event: 1.414 Thread 0x0000028c7a72fed0 DEOPT UNPACKING pc=0x0000028c276e46a2 sp=0x0000009640ffb7f8 mode 2
Event: 1.469 Thread 0x0000028c7ec6cce0 Uncommon trap: trap_request=0xffffff45 fr.pc=0x0000028c27c9c2f4 relative=0x00000000000000d4
Event: 1.469 Thread 0x0000028c7ec6cce0 Uncommon trap: reason=unstable_if action=reinterpret pc=0x0000028c27c9c2f4 method=java.util.concurrent.locks.ReentrantLock$Sync.tryRelease(I)Z @ 26 c2
Event: 1.469 Thread 0x0000028c7ec6cce0 DEOPT PACKING pc=0x0000028c27c9c2f4 sp=0x00000096420feee0
Event: 1.469 Thread 0x0000028c7ec6cce0 DEOPT UNPACKING pc=0x0000028c276e46a2 sp=0x00000096420fee80 mode 2
Event: 1.530 Thread 0x0000028c7a6c1f20 DEOPT PACKING pc=0x0000028c2041cc55 sp=0x0000009640dfa360
Event: 1.530 Thread 0x0000028c7a6c1f20 DEOPT UNPACKING pc=0x0000028c276e4e42 sp=0x0000009640df97d0 mode 0
Event: 1.554 Thread 0x0000028c7a6c1f20 Uncommon trap: trap_request=0xffffffde fr.pc=0x0000028c27c9efec relative=0x00000000000004ec
Event: 1.554 Thread 0x0000028c7a6c1f20 Uncommon trap: reason=class_check action=maybe_recompile pc=0x0000028c27c9efec method=java.io.BufferedInputStream.read1([BII)I @ 52 c2
Event: 1.554 Thread 0x0000028c7a6c1f20 DEOPT PACKING pc=0x0000028c27c9efec sp=0x0000009640dfdc00
Event: 1.554 Thread 0x0000028c7a6c1f20 DEOPT UNPACKING pc=0x0000028c276e46a2 sp=0x0000009640dfdbb8 mode 2

Classes loaded (20 events):
Event: 1.506 Loading class java/util/EnumMap$Values
Event: 1.506 Loading class java/util/EnumMap$Values done
Event: 1.506 Loading class java/util/EnumMap$ValueIterator
Event: 1.506 Loading class java/util/EnumMap$EnumMapIterator
Event: 1.506 Loading class java/util/EnumMap$EnumMapIterator done
Event: 1.506 Loading class java/util/EnumMap$ValueIterator done
Event: 1.554 Loading class java/nio/DirectByteBuffer$Deallocator
Event: 1.554 Loading class java/nio/DirectByteBuffer$Deallocator done
Event: 1.570 Loading class java/nio/ShortBuffer
Event: 1.570 Loading class java/nio/ShortBuffer done
Event: 1.570 Loading class java/nio/FloatBuffer
Event: 1.570 Loading class java/nio/FloatBuffer done
Event: 1.570 Loading class java/nio/DoubleBuffer
Event: 1.571 Loading class java/nio/DoubleBuffer done
Event: 1.572 Loading class java/nio/DirectFloatBufferU
Event: 1.572 Loading class java/nio/DirectFloatBufferU done
Event: 1.584 Loading class java/lang/Throwable$WrappedPrintStream
Event: 1.584 Loading class java/lang/Throwable$PrintStreamOrWriter
Event: 1.584 Loading class java/lang/Throwable$PrintStreamOrWriter done
Event: 1.584 Loading class java/lang/Throwable$WrappedPrintStream done

Classes unloaded (0 events):
No events

Classes redefined (0 events):
No events

Internal exceptions (20 events):
Event: 1.100 Thread 0x0000028c7a72fed0 Exception <a 'java/lang/NoSuchMethodError'{0x0000000089748a58}: 'void java.lang.invoke.DirectMethodHandle$Holder.invokeSpecial(java.lang.Object, java.lang.Object, int)'> (0x0000000089748a58) 
thrown [s\open\src\hotspot\share\interpreter\linkResolver.cpp, line 773]
Event: 1.100 Thread 0x0000028c7a72fed0 Exception <a 'java/lang/NoSuchMethodError'{0x000000008974cc90}: 'int java.lang.invoke.DirectMethodHandle$Holder.invokeSpecial(java.lang.Object, java.lang.Object, java.lang.Object, int)'> (0x000000008974cc90) 
thrown [s\open\src\hotspot\share\interpreter\linkResolver.cpp, line 773]
Event: 1.101 Thread 0x0000028c7a72fed0 Exception <a 'java/lang/NoSuchMethodError'{0x0000000089756b68}: 'void java.lang.invoke.DelegatingMethodHandle$Holder.reinvoke_L(java.lang.Object, java.lang.Object, int)'> (0x0000000089756b68) 
thrown [s\open\src\hotspot\share\interpreter\linkResolver.cpp, line 773]
Event: 1.101 Thread 0x0000028c7a72fed0 Exception <a 'java/lang/NoSuchMethodError'{0x000000008975d848}: 'int java.lang.invoke.DirectMethodHandle$Holder.invokeSpecial(java.lang.Object, java.lang.Object, java.lang.Object)'> (0x000000008975d848) 
thrown [s\open\src\hotspot\share\interpreter\linkResolver.cpp, line 773]
Event: 1.120 Thread 0x0000028c7a72fed0 Exception <a 'java/lang/NoSuchMethodError'{0x00000000897def48}: 'java.lang.Object java.lang.invoke.DelegatingMethodHandle$Holder.reinvoke_L(java.lang.Object, double, double, double, double)'> (0x00000000897def48) 
thrown [s\open\src\hotspot\share\interpreter\linkResolver.cpp, line 773]
Event: 1.121 Thread 0x0000028c7a72fed0 Exception <a 'java/lang/NoSuchMethodError'{0x00000000897e9c58}: 'java.lang.Object java.lang.invoke.DirectMethodHandle$Holder.invokeStatic(java.lang.Object, java.lang.Object, int)'> (0x00000000897e9c58) 
thrown [s\open\src\hotspot\share\interpreter\linkResolver.cpp, line 773]
Event: 1.121 Thread 0x0000028c7a72fed0 Exception <a 'java/lang/NoSuchMethodError'{0x00000000897ee060}: 'void java.lang.invoke.DirectMethodHandle$Holder.invokeStatic(java.lang.Object, java.lang.Object, int, java.lang.Object)'> (0x00000000897ee060) 
thrown [s\open\src\hotspot\share\interpreter\linkResolver.cpp, line 773]
Event: 1.122 Thread 0x0000028c7a72fed0 Exception <a 'java/lang/NoSuchMethodError'{0x00000000897f4ad0}: 'void java.lang.invoke.DelegatingMethodHandle$Holder.delegate(java.lang.Object, java.lang.Object, int, java.lang.Object)'> (0x00000000897f4ad0) 
thrown [s\open\src\hotspot\share\interpreter\linkResolver.cpp, line 773]
Event: 1.128 Thread 0x0000028c7a72fed0 Exception <a 'java/lang/NoSuchMethodError'{0x0000000089617fa8}: 'void java.lang.invoke.DirectMethodHandle$Holder.invokeSpecial(java.lang.Object, java.lang.Object, java.lang.Object, java.lang.Object, java.lang.Object)'> (0x0000000089617fa8) 
thrown [s\open\src\hotspot\share\interpreter\linkResolver.cpp, line 773]
Event: 1.137 Thread 0x0000028c7a72fed0 Exception <a 'java/io/FileNotFoundException'{0x000000008965e928}> (0x000000008965e928) 
thrown [s\open\src\hotspot\share\prims\jni.cpp, line 520]
Event: 1.169 Thread 0x0000028c7a72fed0 Implicit null exception at 0x0000028c27ca1e20 to 0x0000028c27ca206c
Event: 1.312 Thread 0x0000028c7a72fed0 Exception <a 'java/lang/NoSuchMethodError'{0x00000000892f8130}: 'java.lang.Object java.lang.invoke.DirectMethodHandle$Holder.invokeInterface(java.lang.Object, java.lang.Object, java.lang.Object)'> (0x00000000892f8130) 
thrown [s\open\src\hotspot\share\interpreter\linkResolver.cpp, line 773]
Event: 1.312 Thread 0x0000028c7a72fed0 Exception <a 'java/lang/IncompatibleClassChangeError'{0x00000000892fb7d8}: Found class java.lang.Object, but interface was expected> (0x00000000892fb7d8) 
thrown [s\open\src\hotspot\share\interpreter\linkResolver.cpp, line 840]
Event: 1.419 Thread 0x0000028c7a72fed0 Exception <a 'java/lang/NoSuchMethodError'{0x0000000088f566f0}: 'int java.lang.invoke.DirectMethodHandle$Holder.invokeSpecial(java.lang.Object, java.lang.Object, int)'> (0x0000000088f566f0) 
thrown [s\open\src\hotspot\share\interpreter\linkResolver.cpp, line 773]
Event: 1.432 Thread 0x0000028c7a72fed0 Exception <a 'java/lang/NoSuchMethodError'{0x0000000088f9e9d8}: 'java.lang.Object java.lang.invoke.DirectMethodHandle$Holder.newInvokeSpecial(java.lang.Object, java.lang.Object, int)'> (0x0000000088f9e9d8) 
thrown [s\open\src\hotspot\share\interpreter\linkResolver.cpp, line 773]
Event: 1.470 Thread 0x0000028c7ec6d370 Exception <a 'java/lang/NoSuchMethodError'{0x0000000088fd3ff8}: 'void java.lang.invoke.DirectMethodHandle$Holder.invokeStatic(java.lang.Object, long)'> (0x0000000088fd3ff8) 
thrown [s\open\src\hotspot\share\interpreter\linkResolver.cpp, line 773]
Event: 1.471 Thread 0x0000028c7ec6d370 Exception <a 'java/lang/NoSuchMethodError'{0x0000000088fd8ad0}: 'java.lang.Object java.lang.invoke.DirectMethodHandle$Holder.newInvokeSpecial(java.lang.Object, long)'> (0x0000000088fd8ad0) 
thrown [s\open\src\hotspot\share\interpreter\linkResolver.cpp, line 773]
Event: 1.473 Thread 0x0000028c7ec6d370 Exception <a 'java/lang/NoSuchMethodError'{0x0000000088fdfc18}: 'java.lang.Object java.lang.invoke.DirectMethodHandle$Holder.invokeStatic(java.lang.Object, long, java.lang.Object)'> (0x0000000088fdfc18) 
thrown [s\open\src\hotspot\share\interpreter\linkResolver.cpp, line 773]
Event: 1.474 Thread 0x0000028c7ec6d370 Exception <a 'java/lang/NoSuchMethodError'{0x0000000088fe2fc0}: 'java.lang.Object java.lang.invoke.DirectMethodHandle$Holder.invokeStaticInit(java.lang.Object, long, java.lang.Object)'> (0x0000000088fe2fc0) 
thrown [s\open\src\hotspot\share\interpreter\linkResolver.cpp, line 773]
Event: 1.503 Thread 0x0000028c7a6c1f20 Exception <a 'java/lang/NoSuchMethodError'{0x0000000088ec12b8}: 'int java.lang.invoke.DirectMethodHandle$Holder.invokeStaticInit(java.lang.Object, java.lang.Object)'> (0x0000000088ec12b8) 
thrown [s\open\src\hotspot\share\interpreter\linkResolver.cpp, line 773]

ZGC Phase Switch (0 events):
No events

VM Operations (20 events):
Event: 0.139 Executing VM operation: HandshakeAllThreads (Deoptimize)
Event: 0.139 Executing VM operation: HandshakeAllThreads (Deoptimize) done
Event: 0.266 Executing VM operation: HandshakeAllThreads (Deoptimize)
Event: 0.266 Executing VM operation: HandshakeAllThreads (Deoptimize) done
Event: 0.287 Executing VM operation: HandshakeAllThreads (Deoptimize)
Event: 0.287 Executing VM operation: HandshakeAllThreads (Deoptimize) done
Event: 0.617 Executing VM operation: HandshakeAllThreads (Deoptimize)
Event: 0.617 Executing VM operation: HandshakeAllThreads (Deoptimize) done
Event: 0.927 Executing VM operation: G1CollectForAllocation (G1 Evacuation Pause)
Event: 0.932 Executing VM operation: G1CollectForAllocation (G1 Evacuation Pause) done
Event: 1.119 Executing VM operation: HandshakeAllThreads (Deoptimize)
Event: 1.119 Executing VM operation: HandshakeAllThreads (Deoptimize) done
Event: 1.121 Executing VM operation: HandshakeAllThreads (Deoptimize)
Event: 1.121 Executing VM operation: HandshakeAllThreads (Deoptimize) done
Event: 1.295 Executing VM operation: HandshakeAllThreads (Deoptimize)
Event: 1.295 Executing VM operation: HandshakeAllThreads (Deoptimize) done
Event: 1.305 Executing VM operation: ICBufferFull
Event: 1.305 Executing VM operation: ICBufferFull done
Event: 1.479 Executing VM operation: HandshakeAllThreads (Deoptimize)
Event: 1.479 Executing VM operation: HandshakeAllThreads (Deoptimize) done

Events (20 events):
Event: 0.057 Thread 0x0000028c34667ae0 Thread added: 0x0000028c34667ae0
Event: 0.057 Thread 0x0000028c34668740 Thread added: 0x0000028c34668740
Event: 0.057 Thread 0x0000028c3466d2c0 Thread added: 0x0000028c3466d2c0
Event: 0.057 Thread 0x0000028c3466ed30 Thread added: 0x0000028c3466ed30
Event: 0.057 Thread 0x0000028c3466fa10 Thread added: 0x0000028c3466fa10
Event: 0.057 Thread 0x0000028c34672480 Thread added: 0x0000028c34672480
Event: 0.058 Thread 0x0000028c3467e720 Thread added: 0x0000028c3467e720
Event: 0.058 Thread 0x0000028c346823e0 Thread added: 0x0000028c346823e0
Event: 0.097 Thread 0x0000028c348f1c70 Thread added: 0x0000028c348f1c70
Event: 0.100 Thread 0x0000028c348f68d0 Thread added: 0x0000028c348f68d0
Event: 0.165 Thread 0x0000028c349d2e50 Thread added: 0x0000028c349d2e50
Event: 0.555 Thread 0x0000028c7a6c1f20 Thread added: 0x0000028c7a6c1f20
Event: 0.630 Thread 0x0000028c7a763340 Thread added: 0x0000028c7a763340
Event: 0.633 Thread 0x0000028c7a72fed0 Thread added: 0x0000028c7a72fed0
Event: 0.723 Thread 0x0000028c7e95ebc0 Thread added: 0x0000028c7e95ebc0
Event: 1.300 Thread 0x0000028c7ebcffb0 Thread added: 0x0000028c7ebcffb0
Event: 1.457 Thread 0x0000028c7ec6d370 Thread added: 0x0000028c7ec6d370
Event: 1.459 Thread 0x0000028c7ec6cce0 Thread added: 0x0000028c7ec6cce0
Event: 1.465 Thread 0x0000028c7ec6edb0 Thread added: 0x0000028c7ec6edb0
Event: 1.486 Thread 0x0000028c7ec6d370 Thread exited: 0x0000028c7ec6d370


Dynamic libraries:
0x00007ff79fdc0000 - 0x00007ff79fdd0000 	C:\Program Files\Java\jdk-21\bin\java.exe
0x00007ff921030000 - 0x00007ff921228000 	C:\Windows\SYSTEM32\ntdll.dll
0x00007ff920b00000 - 0x00007ff920bbd000 	C:\Windows\System32\KERNEL32.DLL
0x00007ff91e8b0000 - 0x00007ff91eb7e000 	C:\Windows\System32\KERNELBASE.dll
0x00007ff91eea0000 - 0x00007ff91efa0000 	C:\Windows\System32\ucrtbase.dll
0x00007ff90dba0000 - 0x00007ff90dbbb000 	C:\Program Files\Java\jdk-21\bin\VCRUNTIME140.dll
0x00007ff91a290000 - 0x00007ff91a2a9000 	C:\Program Files\Java\jdk-21\bin\jli.dll
0x00007ff91fc60000 - 0x00007ff91fd0e000 	C:\Windows\System32\ADVAPI32.dll
0x00007ff91fdb0000 - 0x00007ff91fe4e000 	C:\Windows\System32\msvcrt.dll
0x00007ff91fe50000 - 0x00007ff91feec000 	C:\Windows\System32\sechost.dll
0x00007ff920c70000 - 0x00007ff920d95000 	C:\Windows\System32\RPCRT4.dll
0x00007ff91f8b0000 - 0x00007ff91fa50000 	C:\Windows\System32\USER32.dll
0x00007ff8f6080000 - 0x00007ff8f631a000 	C:\Windows\WinSxS\amd64_microsoft.windows.common-controls_6595b64144ccf1df_6.0.19041.1110_none_60b5254171f9507e\COMCTL32.dll
0x00007ff91eb80000 - 0x00007ff91eba2000 	C:\Windows\System32\win32u.dll
0x00007ff920460000 - 0x00007ff92048a000 	C:\Windows\System32\GDI32.dll
0x00007ff91ed90000 - 0x00007ff91ee9b000 	C:\Windows\System32\gdi32full.dll
0x00007ff91ec60000 - 0x00007ff91ecfd000 	C:\Windows\System32\msvcp_win.dll
0x00007ff919090000 - 0x00007ff91909a000 	C:\Windows\SYSTEM32\VERSION.dll
0x00007ff91fd80000 - 0x00007ff91fdb0000 	C:\Windows\System32\IMM32.DLL
0x00007ff91bed0000 - 0x00007ff91bedc000 	C:\Program Files\Java\jdk-21\bin\vcruntime140_1.dll
0x00007ff8cd340000 - 0x00007ff8cd3ce000 	C:\Program Files\Java\jdk-21\bin\msvcp140.dll
0x00007ff8b8130000 - 0x00007ff8b8e3d000 	C:\Program Files\Java\jdk-21\bin\server\jvm.dll
0x00007ff91fef0000 - 0x00007ff91ff5b000 	C:\Windows\System32\WS2_32.dll
0x00007ff91e510000 - 0x00007ff91e55b000 	C:\Windows\SYSTEM32\POWRPROF.dll
0x00007ff9090a0000 - 0x00007ff9090c7000 	C:\Windows\SYSTEM32\WINMM.dll
0x00007ff91e4f0000 - 0x00007ff91e502000 	C:\Windows\SYSTEM32\UMPDC.dll
0x00007ff91c630000 - 0x00007ff91c642000 	C:\Windows\SYSTEM32\kernel.appcore.dll
0x00007ff91a280000 - 0x00007ff91a28a000 	C:\Program Files\Java\jdk-21\bin\jimage.dll
0x00007ff909160000 - 0x00007ff909344000 	C:\Windows\SYSTEM32\DBGHELP.DLL
0x00007ff908e80000 - 0x00007ff908eac000 	C:\Windows\SYSTEM32\dbgcore.DLL
0x00007ff91ed00000 - 0x00007ff91ed82000 	C:\Windows\System32\bcryptPrimitives.dll
0x00007ff908580000 - 0x00007ff90859f000 	C:\Program Files\Java\jdk-21\bin\java.dll
0x00007ff91f160000 - 0x00007ff91f8a4000 	C:\Windows\System32\SHELL32.dll
0x00007ff91c830000 - 0x00007ff91cfc4000 	C:\Windows\SYSTEM32\windows.storage.dll
0x00007ff920620000 - 0x00007ff920974000 	C:\Windows\System32\combase.dll
0x00007ff91e000000 - 0x00007ff91e030000 	C:\Windows\SYSTEM32\Wldp.dll
0x00007ff920da0000 - 0x00007ff920e4d000 	C:\Windows\System32\SHCORE.dll
0x00007ff920490000 - 0x00007ff9204e5000 	C:\Windows\System32\shlwapi.dll
0x00007ff91e690000 - 0x00007ff91e6af000 	C:\Windows\SYSTEM32\profapi.dll
0x00007ff8bdbc0000 - 0x00007ff8bdc97000 	C:\Program Files\Java\jdk-21\bin\jsvml.dll
0x00007ff9188e0000 - 0x00007ff9188f0000 	C:\Program Files\Java\jdk-21\bin\net.dll
0x00007ff918db0000 - 0x00007ff918eba000 	C:\Windows\SYSTEM32\WINHTTP.dll
0x00007ff91dde0000 - 0x00007ff91de4a000 	C:\Windows\system32\mswsock.dll
0x00007ff8f7df0000 - 0x00007ff8f7e06000 	C:\Program Files\Java\jdk-21\bin\nio.dll
0x00007ff8eb3e0000 - 0x00007ff8eb3f8000 	C:\Program Files\Java\jdk-21\bin\zip.dll
0x0000028c15ce0000 - 0x0000028c15ce3000 	C:\Users\Etudiant\.openjfx\cache\21+31\amd64\api-ms-win-core-console-l1-1-0.dll
0x0000028c15cf0000 - 0x0000028c15cf3000 	C:\Users\Etudiant\.openjfx\cache\21+31\amd64\api-ms-win-core-console-l1-2-0.dll
0x0000028c17be0000 - 0x0000028c17be3000 	C:\Users\Etudiant\.openjfx\cache\21+31\amd64\api-ms-win-core-datetime-l1-1-0.dll
0x0000028c17bf0000 - 0x0000028c17bf3000 	C:\Users\Etudiant\.openjfx\cache\21+31\amd64\api-ms-win-core-debug-l1-1-0.dll
0x0000028c17c00000 - 0x0000028c17c03000 	C:\Users\Etudiant\.openjfx\cache\21+31\amd64\api-ms-win-core-errorhandling-l1-1-0.dll
0x0000028c17c10000 - 0x0000028c17c14000 	C:\Users\Etudiant\.openjfx\cache\21+31\amd64\api-ms-win-core-file-l1-1-0.dll
0x0000028c17c20000 - 0x0000028c17c23000 	C:\Users\Etudiant\.openjfx\cache\21+31\amd64\api-ms-win-core-file-l1-2-0.dll
0x0000028c17c30000 - 0x0000028c17c33000 	C:\Users\Etudiant\.openjfx\cache\21+31\amd64\api-ms-win-core-file-l2-1-0.dll
0x0000028c17c40000 - 0x0000028c17c43000 	C:\Users\Etudiant\.openjfx\cache\21+31\amd64\api-ms-win-core-handle-l1-1-0.dll
0x0000028c17c50000 - 0x0000028c17c53000 	C:\Users\Etudiant\.openjfx\cache\21+31\amd64\api-ms-win-core-heap-l1-1-0.dll
0x0000028c17c60000 - 0x0000028c17c63000 	C:\Users\Etudiant\.openjfx\cache\21+31\amd64\api-ms-win-core-interlocked-l1-1-0.dll
0x0000028c17c70000 - 0x0000028c17c73000 	C:\Users\Etudiant\.openjfx\cache\21+31\amd64\api-ms-win-core-libraryloader-l1-1-0.dll
0x0000028c17c80000 - 0x0000028c17c83000 	C:\Users\Etudiant\.openjfx\cache\21+31\amd64\api-ms-win-core-localization-l1-2-0.dll
0x0000028c17c90000 - 0x0000028c17c93000 	C:\Users\Etudiant\.openjfx\cache\21+31\amd64\api-ms-win-core-memory-l1-1-0.dll
0x0000028c17ca0000 - 0x0000028c17ca3000 	C:\Users\Etudiant\.openjfx\cache\21+31\amd64\api-ms-win-core-namedpipe-l1-1-0.dll
0x0000028c34bf0000 - 0x0000028c34bf3000 	C:\Users\Etudiant\.openjfx\cache\21+31\amd64\api-ms-win-core-processenvironment-l1-1-0.dll
0x0000028c34c00000 - 0x0000028c34c03000 	C:\Users\Etudiant\.openjfx\cache\21+31\amd64\api-ms-win-core-processthreads-l1-1-0.dll
0x0000028c34c10000 - 0x0000028c34c13000 	C:\Users\Etudiant\.openjfx\cache\21+31\amd64\api-ms-win-core-processthreads-l1-1-1.dll
0x0000028c34c20000 - 0x0000028c34c23000 	C:\Users\Etudiant\.openjfx\cache\21+31\amd64\api-ms-win-core-profile-l1-1-0.dll
0x0000028c34c30000 - 0x0000028c34c33000 	C:\Users\Etudiant\.openjfx\cache\21+31\amd64\api-ms-win-core-rtlsupport-l1-1-0.dll
0x0000028c34c40000 - 0x0000028c34c43000 	C:\Users\Etudiant\.openjfx\cache\21+31\amd64\api-ms-win-core-string-l1-1-0.dll
0x0000028c34c50000 - 0x0000028c34c53000 	C:\Users\Etudiant\.openjfx\cache\21+31\amd64\api-ms-win-core-synch-l1-1-0.dll
0x0000028c34c60000 - 0x0000028c34c63000 	C:\Users\Etudiant\.openjfx\cache\21+31\amd64\api-ms-win-core-synch-l1-2-0.dll
0x0000028c34c70000 - 0x0000028c34c73000 	C:\Users\Etudiant\.openjfx\cache\21+31\amd64\api-ms-win-core-sysinfo-l1-1-0.dll
0x0000028c34c80000 - 0x0000028c34c83000 	C:\Users\Etudiant\.openjfx\cache\21+31\amd64\api-ms-win-core-timezone-l1-1-0.dll
0x0000028c34c90000 - 0x0000028c34c93000 	C:\Users\Etudiant\.openjfx\cache\21+31\amd64\api-ms-win-core-util-l1-1-0.dll
0x0000028c34ca0000 - 0x0000028c34ca3000 	C:\Users\Etudiant\.openjfx\cache\21+31\amd64\api-ms-win-crt-conio-l1-1-0.dll
0x0000028c34cb0000 - 0x0000028c34cb4000 	C:\Users\Etudiant\.openjfx\cache\21+31\amd64\api-ms-win-crt-convert-l1-1-0.dll
0x0000028c34cc0000 - 0x0000028c34cc3000 	C:\Users\Etudiant\.openjfx\cache\21+31\amd64\api-ms-win-crt-environment-l1-1-0.dll
0x0000028c34cd0000 - 0x0000028c34cd3000 	C:\Users\Etudiant\.openjfx\cache\21+31\amd64\api-ms-win-crt-filesystem-l1-1-0.dll
0x0000028c34ce0000 - 0x0000028c34ce3000 	C:\Users\Etudiant\.openjfx\cache\21+31\amd64\api-ms-win-crt-heap-l1-1-0.dll
0x0000028c34cf0000 - 0x0000028c34cf3000 	C:\Users\Etudiant\.openjfx\cache\21+31\amd64\api-ms-win-crt-locale-l1-1-0.dll
0x0000028c34d00000 - 0x0000028c34d05000 	C:\Users\Etudiant\.openjfx\cache\21+31\amd64\api-ms-win-crt-math-l1-1-0.dll
0x0000028c34d10000 - 0x0000028c34d15000 	C:\Users\Etudiant\.openjfx\cache\21+31\amd64\api-ms-win-crt-multibyte-l1-1-0.dll
0x0000028c34d20000 - 0x0000028c34d30000 	C:\Users\Etudiant\.openjfx\cache\21+31\amd64\api-ms-win-crt-private-l1-1-0.dll
0x0000028c34d30000 - 0x0000028c34d33000 	C:\Users\Etudiant\.openjfx\cache\21+31\amd64\api-ms-win-crt-process-l1-1-0.dll
0x0000028c34d40000 - 0x0000028c34d44000 	C:\Users\Etudiant\.openjfx\cache\21+31\amd64\api-ms-win-crt-runtime-l1-1-0.dll
0x0000028c34d50000 - 0x0000028c34d54000 	C:\Users\Etudiant\.openjfx\cache\21+31\amd64\api-ms-win-crt-stdio-l1-1-0.dll
0x0000028c34d60000 - 0x0000028c34d64000 	C:\Users\Etudiant\.openjfx\cache\21+31\amd64\api-ms-win-crt-string-l1-1-0.dll
0x0000028c34d70000 - 0x0000028c34d73000 	C:\Users\Etudiant\.openjfx\cache\21+31\amd64\api-ms-win-crt-time-l1-1-0.dll
0x0000028c34d80000 - 0x0000028c34d83000 	C:\Users\Etudiant\.openjfx\cache\21+31\amd64\api-ms-win-crt-utility-l1-1-0.dll
0x00007ff8bdac0000 - 0x00007ff8bdbbc000 	C:\Users\Etudiant\.openjfx\cache\21+31\amd64\ucrtbase.dll
0x00007ff8ead10000 - 0x00007ff8ead2b000 	C:\Users\Etudiant\.openjfx\cache\21+31\amd64\vcruntime140.dll
0x00007ff916240000 - 0x00007ff91624c000 	C:\Users\Etudiant\.openjfx\cache\21+31\amd64\vcruntime140_1.dll
0x00007ff8c4300000 - 0x00007ff8c438e000 	C:\Users\Etudiant\.openjfx\cache\21+31\amd64\msvcp140.dll
0x00007ff9204f0000 - 0x00007ff92061a000 	C:\Windows\System32\ole32.dll
0x00007ff9100f0000 - 0x00007ff9100f9000 	C:\Users\Etudiant\.openjfx\cache\21+31\amd64\msvcp140_1.dll
0x00007ff8eaa40000 - 0x00007ff8eaa6f000 	C:\Users\Etudiant\.openjfx\cache\21+31\amd64\msvcp140_2.dll
0x00007ff8e1a10000 - 0x00007ff8e1a3f000 	C:\Users\Etudiant\.openjfx\cache\21+31\amd64\prism_d3d.dll
0x00007ff8cd5d0000 - 0x00007ff8cd79f000 	C:\Windows\system32\d3d9.dll
0x00007ff91c340000 - 0x00007ff91c36f000 	C:\Windows\SYSTEM32\dwmapi.dll
0x00007ff91c150000 - 0x00007ff91c1ee000 	C:\Windows\system32\uxtheme.dll
0x00007ff8cd3d0000 - 0x00007ff8cd535000 	C:\Windows\System32\DriverStore\FileRepository\iigd_dch.inf_amd64_22e8552b44b17c6d\igdumdim64.dll
0x00007ff91eff0000 - 0x00007ff91f017000 	C:\Windows\System32\bcrypt.dll
0x00007ff8c9540000 - 0x00007ff8cd1cb000 	C:\Windows\System32\DriverStore\FileRepository\iigd_dch.inf_amd64_22e8552b44b17c6d\igd9dxva64.dll
0x00007ff91f090000 - 0x00007ff91f15d000 	C:\Windows\System32\OLEAUT32.dll
0x00007ff91ff60000 - 0x00007ff9203cf000 	C:\Windows\System32\SETUPAPI.dll
0x00007ff91efa0000 - 0x00007ff91efee000 	C:\Windows\System32\cfgmgr32.dll
0x00007ff9140b0000 - 0x00007ff9143e6000 	C:\Windows\System32\DriverStore\FileRepository\iigd_dch.inf_amd64_22e8552b44b17c6d\igdgmm64.dll
0x00007ff8e1410000 - 0x00007ff8e1452000 	C:\Users\Etudiant\.openjfx\cache\21+31\amd64\glass.dll
0x00007ff920f00000 - 0x00007ff920fda000 	C:\Windows\System32\COMDLG32.dll
0x00007ff920980000 - 0x00007ff920a95000 	C:\Windows\System32\MSCTF.dll
0x00007ff8c6e20000 - 0x00007ff8c6e47000 	C:\Windows\System32\DriverStore\FileRepository\iigd_dch.inf_amd64_22e8552b44b17c6d\igdinfo64.dll
0x00007ff910250000 - 0x00007ff912fdf000 	C:\Windows\System32\DriverStore\FileRepository\iigd_dch.inf_amd64_22e8552b44b17c6d\igc64.dll
0x00007ff916720000 - 0x00007ff91675b000 	C:\Windows\SYSTEM32\dxcore.dll
0x00007ff8eacf0000 - 0x00007ff8ead04000 	C:\Users\Etudiant\.openjfx\cache\21+31\amd64\javafx_font.dll
0x00007ff90ea70000 - 0x00007ff90ecef000 	C:\Windows\SYSTEM32\dwrite.dll
0x00007ff920e50000 - 0x00007ff920ef9000 	C:\Windows\System32\clbcatq.dll
0x00007ff918ac0000 - 0x00007ff918c74000 	C:\Windows\SYSTEM32\WindowsCodecs.dll
0x00007ff8dd170000 - 0x00007ff8dd1ae000 	C:\Windows\system32\dataexchange.dll
0x00007ff91a460000 - 0x00007ff91a6c3000 	C:\Windows\system32\d3d11.dll
0x00007ff91b390000 - 0x00007ff91b574000 	C:\Windows\system32\dcomp.dll
0x00007ff91d010000 - 0x00007ff91d103000 	C:\Windows\system32\dxgi.dll
0x00007ff919110000 - 0x00007ff919310000 	C:\Windows\system32\twinapi.appcore.dll
0x00007ff90e490000 - 0x00007ff90e4c4000 	C:\Program Files\Common Files\Microsoft Shared\Ink\rtscom.dll
0x00007ff917410000 - 0x00007ff917509000 	C:\Windows\SYSTEM32\textinputframework.dll
0x00007ff91b900000 - 0x00007ff91bc5e000 	C:\Windows\System32\CoreUIComponents.dll
0x00007ff91bc60000 - 0x00007ff91bd52000 	C:\Windows\System32\CoreMessaging.dll
0x00007ff91b230000 - 0x00007ff91b384000 	C:\Windows\SYSTEM32\wintypes.dll
0x00007ff91d410000 - 0x00007ff91d443000 	C:\Windows\SYSTEM32\ntmarta.dll

dbghelp: loaded successfully - version: 4.0.5 - missing functions: none
symbol engine: initialized successfully - sym options: 0x614 - pdb path: .;C:\Program Files\Java\jdk-21\bin;C:\Windows\SYSTEM32;C:\Windows\WinSxS\amd64_microsoft.windows.common-controls_6595b64144ccf1df_6.0.19041.1110_none_60b5254171f9507e;C:\Program Files\Java\jdk-21\bin\server;C:\Users\Etudiant\.openjfx\cache\21+31\amd64;C:\Windows\System32\DriverStore\FileRepository\iigd_dch.inf_amd64_22e8552b44b17c6d;C:\Program Files\Common Files\Microsoft Shared\Ink

VM Arguments:
jvm_args: -XX:+ShowCodeDetailsInExceptionMessages 
java_command: sae.Main
java_class_path (initial): C:\Users\Etudiant\Documents\GitHub\sae-3-01-devapp-2024-2025-g1b5\Application\app\target\classes;C:\Users\Etudiant\.m2\repository\org\openjfx\javafx-controls\21\javafx-controls-21.jar;C:\Users\Etudiant\.m2\repository\org\openjfx\javafx-controls\21\javafx-controls-21-win.jar;C:\Users\Etudiant\.m2\repository\org\openjfx\javafx-graphics\21\javafx-graphics-21.jar;C:\Users\Etudiant\.m2\repository\org\openjfx\javafx-graphics\21\javafx-graphics-21-win.jar;C:\Users\Etudiant\.m2\repository\org\openjfx\javafx-fxml\21\javafx-fxml-21.jar;C:\Users\Etudiant\.m2\repository\org\openjfx\javafx-fxml\21\javafx-fxml-21-win.jar;C:\Users\Etudiant\.m2\repository\org\openjfx\javafx-base\21\javafx-base-21.jar;C:\Users\Etudiant\.m2\repository\org\openjfx\javafx-base\21\javafx-base-21-win.jar;C:\Users\Etudiant\.m2\repository\org\openjfx\javafx-web\21\javafx-web-21.jar;C:\Users\Etudiant\.m2\repository\org\openjfx\javafx-web\21\javafx-web-21-win.jar;C:\Users\Etudiant\.m2\repository\org\openjfx\javafx-media\21\javafx-media-21.jar;C:\Users\Etudiant\.m2\repository\org\openjfx\javafx-media\21\javafx-media-21-win.jar;C:\Users\Etudiant\.m2\repository\com\fasterxml\jackson\core\jackson-databind\2.15.2\jackson-databind-2.15.2.jar;C:\Users\Etudiant\.m2\repository\com\fasterxml\jackson\core\jackson-annotations\2.15.2\jackson-annotations-2.15.2.jar;C:\Users\Etudiant\.m2\repository\com\fasterxml\jackson\core\jackson-core\2.15.2\jackson-core-2.15.2.jar;C:\Users\Etudiant\.m2\repository\com\googlecode\json-simple\json-simple\1.1.1\json-simple-1.1.1.jar;C:\Users\Etudiant\.m2\repository\junit\junit\4.10\junit-4.10.jar;C:\Users\Etudiant\.m2\repository\org\hamcrest\hamcrest-core\1.1\hamcrest-core-1.1.jar;C:\Users\Etudiant\.m2\repository\org\eclipse\paho\org.eclipse.paho.client.mqttv3\1.2.5\org.eclipse.paho.client.mqttv3-1.2.5.jar
Launcher Type: SUN_STANDARD

[Global flags]
     intx CICompilerCount                          = 4                                         {product} {ergonomic}
     uint ConcGCThreads                            = 2                                         {product} {ergonomic}
     uint G1ConcRefinementThreads                  = 8                                         {product} {ergonomic}
   size_t G1HeapRegionSize                         = 1048576                                   {product} {ergonomic}
    uintx GCDrainStackTargetSize                   = 64                                        {product} {ergonomic}
   size_t InitialHeapSize                          = 134217728                                 {product} {ergonomic}
   size_t MarkStackSize                            = 4194304                                   {product} {ergonomic}
   size_t MaxHeapSize                              = 2116026368                                {product} {ergonomic}
   size_t MaxNewSize                               = 1268776960                                {product} {ergonomic}
   size_t MinHeapDeltaBytes                        = 1048576                                   {product} {ergonomic}
   size_t MinHeapSize                              = 8388608                                   {product} {ergonomic}
    uintx NonNMethodCodeHeapSize                   = 5839372                                {pd product} {ergonomic}
    uintx NonProfiledCodeHeapSize                  = 122909434                              {pd product} {ergonomic}
    uintx ProfiledCodeHeapSize                     = 122909434                              {pd product} {ergonomic}
    uintx ReservedCodeCacheSize                    = 251658240                              {pd product} {ergonomic}
     bool SegmentedCodeCache                       = true                                      {product} {ergonomic}
     bool ShowCodeDetailsInExceptionMessages       = true                                   {manageable} {command line}
   size_t SoftMaxHeapSize                          = 2116026368                             {manageable} {ergonomic}
     bool UseCompressedOops                        = true                           {product lp64_product} {ergonomic}
     bool UseG1GC                                  = true                                      {product} {ergonomic}
     bool UseLargePagesIndividualAllocation        = false                                  {pd product} {ergonomic}

Logging:
Log output configuration:
 #0: stdout all=warning uptime,level,tags foldmultilines=false
 #1: stderr all=off uptime,level,tags foldmultilines=false

Environment Variables:
JAVA_HOME=C:\Program Files\Java\jdk-21
PATH=C:\Program Files\PowerShell\7;C:\Python312\Scripts\;C:\Python312\;C:\app\Etudiant\product\21c\dbhomeXE\bin;C:\Program Files\Common Files\Oracle\Java\javapath;C:\Program Files\Python310\Scripts\;C:\Program Files\Python310\;C:\Windows\system32;C:\Windows;C:\Windows\System32\Wbem;C:\Windows\System32\WindowsPowerShell\v1.0\;C:\Windows\System32\OpenSSH\;C:\Program Files\PuTTY\;C:\Program Files\Microsoft VS Code\bin;C:\ProgramData\chocolatey\bin;C:\Program Files\Java\jdk-17.0.3.1\bin;C:\apache-ant-1.10.7\bin;C:\apache-maven-3.6.2\bin;C:\GnuCobol3.1\bin;C:\Gradle\bin;C:\Program Files\Graphviz\bin;C:\Program Files\Docker\Docker\resources\bin;C:\ProgramData\DockerDesktop\version-bin;C:\Program Files\TortoiseSVN\bin;C:\Program Files\TortoiseGit\bin;C:\Program Files (x86)\Microsoft SQL Server\150\DTS\Binn\;C:\Program Files\Microsoft SQL Server\Client SDK\ODBC\170\Tools\Binn\;C:\Program Files (x86)\Microsoft SQL Server\150\Tools\Binn\;C:\Program Files\Microsoft SQL Server\150\Tools\Binn\;C:\Program Files\Microsoft SQL Server\150\DTS\Binn\;C:\Program Files\Azure Data Studio\bin;C:\bin;C:\src\flutter\bin;C:\tools\dart-sdk\bin;C:\Program Files\Php;C:\Program Files\PowerShell\7\;C:\Program Files\nodejs\;C:\Users\Etudiant\AppData\Local\Microsoft\WindowsApps;C:\Program Files\Oracle\VirtualBox;C:\Users\Etudiant\AppData\Roaming\npm;C:\Users\Etudiant\AppData\Local\GitHubDesktop\bin;C:\Users\Etudiant\AppData\Local\Programs\Git\cmd
USERNAME=Etudiant
LANG=en_US.UTF-8
OS=Windows_NT
PROCESSOR_IDENTIFIER=Intel64 Family 6 Model 94 Stepping 3, GenuineIntel
TMP=C:\Users\Etudiant\AppData\Local\Temp
TEMP=C:\Users\Etudiant\AppData\Local\Temp




Periodic native trim disabled

---------------  S Y S T E M  ---------------

OS:
 Windows 10 , 64 bit Build 19041 (10.0.19041.1806)
OS uptime: 0 days 2:25 hours
Hyper-V role detected

CPU: total 8 (initial active 8) (4 cores per cpu, 2 threads per core) family 6 model 94 stepping 3 microcode 0xf0, cx8, cmov, fxsr, ht, mmx, 3dnowpref, sse, sse2, sse3, ssse3, sse4.1, sse4.2, popcnt, lzcnt, tsc, tscinvbit, avx, avx2, aes, erms, clmul, bmi1, bmi2, rtm, adx, fma, vzeroupper, clflush, clflushopt, hv, rdtscp, f16c
Processor Information for all 8 processors :
  Max Mhz: 3408, Current Mhz: 3408, Mhz Limit: 3408

Memory: 4k page, system-wide physical 8067M (294M free)
TotalPageFile size 11011M (AvailPageFile size 5M)
current process WorkingSet (physical memory assigned to process): 135M, peak: 135M
current process commit charge ("private bytes"): 270M, peak: 271M

vm_info: Java HotSpot(TM) 64-Bit Server VM (21.0.3+7-LTS-152) for windows-amd64 JRE (21.0.3+7-LTS-152), built on 2024-03-11T17:42:26Z by "mach5one" with MS VC++ 17.6 (VS2022)

END.
