#
# There is insufficient memory for the Java Runtime Environment to continue.
# Native memory allocation (mmap) failed to map 65536 bytes for Failed to commit metaspace.
# Possible reasons:
#   The system is out of physical RAM or swap space
#   The process is running with CompressedOops enabled, and the Java Heap may be blocking the growth of the native heap
# Possible solutions:
#   Reduce memory load on the system
#   Increase physical memory or swap space
#   Check if swap backing store is full
#   Decrease Java heap size (-Xmx/-Xms)
#   Decrease number of Java threads
#   Decrease Java thread stack sizes (-Xss)
#   Set larger code cache with -XX:ReservedCodeCacheSize=
#   JVM is running with Unscaled Compressed Oops mode in which the Java heap is
#     placed in the first 4GB address space. The Java Heap base address is the
#     maximum limit for the native heap growth. Please use -XX:HeapBaseMinAddress
#     to set the Java Heap base and to place the Java Heap above 4GB virtual address.
# This output file may be truncated or incomplete.
#
#  Out of Memory Error (virtualSpaceNode.cpp:112), pid=8296, tid=4188
#
# JRE version: Java(TM) SE Runtime Environment (21.0.3+7) (build 21.0.3+7-LTS-152)
# Java VM: Java HotSpot(TM) 64-Bit Server VM (21.0.3+7-LTS-152, mixed mode, tiered, compressed oops, compressed class ptrs, g1 gc, windows-amd64)
# No core dump will be written. Minidumps are not enabled by default on client versions of Windows
#

---------------  S U M M A R Y ------------

Command Line: -XX:+ShowCodeDetailsInExceptionMessages sae.Main

Host: Intel(R) Core(TM) i7-6700 CPU @ 3.40GHz, 8 cores, 7G,  Windows 10 , 64 bit Build 19041 (10.0.19041.1806)
Time: Wed Dec  4 18:30:55 2024 Paris, Madrid elapsed time: 0.241190 seconds (0d 0h 0m 0s)

---------------  T H R E A D  ---------------

Current thread (0x0000018ac6daf0f0):  JavaThread "main"             [_thread_in_vm, id=4188, stack(0x0000004fc8700000,0x0000004fc8800000) (1024K)]

Stack: [0x0000004fc8700000,0x0000004fc8800000]
Native frames: (J=compiled Java code, j=interpreted, Vv=VM code, C=native code)
V  [jvm.dll+0x6c63b9]
V  [jvm.dll+0x84fa11]
V  [jvm.dll+0x851f3e]
V  [jvm.dll+0x852613]
V  [jvm.dll+0x27cd46]
V  [jvm.dll+0x84b63e]
V  [jvm.dll+0x66a1b5]
V  [jvm.dll+0x1e399c]
V  [jvm.dll+0x1e376e]
V  [jvm.dll+0x66cae3]
V  [jvm.dll+0x66c902]
V  [jvm.dll+0x66ab8e]
V  [jvm.dll+0x3b9e7f]
V  [jvm.dll+0x20c81b]
V  [jvm.dll+0x5a96c6]
V  [jvm.dll+0x7c9e66]
V  [jvm.dll+0x46d4d0]
V  [jvm.dll+0x473328]
C  [java.dll+0x17ec]

Java frames: (J=compiled Java code, j=interpreted, Vv=VM code)
j  java.lang.ClassLoader.defineClass1(Ljava/lang/ClassLoader;Ljava/lang/String;[BIILjava/security/ProtectionDomain;Ljava/lang/String;)Ljava/lang/Class;+0 java.base@21.0.3
j  java.lang.ClassLoader.defineClass(Ljava/lang/String;[BIILjava/security/ProtectionDomain;)Ljava/lang/Class;+27 java.base@21.0.3
j  java.security.SecureClassLoader.defineClass(Ljava/lang/String;[BIILjava/security/CodeSource;)Ljava/lang/Class;+12 java.base@21.0.3
j  jdk.internal.loader.BuiltinClassLoader.defineClass(Ljava/lang/String;Ljdk/internal/loader/Resource;)Ljava/lang/Class;+117 java.base@21.0.3
j  jdk.internal.loader.BuiltinClassLoader.findClassOnClassPathOrNull(Ljava/lang/String;)Ljava/lang/Class;+37 java.base@21.0.3
j  jdk.internal.loader.BuiltinClassLoader.loadClassOrNull(Ljava/lang/String;Z)Ljava/lang/Class;+111 java.base@21.0.3
j  jdk.internal.loader.BuiltinClassLoader.loadClass(Ljava/lang/String;Z)Ljava/lang/Class;+3 java.base@21.0.3
j  jdk.internal.loader.ClassLoaders$AppClassLoader.loadClass(Ljava/lang/String;Z)Ljava/lang/Class;+36 java.base@21.0.3
j  java.lang.ClassLoader.loadClass(Ljava/lang/String;)Ljava/lang/Class;+3 java.base@21.0.3
v  ~StubRoutines::call_stub 0x0000018ad89b100d
j  java.lang.ClassLoader.defineClass1(Ljava/lang/ClassLoader;Ljava/lang/String;[BIILjava/security/ProtectionDomain;Ljava/lang/String;)Ljava/lang/Class;+0 java.base@21.0.3
j  java.lang.ClassLoader.defineClass(Ljava/lang/String;[BIILjava/security/ProtectionDomain;)Ljava/lang/Class;+27 java.base@21.0.3
j  java.security.SecureClassLoader.defineClass(Ljava/lang/String;[BIILjava/security/CodeSource;)Ljava/lang/Class;+12 java.base@21.0.3
j  jdk.internal.loader.BuiltinClassLoader.defineClass(Ljava/lang/String;Ljdk/internal/loader/Resource;)Ljava/lang/Class;+117 java.base@21.0.3
j  jdk.internal.loader.BuiltinClassLoader.findClassOnClassPathOrNull(Ljava/lang/String;)Ljava/lang/Class;+37 java.base@21.0.3
j  jdk.internal.loader.BuiltinClassLoader.loadClassOrNull(Ljava/lang/String;Z)Ljava/lang/Class;+111 java.base@21.0.3
j  jdk.internal.loader.BuiltinClassLoader.loadClass(Ljava/lang/String;Z)Ljava/lang/Class;+3 java.base@21.0.3
j  jdk.internal.loader.ClassLoaders$AppClassLoader.loadClass(Ljava/lang/String;Z)Ljava/lang/Class;+36 java.base@21.0.3
j  java.lang.ClassLoader.loadClass(Ljava/lang/String;)Ljava/lang/Class;+3 java.base@21.0.3
v  ~StubRoutines::call_stub 0x0000018ad89b100d
j  java.lang.ClassLoader.defineClass1(Ljava/lang/ClassLoader;Ljava/lang/String;[BIILjava/security/ProtectionDomain;Ljava/lang/String;)Ljava/lang/Class;+0 java.base@21.0.3
j  java.lang.ClassLoader.defineClass(Ljava/lang/String;[BIILjava/security/ProtectionDomain;)Ljava/lang/Class;+27 java.base@21.0.3
j  java.security.SecureClassLoader.defineClass(Ljava/lang/String;[BIILjava/security/CodeSource;)Ljava/lang/Class;+12 java.base@21.0.3
j  jdk.internal.loader.BuiltinClassLoader.defineClass(Ljava/lang/String;Ljdk/internal/loader/Resource;)Ljava/lang/Class;+117 java.base@21.0.3
j  jdk.internal.loader.BuiltinClassLoader.findClassOnClassPathOrNull(Ljava/lang/String;)Ljava/lang/Class;+37 java.base@21.0.3
j  jdk.internal.loader.BuiltinClassLoader.loadClassOrNull(Ljava/lang/String;Z)Ljava/lang/Class;+111 java.base@21.0.3
j  jdk.internal.loader.BuiltinClassLoader.loadClass(Ljava/lang/String;Z)Ljava/lang/Class;+3 java.base@21.0.3
j  jdk.internal.loader.ClassLoaders$AppClassLoader.loadClass(Ljava/lang/String;Z)Ljava/lang/Class;+36 java.base@21.0.3
j  java.lang.ClassLoader.loadClass(Ljava/lang/String;)Ljava/lang/Class;+3 java.base@21.0.3
v  ~StubRoutines::call_stub 0x0000018ad89b100d
j  sae.Main.main([Ljava/lang/String;)V+19
v  ~StubRoutines::call_stub 0x0000018ad89b100d

---------------  P R O C E S S  ---------------

Threads class SMR info:
_java_thread_list=0x0000018a84225010, length=11, elements={
0x0000018ac6daf0f0, 0x0000018a84073340, 0x0000018a8405b3f0, 0x0000018a84066da0,
0x0000018a84067800, 0x0000018a84064fd0, 0x0000018a84068670, 0x0000018a84069e10,
0x0000018a840886b0, 0x0000018a84220d40, 0x0000018a84224620
}

Java Threads: ( => current thread )
=>0x0000018ac6daf0f0 JavaThread "main"                              [_thread_in_vm, id=4188, stack(0x0000004fc8700000,0x0000004fc8800000) (1024K)]
  0x0000018a84073340 JavaThread "Reference Handler"          daemon [_thread_blocked, id=9836, stack(0x0000004fc8f00000,0x0000004fc9000000) (1024K)]
  0x0000018a8405b3f0 JavaThread "Finalizer"                  daemon [_thread_blocked, id=4900, stack(0x0000004fc9000000,0x0000004fc9100000) (1024K)]
  0x0000018a84066da0 JavaThread "Signal Dispatcher"          daemon [_thread_blocked, id=8784, stack(0x0000004fc9100000,0x0000004fc9200000) (1024K)]
  0x0000018a84067800 JavaThread "Attach Listener"            daemon [_thread_blocked, id=6768, stack(0x0000004fc9200000,0x0000004fc9300000) (1024K)]
  0x0000018a84064fd0 JavaThread "Service Thread"             daemon [_thread_blocked, id=13348, stack(0x0000004fc9300000,0x0000004fc9400000) (1024K)]
  0x0000018a84068670 JavaThread "Monitor Deflation Thread"   daemon [_thread_blocked, id=13692, stack(0x0000004fc9400000,0x0000004fc9500000) (1024K)]
  0x0000018a84069e10 JavaThread "C2 CompilerThread0"         daemon [_thread_blocked, id=13752, stack(0x0000004fc9500000,0x0000004fc9600000) (1024K)]
  0x0000018a840886b0 JavaThread "C1 CompilerThread0"         daemon [_thread_blocked, id=9416, stack(0x0000004fc9600000,0x0000004fc9700000) (1024K)]
  0x0000018a84220d40 JavaThread "Notification Thread"        daemon [_thread_blocked, id=2764, stack(0x0000004fc9700000,0x0000004fc9800000) (1024K)]
  0x0000018a84224620 JavaThread "Common-Cleaner"             daemon [_thread_blocked, id=6148, stack(0x0000004fc9800000,0x0000004fc9900000) (1024K)]
Total: 11

Other Threads:
  0x0000018ae59ae700 VMThread "VM Thread"                           [id=12056, stack(0x0000004fc8e00000,0x0000004fc8f00000) (1024K)]
  0x0000018ae592c9b0 WatcherThread "VM Periodic Task Thread"        [id=4780, stack(0x0000004fc8d00000,0x0000004fc8e00000) (1024K)]
  0x0000018ac904ce80 WorkerThread "GC Thread#0"                     [id=7064, stack(0x0000004fc8800000,0x0000004fc8900000) (1024K)]
  0x0000018ac905dc50 ConcurrentGCThread "G1 Main Marker"            [id=13412, stack(0x0000004fc8900000,0x0000004fc8a00000) (1024K)]
  0x0000018ac905e750 WorkerThread "G1 Conc#0"                       [id=7204, stack(0x0000004fc8a00000,0x0000004fc8b00000) (1024K)]
  0x0000018ae57e84f0 ConcurrentGCThread "G1 Refine#0"               [id=3188, stack(0x0000004fc8b00000,0x0000004fc8c00000) (1024K)]
  0x0000018ae57eb2e0 ConcurrentGCThread "G1 Service"                [id=2540, stack(0x0000004fc8c00000,0x0000004fc8d00000) (1024K)]
Total: 7

Threads with active compile tasks:
Total: 0

VM state: not at safepoint (normal execution)

VM Mutex/Monitor currently owned by a thread:  ([mutex/lock_event])
[0x00007ffe486a0d28] Metaspace_lock - owner thread: 0x0000018ac6daf0f0

Heap address: 0x0000000081e00000, size: 2018 MB, Compressed Oops mode: 32-bit

CDS archive(s) not mapped
Compressed class space mapped at: 0x0000000100000000-0x0000000140000000, reserved size: 1073741824
Narrow klass base: 0x0000000000000000, Narrow klass shift: 3, Narrow klass range: 0x140000000

GC Precious Log:
 CardTable entry size: 512
 Card Set container configuration: InlinePtr #cards 5 size 8 Array Of Cards #cards 12 size 40 Howl #buckets 4 coarsen threshold 1843 Howl Bitmap #cards 512 size 80 coarsen threshold 460 Card regions per heap region 1 cards per card region 2048
 CPUs: 8 total, 8 available
 Memory: 8067M
 Large Page Support: Disabled
 NUMA Support: Disabled
 Compressed Oops: Enabled (32-bit)
 Heap Region Size: 1M
 Heap Min Capacity: 8M
 Heap Initial Capacity: 128M
 Heap Max Capacity: 2018M
 Pre-touch: Disabled
 Parallel Workers: 8
 Concurrent Workers: 2
 Concurrent Refinement Workers: 8
 Periodic GC: Disabled

Heap:
 garbage-first heap   total 131072K, used 2048K [0x0000000081e00000, 0x0000000100000000)
  region size 1024K, 4 young (4096K), 0 survivors (0K)
 Metaspace       used 6569K, committed 6656K, reserved 1114112K
  class space    used 504K, committed 512K, reserved 1048576K

Heap Regions: E=young(eden), S=young(survivor), O=old, HS=humongous(starts), HC=humongous(continues), CS=collection set, F=free, TAMS=top-at-mark-start, PB=parsable bottom
|   0|0x0000000081e00000, 0x0000000081e00000, 0x0000000081f00000|  0%| F|  |TAMS 0x0000000081e00000| PB 0x0000000081e00000| Untracked 
|   1|0x0000000081f00000, 0x0000000081f00000, 0x0000000082000000|  0%| F|  |TAMS 0x0000000081f00000| PB 0x0000000081f00000| Untracked 
|   2|0x0000000082000000, 0x0000000082000000, 0x0000000082100000|  0%| F|  |TAMS 0x0000000082000000| PB 0x0000000082000000| Untracked 
|   3|0x0000000082100000, 0x0000000082100000, 0x0000000082200000|  0%| F|  |TAMS 0x0000000082100000| PB 0x0000000082100000| Untracked 
|   4|0x0000000082200000, 0x0000000082200000, 0x0000000082300000|  0%| F|  |TAMS 0x0000000082200000| PB 0x0000000082200000| Untracked 
|   5|0x0000000082300000, 0x0000000082300000, 0x0000000082400000|  0%| F|  |TAMS 0x0000000082300000| PB 0x0000000082300000| Untracked 
|   6|0x0000000082400000, 0x0000000082400000, 0x0000000082500000|  0%| F|  |TAMS 0x0000000082400000| PB 0x0000000082400000| Untracked 
|   7|0x0000000082500000, 0x0000000082500000, 0x0000000082600000|  0%| F|  |TAMS 0x0000000082500000| PB 0x0000000082500000| Untracked 
|   8|0x0000000082600000, 0x0000000082600000, 0x0000000082700000|  0%| F|  |TAMS 0x0000000082600000| PB 0x0000000082600000| Untracked 
|   9|0x0000000082700000, 0x0000000082700000, 0x0000000082800000|  0%| F|  |TAMS 0x0000000082700000| PB 0x0000000082700000| Untracked 
|  10|0x0000000082800000, 0x0000000082800000, 0x0000000082900000|  0%| F|  |TAMS 0x0000000082800000| PB 0x0000000082800000| Untracked 
|  11|0x0000000082900000, 0x0000000082900000, 0x0000000082a00000|  0%| F|  |TAMS 0x0000000082900000| PB 0x0000000082900000| Untracked 
|  12|0x0000000082a00000, 0x0000000082a00000, 0x0000000082b00000|  0%| F|  |TAMS 0x0000000082a00000| PB 0x0000000082a00000| Untracked 
|  13|0x0000000082b00000, 0x0000000082b00000, 0x0000000082c00000|  0%| F|  |TAMS 0x0000000082b00000| PB 0x0000000082b00000| Untracked 
|  14|0x0000000082c00000, 0x0000000082c00000, 0x0000000082d00000|  0%| F|  |TAMS 0x0000000082c00000| PB 0x0000000082c00000| Untracked 
|  15|0x0000000082d00000, 0x0000000082d00000, 0x0000000082e00000|  0%| F|  |TAMS 0x0000000082d00000| PB 0x0000000082d00000| Untracked 
|  16|0x0000000082e00000, 0x0000000082e00000, 0x0000000082f00000|  0%| F|  |TAMS 0x0000000082e00000| PB 0x0000000082e00000| Untracked 
|  17|0x0000000082f00000, 0x0000000082f00000, 0x0000000083000000|  0%| F|  |TAMS 0x0000000082f00000| PB 0x0000000082f00000| Untracked 
|  18|0x0000000083000000, 0x0000000083000000, 0x0000000083100000|  0%| F|  |TAMS 0x0000000083000000| PB 0x0000000083000000| Untracked 
|  19|0x0000000083100000, 0x0000000083100000, 0x0000000083200000|  0%| F|  |TAMS 0x0000000083100000| PB 0x0000000083100000| Untracked 
|  20|0x0000000083200000, 0x0000000083200000, 0x0000000083300000|  0%| F|  |TAMS 0x0000000083200000| PB 0x0000000083200000| Untracked 
|  21|0x0000000083300000, 0x0000000083300000, 0x0000000083400000|  0%| F|  |TAMS 0x0000000083300000| PB 0x0000000083300000| Untracked 
|  22|0x0000000083400000, 0x0000000083400000, 0x0000000083500000|  0%| F|  |TAMS 0x0000000083400000| PB 0x0000000083400000| Untracked 
|  23|0x0000000083500000, 0x0000000083500000, 0x0000000083600000|  0%| F|  |TAMS 0x0000000083500000| PB 0x0000000083500000| Untracked 
|  24|0x0000000083600000, 0x0000000083600000, 0x0000000083700000|  0%| F|  |TAMS 0x0000000083600000| PB 0x0000000083600000| Untracked 
|  25|0x0000000083700000, 0x0000000083700000, 0x0000000083800000|  0%| F|  |TAMS 0x0000000083700000| PB 0x0000000083700000| Untracked 
|  26|0x0000000083800000, 0x0000000083800000, 0x0000000083900000|  0%| F|  |TAMS 0x0000000083800000| PB 0x0000000083800000| Untracked 
|  27|0x0000000083900000, 0x0000000083900000, 0x0000000083a00000|  0%| F|  |TAMS 0x0000000083900000| PB 0x0000000083900000| Untracked 
|  28|0x0000000083a00000, 0x0000000083a00000, 0x0000000083b00000|  0%| F|  |TAMS 0x0000000083a00000| PB 0x0000000083a00000| Untracked 
|  29|0x0000000083b00000, 0x0000000083b00000, 0x0000000083c00000|  0%| F|  |TAMS 0x0000000083b00000| PB 0x0000000083b00000| Untracked 
|  30|0x0000000083c00000, 0x0000000083c00000, 0x0000000083d00000|  0%| F|  |TAMS 0x0000000083c00000| PB 0x0000000083c00000| Untracked 
|  31|0x0000000083d00000, 0x0000000083d00000, 0x0000000083e00000|  0%| F|  |TAMS 0x0000000083d00000| PB 0x0000000083d00000| Untracked 
|  32|0x0000000083e00000, 0x0000000083e00000, 0x0000000083f00000|  0%| F|  |TAMS 0x0000000083e00000| PB 0x0000000083e00000| Untracked 
|  33|0x0000000083f00000, 0x0000000083f00000, 0x0000000084000000|  0%| F|  |TAMS 0x0000000083f00000| PB 0x0000000083f00000| Untracked 
|  34|0x0000000084000000, 0x0000000084000000, 0x0000000084100000|  0%| F|  |TAMS 0x0000000084000000| PB 0x0000000084000000| Untracked 
|  35|0x0000000084100000, 0x0000000084100000, 0x0000000084200000|  0%| F|  |TAMS 0x0000000084100000| PB 0x0000000084100000| Untracked 
|  36|0x0000000084200000, 0x0000000084200000, 0x0000000084300000|  0%| F|  |TAMS 0x0000000084200000| PB 0x0000000084200000| Untracked 
|  37|0x0000000084300000, 0x0000000084300000, 0x0000000084400000|  0%| F|  |TAMS 0x0000000084300000| PB 0x0000000084300000| Untracked 
|  38|0x0000000084400000, 0x0000000084400000, 0x0000000084500000|  0%| F|  |TAMS 0x0000000084400000| PB 0x0000000084400000| Untracked 
|  39|0x0000000084500000, 0x0000000084500000, 0x0000000084600000|  0%| F|  |TAMS 0x0000000084500000| PB 0x0000000084500000| Untracked 
|  40|0x0000000084600000, 0x0000000084600000, 0x0000000084700000|  0%| F|  |TAMS 0x0000000084600000| PB 0x0000000084600000| Untracked 
|  41|0x0000000084700000, 0x0000000084700000, 0x0000000084800000|  0%| F|  |TAMS 0x0000000084700000| PB 0x0000000084700000| Untracked 
|  42|0x0000000084800000, 0x0000000084800000, 0x0000000084900000|  0%| F|  |TAMS 0x0000000084800000| PB 0x0000000084800000| Untracked 
|  43|0x0000000084900000, 0x0000000084900000, 0x0000000084a00000|  0%| F|  |TAMS 0x0000000084900000| PB 0x0000000084900000| Untracked 
|  44|0x0000000084a00000, 0x0000000084a00000, 0x0000000084b00000|  0%| F|  |TAMS 0x0000000084a00000| PB 0x0000000084a00000| Untracked 
|  45|0x0000000084b00000, 0x0000000084b00000, 0x0000000084c00000|  0%| F|  |TAMS 0x0000000084b00000| PB 0x0000000084b00000| Untracked 
|  46|0x0000000084c00000, 0x0000000084c00000, 0x0000000084d00000|  0%| F|  |TAMS 0x0000000084c00000| PB 0x0000000084c00000| Untracked 
|  47|0x0000000084d00000, 0x0000000084d00000, 0x0000000084e00000|  0%| F|  |TAMS 0x0000000084d00000| PB 0x0000000084d00000| Untracked 
|  48|0x0000000084e00000, 0x0000000084e00000, 0x0000000084f00000|  0%| F|  |TAMS 0x0000000084e00000| PB 0x0000000084e00000| Untracked 
|  49|0x0000000084f00000, 0x0000000084f00000, 0x0000000085000000|  0%| F|  |TAMS 0x0000000084f00000| PB 0x0000000084f00000| Untracked 
|  50|0x0000000085000000, 0x0000000085000000, 0x0000000085100000|  0%| F|  |TAMS 0x0000000085000000| PB 0x0000000085000000| Untracked 
|  51|0x0000000085100000, 0x0000000085100000, 0x0000000085200000|  0%| F|  |TAMS 0x0000000085100000| PB 0x0000000085100000| Untracked 
|  52|0x0000000085200000, 0x0000000085200000, 0x0000000085300000|  0%| F|  |TAMS 0x0000000085200000| PB 0x0000000085200000| Untracked 
|  53|0x0000000085300000, 0x0000000085300000, 0x0000000085400000|  0%| F|  |TAMS 0x0000000085300000| PB 0x0000000085300000| Untracked 
|  54|0x0000000085400000, 0x0000000085400000, 0x0000000085500000|  0%| F|  |TAMS 0x0000000085400000| PB 0x0000000085400000| Untracked 
|  55|0x0000000085500000, 0x0000000085500000, 0x0000000085600000|  0%| F|  |TAMS 0x0000000085500000| PB 0x0000000085500000| Untracked 
|  56|0x0000000085600000, 0x0000000085600000, 0x0000000085700000|  0%| F|  |TAMS 0x0000000085600000| PB 0x0000000085600000| Untracked 
|  57|0x0000000085700000, 0x0000000085700000, 0x0000000085800000|  0%| F|  |TAMS 0x0000000085700000| PB 0x0000000085700000| Untracked 
|  58|0x0000000085800000, 0x0000000085800000, 0x0000000085900000|  0%| F|  |TAMS 0x0000000085800000| PB 0x0000000085800000| Untracked 
|  59|0x0000000085900000, 0x0000000085900000, 0x0000000085a00000|  0%| F|  |TAMS 0x0000000085900000| PB 0x0000000085900000| Untracked 
|  60|0x0000000085a00000, 0x0000000085a00000, 0x0000000085b00000|  0%| F|  |TAMS 0x0000000085a00000| PB 0x0000000085a00000| Untracked 
|  61|0x0000000085b00000, 0x0000000085b00000, 0x0000000085c00000|  0%| F|  |TAMS 0x0000000085b00000| PB 0x0000000085b00000| Untracked 
|  62|0x0000000085c00000, 0x0000000085c00000, 0x0000000085d00000|  0%| F|  |TAMS 0x0000000085c00000| PB 0x0000000085c00000| Untracked 
|  63|0x0000000085d00000, 0x0000000085d00000, 0x0000000085e00000|  0%| F|  |TAMS 0x0000000085d00000| PB 0x0000000085d00000| Untracked 
|  64|0x0000000085e00000, 0x0000000085e00000, 0x0000000085f00000|  0%| F|  |TAMS 0x0000000085e00000| PB 0x0000000085e00000| Untracked 
|  65|0x0000000085f00000, 0x0000000085f00000, 0x0000000086000000|  0%| F|  |TAMS 0x0000000085f00000| PB 0x0000000085f00000| Untracked 
|  66|0x0000000086000000, 0x0000000086000000, 0x0000000086100000|  0%| F|  |TAMS 0x0000000086000000| PB 0x0000000086000000| Untracked 
|  67|0x0000000086100000, 0x0000000086100000, 0x0000000086200000|  0%| F|  |TAMS 0x0000000086100000| PB 0x0000000086100000| Untracked 
|  68|0x0000000086200000, 0x0000000086200000, 0x0000000086300000|  0%| F|  |TAMS 0x0000000086200000| PB 0x0000000086200000| Untracked 
|  69|0x0000000086300000, 0x0000000086300000, 0x0000000086400000|  0%| F|  |TAMS 0x0000000086300000| PB 0x0000000086300000| Untracked 
|  70|0x0000000086400000, 0x0000000086400000, 0x0000000086500000|  0%| F|  |TAMS 0x0000000086400000| PB 0x0000000086400000| Untracked 
|  71|0x0000000086500000, 0x0000000086500000, 0x0000000086600000|  0%| F|  |TAMS 0x0000000086500000| PB 0x0000000086500000| Untracked 
|  72|0x0000000086600000, 0x0000000086600000, 0x0000000086700000|  0%| F|  |TAMS 0x0000000086600000| PB 0x0000000086600000| Untracked 
|  73|0x0000000086700000, 0x0000000086700000, 0x0000000086800000|  0%| F|  |TAMS 0x0000000086700000| PB 0x0000000086700000| Untracked 
|  74|0x0000000086800000, 0x0000000086800000, 0x0000000086900000|  0%| F|  |TAMS 0x0000000086800000| PB 0x0000000086800000| Untracked 
|  75|0x0000000086900000, 0x0000000086900000, 0x0000000086a00000|  0%| F|  |TAMS 0x0000000086900000| PB 0x0000000086900000| Untracked 
|  76|0x0000000086a00000, 0x0000000086a00000, 0x0000000086b00000|  0%| F|  |TAMS 0x0000000086a00000| PB 0x0000000086a00000| Untracked 
|  77|0x0000000086b00000, 0x0000000086b00000, 0x0000000086c00000|  0%| F|  |TAMS 0x0000000086b00000| PB 0x0000000086b00000| Untracked 
|  78|0x0000000086c00000, 0x0000000086c00000, 0x0000000086d00000|  0%| F|  |TAMS 0x0000000086c00000| PB 0x0000000086c00000| Untracked 
|  79|0x0000000086d00000, 0x0000000086d00000, 0x0000000086e00000|  0%| F|  |TAMS 0x0000000086d00000| PB 0x0000000086d00000| Untracked 
|  80|0x0000000086e00000, 0x0000000086e00000, 0x0000000086f00000|  0%| F|  |TAMS 0x0000000086e00000| PB 0x0000000086e00000| Untracked 
|  81|0x0000000086f00000, 0x0000000086f00000, 0x0000000087000000|  0%| F|  |TAMS 0x0000000086f00000| PB 0x0000000086f00000| Untracked 
|  82|0x0000000087000000, 0x0000000087000000, 0x0000000087100000|  0%| F|  |TAMS 0x0000000087000000| PB 0x0000000087000000| Untracked 
|  83|0x0000000087100000, 0x0000000087100000, 0x0000000087200000|  0%| F|  |TAMS 0x0000000087100000| PB 0x0000000087100000| Untracked 
|  84|0x0000000087200000, 0x0000000087200000, 0x0000000087300000|  0%| F|  |TAMS 0x0000000087200000| PB 0x0000000087200000| Untracked 
|  85|0x0000000087300000, 0x0000000087300000, 0x0000000087400000|  0%| F|  |TAMS 0x0000000087300000| PB 0x0000000087300000| Untracked 
|  86|0x0000000087400000, 0x0000000087400000, 0x0000000087500000|  0%| F|  |TAMS 0x0000000087400000| PB 0x0000000087400000| Untracked 
|  87|0x0000000087500000, 0x0000000087500000, 0x0000000087600000|  0%| F|  |TAMS 0x0000000087500000| PB 0x0000000087500000| Untracked 
|  88|0x0000000087600000, 0x0000000087600000, 0x0000000087700000|  0%| F|  |TAMS 0x0000000087600000| PB 0x0000000087600000| Untracked 
|  89|0x0000000087700000, 0x0000000087700000, 0x0000000087800000|  0%| F|  |TAMS 0x0000000087700000| PB 0x0000000087700000| Untracked 
|  90|0x0000000087800000, 0x0000000087800000, 0x0000000087900000|  0%| F|  |TAMS 0x0000000087800000| PB 0x0000000087800000| Untracked 
|  91|0x0000000087900000, 0x0000000087900000, 0x0000000087a00000|  0%| F|  |TAMS 0x0000000087900000| PB 0x0000000087900000| Untracked 
|  92|0x0000000087a00000, 0x0000000087a00000, 0x0000000087b00000|  0%| F|  |TAMS 0x0000000087a00000| PB 0x0000000087a00000| Untracked 
|  93|0x0000000087b00000, 0x0000000087b00000, 0x0000000087c00000|  0%| F|  |TAMS 0x0000000087b00000| PB 0x0000000087b00000| Untracked 
|  94|0x0000000087c00000, 0x0000000087c00000, 0x0000000087d00000|  0%| F|  |TAMS 0x0000000087c00000| PB 0x0000000087c00000| Untracked 
|  95|0x0000000087d00000, 0x0000000087d00000, 0x0000000087e00000|  0%| F|  |TAMS 0x0000000087d00000| PB 0x0000000087d00000| Untracked 
|  96|0x0000000087e00000, 0x0000000087e00000, 0x0000000087f00000|  0%| F|  |TAMS 0x0000000087e00000| PB 0x0000000087e00000| Untracked 
|  97|0x0000000087f00000, 0x0000000087f00000, 0x0000000088000000|  0%| F|  |TAMS 0x0000000087f00000| PB 0x0000000087f00000| Untracked 
|  98|0x0000000088000000, 0x0000000088000000, 0x0000000088100000|  0%| F|  |TAMS 0x0000000088000000| PB 0x0000000088000000| Untracked 
|  99|0x0000000088100000, 0x0000000088100000, 0x0000000088200000|  0%| F|  |TAMS 0x0000000088100000| PB 0x0000000088100000| Untracked 
| 100|0x0000000088200000, 0x0000000088200000, 0x0000000088300000|  0%| F|  |TAMS 0x0000000088200000| PB 0x0000000088200000| Untracked 
| 101|0x0000000088300000, 0x0000000088300000, 0x0000000088400000|  0%| F|  |TAMS 0x0000000088300000| PB 0x0000000088300000| Untracked 
| 102|0x0000000088400000, 0x0000000088400000, 0x0000000088500000|  0%| F|  |TAMS 0x0000000088400000| PB 0x0000000088400000| Untracked 
| 103|0x0000000088500000, 0x0000000088500000, 0x0000000088600000|  0%| F|  |TAMS 0x0000000088500000| PB 0x0000000088500000| Untracked 
| 104|0x0000000088600000, 0x0000000088600000, 0x0000000088700000|  0%| F|  |TAMS 0x0000000088600000| PB 0x0000000088600000| Untracked 
| 105|0x0000000088700000, 0x0000000088700000, 0x0000000088800000|  0%| F|  |TAMS 0x0000000088700000| PB 0x0000000088700000| Untracked 
| 106|0x0000000088800000, 0x0000000088800000, 0x0000000088900000|  0%| F|  |TAMS 0x0000000088800000| PB 0x0000000088800000| Untracked 
| 107|0x0000000088900000, 0x0000000088900000, 0x0000000088a00000|  0%| F|  |TAMS 0x0000000088900000| PB 0x0000000088900000| Untracked 
| 108|0x0000000088a00000, 0x0000000088a00000, 0x0000000088b00000|  0%| F|  |TAMS 0x0000000088a00000| PB 0x0000000088a00000| Untracked 
| 109|0x0000000088b00000, 0x0000000088b00000, 0x0000000088c00000|  0%| F|  |TAMS 0x0000000088b00000| PB 0x0000000088b00000| Untracked 
| 110|0x0000000088c00000, 0x0000000088c00000, 0x0000000088d00000|  0%| F|  |TAMS 0x0000000088c00000| PB 0x0000000088c00000| Untracked 
| 111|0x0000000088d00000, 0x0000000088d00000, 0x0000000088e00000|  0%| F|  |TAMS 0x0000000088d00000| PB 0x0000000088d00000| Untracked 
| 112|0x0000000088e00000, 0x0000000088e00000, 0x0000000088f00000|  0%| F|  |TAMS 0x0000000088e00000| PB 0x0000000088e00000| Untracked 
| 113|0x0000000088f00000, 0x0000000088f00000, 0x0000000089000000|  0%| F|  |TAMS 0x0000000088f00000| PB 0x0000000088f00000| Untracked 
| 114|0x0000000089000000, 0x0000000089000000, 0x0000000089100000|  0%| F|  |TAMS 0x0000000089000000| PB 0x0000000089000000| Untracked 
| 115|0x0000000089100000, 0x0000000089100000, 0x0000000089200000|  0%| F|  |TAMS 0x0000000089100000| PB 0x0000000089100000| Untracked 
| 116|0x0000000089200000, 0x0000000089200000, 0x0000000089300000|  0%| F|  |TAMS 0x0000000089200000| PB 0x0000000089200000| Untracked 
| 117|0x0000000089300000, 0x0000000089300000, 0x0000000089400000|  0%| F|  |TAMS 0x0000000089300000| PB 0x0000000089300000| Untracked 
| 118|0x0000000089400000, 0x0000000089400000, 0x0000000089500000|  0%| F|  |TAMS 0x0000000089400000| PB 0x0000000089400000| Untracked 
| 119|0x0000000089500000, 0x0000000089500000, 0x0000000089600000|  0%| F|  |TAMS 0x0000000089500000| PB 0x0000000089500000| Untracked 
| 120|0x0000000089600000, 0x0000000089600000, 0x0000000089700000|  0%| F|  |TAMS 0x0000000089600000| PB 0x0000000089600000| Untracked 
| 121|0x0000000089700000, 0x0000000089700000, 0x0000000089800000|  0%| F|  |TAMS 0x0000000089700000| PB 0x0000000089700000| Untracked 
| 122|0x0000000089800000, 0x0000000089800000, 0x0000000089900000|  0%| F|  |TAMS 0x0000000089800000| PB 0x0000000089800000| Untracked 
| 123|0x0000000089900000, 0x0000000089900000, 0x0000000089a00000|  0%| F|  |TAMS 0x0000000089900000| PB 0x0000000089900000| Untracked 
| 124|0x0000000089a00000, 0x0000000089a15a08, 0x0000000089b00000|  8%| E|  |TAMS 0x0000000089a00000| PB 0x0000000089a00000| Complete 
| 125|0x0000000089b00000, 0x0000000089c00000, 0x0000000089c00000|100%| E|CS|TAMS 0x0000000089b00000| PB 0x0000000089b00000| Complete 
| 126|0x0000000089c00000, 0x0000000089cfe610, 0x0000000089d00000| 99%| E|  |TAMS 0x0000000089c00000| PB 0x0000000089c00000| Complete 
| 127|0x0000000089d00000, 0x0000000089e00000, 0x0000000089e00000|100%| E|CS|TAMS 0x0000000089d00000| PB 0x0000000089d00000| Complete 

Card table byte_map: [0x0000018ae0bb0000,0x0000018ae0fb0000] _byte_map_base: 0x0000018ae07a1000

Marking Bits: (CMBitMap*) 0x0000018ac904d580
 Bits: [0x0000018ae0fb0000, 0x0000018ae2f38000)

Polling page: 0x0000018ac87d0000

Metaspace:

Usage:
  Non-class:      5.92 MB used.
      Class:    504.66 KB used.
       Both:      6.42 MB used.

Virtual space:
  Non-class space:       64.00 MB reserved,       6.00 MB (  9%) committed,  1 nodes.
      Class space:        1.00 GB reserved,     512.00 KB ( <1%) committed,  1 nodes.
             Both:        1.06 GB reserved,       6.50 MB ( <1%) committed. 

Chunk freelists:
   Non-Class:  9.98 MB
       Class:  15.49 MB
        Both:  25.48 MB

MaxMetaspaceSize: unlimited
CompressedClassSpaceSize: 1.00 GB
Initial GC threshold: 21.00 MB
Current GC threshold: 21.00 MB
CDS: off
 - commit_granule_bytes: 65536.
 - commit_granule_words: 8192.
 - virtual_space_node_default_size: 8388608.
 - enlarge_chunks_in_place: 1.
 - use_allocation_guard: 0.


Internal statistics:

num_allocs_failed_limit: 0.
num_arena_births: 20.
num_arena_deaths: 0.
num_vsnodes_births: 2.
num_vsnodes_deaths: 0.
num_space_committed: 104.
num_space_uncommitted: 0.
num_chunks_returned_to_freelist: 0.
num_chunks_taken_from_freelist: 42.
num_chunk_merges: 0.
num_chunk_splits: 24.
num_chunks_enlarged: 13.
num_inconsistent_stats: 0.

CodeHeap 'non-profiled nmethods': size=120000Kb used=62Kb max_used=62Kb free=119937Kb
 bounds [0x0000018ad8f50000, 0x0000018ad91c0000, 0x0000018ae0480000]
CodeHeap 'profiled nmethods': size=120000Kb used=210Kb max_used=210Kb free=119790Kb
 bounds [0x0000018ad1480000, 0x0000018ad16f0000, 0x0000018ad89b0000]
CodeHeap 'non-nmethods': size=5760Kb used=1272Kb max_used=1289Kb free=4487Kb
 bounds [0x0000018ad89b0000, 0x0000018ad8c20000, 0x0000018ad8f50000]
 total_blobs=585 nmethods=194 adapters=296
 compilation: enabled
              stopped_count=0, restarted_count=0
 full_count=0

Compilation events (20 events):
Event: 0.230 Thread 0x0000018a840886b0  184       3       java.lang.System::allowSecurityManager (13 bytes)
Event: 0.230 Thread 0x0000018a840886b0 nmethod 184 0x0000018ad14b0c10 code [0x0000018ad14b0da0, 0x0000018ad14b0ea0]
Event: 0.230 Thread 0x0000018a840886b0  185       3       jdk.internal.misc.Unsafe::pickPos (14 bytes)
Event: 0.230 Thread 0x0000018a840886b0 nmethod 185 0x0000018ad14b0f10 code [0x0000018ad14b10a0, 0x0000018ad14b11a0]
Event: 0.231 Thread 0x0000018a840886b0  186       3       java.util.Arrays::copyOf (33 bytes)
Event: 0.231 Thread 0x0000018a840886b0 nmethod 186 0x0000018ad14b1210 code [0x0000018ad14b1400, 0x0000018ad14b18d0]
Event: 0.232 Thread 0x0000018a840886b0  187       3       java.lang.String::substring (58 bytes)
Event: 0.234 Thread 0x0000018a840886b0 nmethod 187 0x0000018ad14b1a10 code [0x0000018ad14b1c40, 0x0000018ad14b2240]
Event: 0.234 Thread 0x0000018a840886b0  188       3       java.lang.AbstractStringBuilder::<init> (39 bytes)
Event: 0.234 Thread 0x0000018a840886b0 nmethod 188 0x0000018ad14b2490 code [0x0000018ad14b2640, 0x0000018ad14b28c0]
Event: 0.234 Thread 0x0000018a840886b0  189       3       java.lang.StringBuilder::toString (9 bytes)
Event: 0.234 Thread 0x0000018a840886b0 nmethod 189 0x0000018ad14b2990 code [0x0000018ad14b2b40, 0x0000018ad14b2d48]
Event: 0.234 Thread 0x0000018a840886b0  190       3       java.lang.StringLatin1::lastIndexOf (40 bytes)
Event: 0.235 Thread 0x0000018a840886b0 nmethod 190 0x0000018ad14b2e10 code [0x0000018ad14b2fe0, 0x0000018ad14b33d0]
Event: 0.235 Thread 0x0000018a840886b0  191       3       jdk.internal.misc.Unsafe::toUnsignedLong (7 bytes)
Event: 0.235 Thread 0x0000018a840886b0 nmethod 191 0x0000018ad14b3510 code [0x0000018ad14b36a0, 0x0000018ad14b37a0]
Event: 0.237 Thread 0x0000018a840886b0  193       3       java.lang.String::startsWith (123 bytes)
Event: 0.238 Thread 0x0000018a840886b0 nmethod 193 0x0000018ad14b3810 code [0x0000018ad14b3a40, 0x0000018ad14b41b8]
Event: 0.238 Thread 0x0000018a840886b0  194       3       jdk.internal.util.Preconditions::checkIndex (18 bytes)
Event: 0.238 Thread 0x0000018a840886b0 nmethod 194 0x0000018ad14b4410 code [0x0000018ad14b45c0, 0x0000018ad14b4760]

GC Heap History (0 events):
No events

Dll operation events (5 events):
Event: 0.012 Loaded shared library C:\Program Files\Java\jdk-21\bin\java.dll
Event: 0.101 Loaded shared library C:\Program Files\Java\jdk-21\bin\jsvml.dll
Event: 0.201 Loaded shared library C:\Program Files\Java\jdk-21\bin\net.dll
Event: 0.202 Loaded shared library C:\Program Files\Java\jdk-21\bin\nio.dll
Event: 0.208 Loaded shared library C:\Program Files\Java\jdk-21\bin\zip.dll

Deoptimization events (6 events):
Event: 0.216 Thread 0x0000018ac6daf0f0 DEOPT PACKING pc=0x0000018ad14a6255 sp=0x0000004fc87fc3d0
Event: 0.216 Thread 0x0000018ac6daf0f0 DEOPT UNPACKING pc=0x0000018ad8a04e42 sp=0x0000004fc87fb840 mode 0
Event: 0.216 Thread 0x0000018ac6daf0f0 DEOPT PACKING pc=0x0000018ad14a6255 sp=0x0000004fc87fc3d0
Event: 0.216 Thread 0x0000018ac6daf0f0 DEOPT UNPACKING pc=0x0000018ad8a04e42 sp=0x0000004fc87fb840 mode 0
Event: 0.217 Thread 0x0000018ac6daf0f0 DEOPT PACKING pc=0x0000018ad14a6255 sp=0x0000004fc87fc3d0
Event: 0.217 Thread 0x0000018ac6daf0f0 DEOPT UNPACKING pc=0x0000018ad8a04e42 sp=0x0000004fc87fb840 mode 0

Classes loaded (20 events):
Event: 0.218 Loading class java/util/LinkedHashMap
Event: 0.218 Loading class java/util/SequencedMap
Event: 0.218 Loading class java/util/SequencedMap done
Event: 0.218 Loading class java/util/LinkedHashMap done
Event: 0.219 Loading class java/util/jar/Manifest$FastInputStream
Event: 0.219 Loading class java/util/jar/Manifest$FastInputStream done
Event: 0.219 Loading class java/io/ByteArrayOutputStream
Event: 0.219 Loading class java/io/ByteArrayOutputStream done
Event: 0.219 Loading class java/util/jar/Attributes$Name
Event: 0.219 Loading class java/util/jar/Attributes$Name done
Event: 0.220 Loading class java/util/zip/CRC32
Event: 0.220 Loading class java/util/zip/Checksum
Event: 0.220 Loading class java/util/zip/Checksum done
Event: 0.220 Loading class java/util/zip/CRC32 done
Event: 0.220 Loading class java/util/zip/Checksum$1
Event: 0.220 Loading class java/util/zip/Checksum$1 done
Event: 0.221 Loading class java/util/concurrent/ConcurrentHashMap$ForwardingNode
Event: 0.221 Loading class java/util/concurrent/ConcurrentHashMap$ForwardingNode done
Event: 0.221 Loading class java/io/IOException
Event: 0.221 Loading class java/io/IOException done

Classes unloaded (0 events):
No events

Classes redefined (0 events):
No events

Internal exceptions (0 events):
No events

ZGC Phase Switch (0 events):
No events

VM Operations (2 events):
Event: 0.218 Executing VM operation: HandshakeAllThreads (Deoptimize)
Event: 0.218 Executing VM operation: HandshakeAllThreads (Deoptimize) done

Events (11 events):
Event: 0.031 Thread 0x0000018ac6daf0f0 Thread added: 0x0000018ac6daf0f0
Event: 0.096 Thread 0x0000018a84073340 Thread added: 0x0000018a84073340
Event: 0.096 Thread 0x0000018a8405b3f0 Thread added: 0x0000018a8405b3f0
Event: 0.099 Thread 0x0000018a84066da0 Thread added: 0x0000018a84066da0
Event: 0.099 Thread 0x0000018a84067800 Thread added: 0x0000018a84067800
Event: 0.099 Thread 0x0000018a84064fd0 Thread added: 0x0000018a84064fd0
Event: 0.099 Thread 0x0000018a84068670 Thread added: 0x0000018a84068670
Event: 0.099 Thread 0x0000018a84069e10 Thread added: 0x0000018a84069e10
Event: 0.099 Thread 0x0000018a840886b0 Thread added: 0x0000018a840886b0
Event: 0.149 Thread 0x0000018a84220d40 Thread added: 0x0000018a84220d40
Event: 0.155 Thread 0x0000018a84224620 Thread added: 0x0000018a84224620


Dynamic libraries:
0x00007ff75dbb0000 - 0x00007ff75dbc0000 	C:\Program Files\Java\jdk-21\bin\java.exe
0x00007ffebe9d0000 - 0x00007ffebebc8000 	C:\Windows\SYSTEM32\ntdll.dll
0x00007ffebcf80000 - 0x00007ffebd03d000 	C:\Windows\System32\KERNEL32.DLL
0x00007ffebc680000 - 0x00007ffebc94e000 	C:\Windows\System32\KERNELBASE.dll
0x00007ffebc140000 - 0x00007ffebc240000 	C:\Windows\System32\ucrtbase.dll
0x00007ffe879f0000 - 0x00007ffe87a0b000 	C:\Program Files\Java\jdk-21\bin\VCRUNTIME140.dll
0x00007ffe87ad0000 - 0x00007ffe87ae9000 	C:\Program Files\Java\jdk-21\bin\jli.dll
0x00007ffebcb80000 - 0x00007ffebcc2e000 	C:\Windows\System32\ADVAPI32.dll
0x00007ffebdec0000 - 0x00007ffebdf5e000 	C:\Windows\System32\msvcrt.dll
0x00007ffebd3a0000 - 0x00007ffebd43c000 	C:\Windows\System32\sechost.dll
0x00007ffebe860000 - 0x00007ffebe985000 	C:\Windows\System32\RPCRT4.dll
0x00007ffebcde0000 - 0x00007ffebcf80000 	C:\Windows\System32\USER32.dll
0x00007ffebc350000 - 0x00007ffebc372000 	C:\Windows\System32\win32u.dll
0x00007ffebe1a0000 - 0x00007ffebe1ca000 	C:\Windows\System32\GDI32.dll
0x00007ffebc240000 - 0x00007ffebc34b000 	C:\Windows\System32\gdi32full.dll
0x00007ffebc380000 - 0x00007ffebc41d000 	C:\Windows\System32\msvcp_win.dll
0x00007ffe921b0000 - 0x00007ffe9244a000 	C:\Windows\WinSxS\amd64_microsoft.windows.common-controls_6595b64144ccf1df_6.0.19041.1110_none_60b5254171f9507e\COMCTL32.dll
0x00007ffeb6c10000 - 0x00007ffeb6c1a000 	C:\Windows\SYSTEM32\VERSION.dll
0x00007ffebe170000 - 0x00007ffebe1a0000 	C:\Windows\System32\IMM32.DLL
0x00007ffeac7e0000 - 0x00007ffeac7ec000 	C:\Program Files\Java\jdk-21\bin\vcruntime140_1.dll
0x00007ffe7f7a0000 - 0x00007ffe7f82e000 	C:\Program Files\Java\jdk-21\bin\msvcp140.dll
0x00007ffe47a70000 - 0x00007ffe4877d000 	C:\Program Files\Java\jdk-21\bin\server\jvm.dll
0x00007ffebe640000 - 0x00007ffebe6ab000 	C:\Windows\System32\WS2_32.dll
0x00007ffebbeb0000 - 0x00007ffebbefb000 	C:\Windows\SYSTEM32\POWRPROF.dll
0x00007ffea6450000 - 0x00007ffea6477000 	C:\Windows\SYSTEM32\WINMM.dll
0x00007ffebbe90000 - 0x00007ffebbea2000 	C:\Windows\SYSTEM32\UMPDC.dll
0x00007ffeb9fd0000 - 0x00007ffeb9fe2000 	C:\Windows\SYSTEM32\kernel.appcore.dll
0x00007ffeab450000 - 0x00007ffeab45a000 	C:\Program Files\Java\jdk-21\bin\jimage.dll
0x00007ffea64a0000 - 0x00007ffea6684000 	C:\Windows\SYSTEM32\DBGHELP.DLL
0x00007ffea62d0000 - 0x00007ffea62fc000 	C:\Windows\SYSTEM32\dbgcore.DLL
0x00007ffebc490000 - 0x00007ffebc512000 	C:\Windows\System32\bcryptPrimitives.dll
0x00007ffe87840000 - 0x00007ffe8785f000 	C:\Program Files\Java\jdk-21\bin\java.dll
0x00007ffebd6e0000 - 0x00007ffebde24000 	C:\Windows\System32\SHELL32.dll
0x00007ffeba1d0000 - 0x00007ffeba964000 	C:\Windows\SYSTEM32\windows.storage.dll
0x00007ffebd040000 - 0x00007ffebd394000 	C:\Windows\System32\combase.dll
0x00007ffebb9a0000 - 0x00007ffebb9d0000 	C:\Windows\SYSTEM32\Wldp.dll
0x00007ffebd620000 - 0x00007ffebd6cd000 	C:\Windows\System32\SHCORE.dll
0x00007ffebde60000 - 0x00007ffebdeb5000 	C:\Windows\System32\shlwapi.dll
0x00007ffebc030000 - 0x00007ffebc04f000 	C:\Windows\SYSTEM32\profapi.dll
0x00007ffe71090000 - 0x00007ffe71167000 	C:\Program Files\Java\jdk-21\bin\jsvml.dll
0x00007ffeab370000 - 0x00007ffeab380000 	C:\Program Files\Java\jdk-21\bin\net.dll
0x00007ffeb6410000 - 0x00007ffeb651a000 	C:\Windows\SYSTEM32\WINHTTP.dll
0x00007ffebb780000 - 0x00007ffebb7ea000 	C:\Windows\system32\mswsock.dll
0x00007ffe87670000 - 0x00007ffe87686000 	C:\Program Files\Java\jdk-21\bin\nio.dll
0x00007ffe87650000 - 0x00007ffe87668000 	C:\Program Files\Java\jdk-21\bin\zip.dll

dbghelp: loaded successfully - version: 4.0.5 - missing functions: none
symbol engine: initialized successfully - sym options: 0x614 - pdb path: .;C:\Program Files\Java\jdk-21\bin;C:\Windows\SYSTEM32;C:\Windows\WinSxS\amd64_microsoft.windows.common-controls_6595b64144ccf1df_6.0.19041.1110_none_60b5254171f9507e;C:\Program Files\Java\jdk-21\bin\server

VM Arguments:
jvm_args: -XX:+ShowCodeDetailsInExceptionMessages 
java_command: sae.Main
java_class_path (initial): C:\Users\Etudiant\Documents\GitHub\sae-3-01-devapp-2024-2025-g1b5\Application\app\target\classes;C:\Users\Etudiant\.m2\repository\org\openjfx\javafx-controls\21\javafx-controls-21.jar;C:\Users\Etudiant\.m2\repository\org\openjfx\javafx-controls\21\javafx-controls-21-win.jar;C:\Users\Etudiant\.m2\repository\org\openjfx\javafx-graphics\21\javafx-graphics-21.jar;C:\Users\Etudiant\.m2\repository\org\openjfx\javafx-graphics\21\javafx-graphics-21-win.jar;C:\Users\Etudiant\.m2\repository\org\openjfx\javafx-fxml\21\javafx-fxml-21.jar;C:\Users\Etudiant\.m2\repository\org\openjfx\javafx-fxml\21\javafx-fxml-21-win.jar;C:\Users\Etudiant\.m2\repository\org\openjfx\javafx-base\21\javafx-base-21.jar;C:\Users\Etudiant\.m2\repository\org\openjfx\javafx-base\21\javafx-base-21-win.jar;C:\Users\Etudiant\.m2\repository\org\openjfx\javafx-web\21\javafx-web-21.jar;C:\Users\Etudiant\.m2\repository\org\openjfx\javafx-web\21\javafx-web-21-win.jar;C:\Users\Etudiant\.m2\repository\org\openjfx\javafx-media\21\javafx-media-21.jar;C:\Users\Etudiant\.m2\repository\org\openjfx\javafx-media\21\javafx-media-21-win.jar;C:\Users\Etudiant\.m2\repository\com\fasterxml\jackson\core\jackson-databind\2.15.2\jackson-databind-2.15.2.jar;C:\Users\Etudiant\.m2\repository\com\fasterxml\jackson\core\jackson-annotations\2.15.2\jackson-annotations-2.15.2.jar;C:\Users\Etudiant\.m2\repository\com\fasterxml\jackson\core\jackson-core\2.15.2\jackson-core-2.15.2.jar;C:\Users\Etudiant\.m2\repository\com\googlecode\json-simple\json-simple\1.1.1\json-simple-1.1.1.jar;C:\Users\Etudiant\.m2\repository\junit\junit\4.10\junit-4.10.jar;C:\Users\Etudiant\.m2\repository\org\hamcrest\hamcrest-core\1.1\hamcrest-core-1.1.jar;C:\Users\Etudiant\.m2\repository\org\eclipse\paho\org.eclipse.paho.client.mqttv3\1.2.5\org.eclipse.paho.client.mqttv3-1.2.5.jar
Launcher Type: SUN_STANDARD

[Global flags]
     intx CICompilerCount                          = 4                                         {product} {ergonomic}
     uint ConcGCThreads                            = 2                                         {product} {ergonomic}
     uint G1ConcRefinementThreads                  = 8                                         {product} {ergonomic}
   size_t G1HeapRegionSize                         = 1048576                                   {product} {ergonomic}
    uintx GCDrainStackTargetSize                   = 64                                        {product} {ergonomic}
   size_t InitialHeapSize                          = 134217728                                 {product} {ergonomic}
   size_t MarkStackSize                            = 4194304                                   {product} {ergonomic}
   size_t MaxHeapSize                              = 2116026368                                {product} {ergonomic}
   size_t MaxNewSize                               = 1268776960                                {product} {ergonomic}
   size_t MinHeapDeltaBytes                        = 1048576                                   {product} {ergonomic}
   size_t MinHeapSize                              = 8388608                                   {product} {ergonomic}
    uintx NonNMethodCodeHeapSize                   = 5839372                                {pd product} {ergonomic}
    uintx NonProfiledCodeHeapSize                  = 122909434                              {pd product} {ergonomic}
    uintx ProfiledCodeHeapSize                     = 122909434                              {pd product} {ergonomic}
    uintx ReservedCodeCacheSize                    = 251658240                              {pd product} {ergonomic}
     bool SegmentedCodeCache                       = true                                      {product} {ergonomic}
     bool ShowCodeDetailsInExceptionMessages       = true                                   {manageable} {command line}
   size_t SoftMaxHeapSize                          = 2116026368                             {manageable} {ergonomic}
     bool UseCompressedOops                        = true                           {product lp64_product} {ergonomic}
     bool UseG1GC                                  = true                                      {product} {ergonomic}
     bool UseLargePagesIndividualAllocation        = false                                  {pd product} {ergonomic}

Logging:
Log output configuration:
 #0: stdout all=warning uptime,level,tags foldmultilines=false
 #1: stderr all=off uptime,level,tags foldmultilines=false

Environment Variables:
JAVA_HOME=C:\Program Files\Java\jdk-21
PATH=C:\Program Files\PowerShell\7;C:\Python312\Scripts\;C:\Python312\;C:\app\Etudiant\product\21c\dbhomeXE\bin;C:\Program Files\Common Files\Oracle\Java\javapath;C:\Program Files\Python310\Scripts\;C:\Program Files\Python310\;C:\Windows\system32;C:\Windows;C:\Windows\System32\Wbem;C:\Windows\System32\WindowsPowerShell\v1.0\;C:\Windows\System32\OpenSSH\;C:\Program Files\PuTTY\;C:\Program Files\Microsoft VS Code\bin;C:\ProgramData\chocolatey\bin;C:\Program Files\Java\jdk-17.0.3.1\bin;C:\apache-ant-1.10.7\bin;C:\apache-maven-3.6.2\bin;C:\GnuCobol3.1\bin;C:\Gradle\bin;C:\Program Files\Graphviz\bin;C:\Program Files\Docker\Docker\resources\bin;C:\ProgramData\DockerDesktop\version-bin;C:\Program Files\TortoiseSVN\bin;C:\Program Files\TortoiseGit\bin;C:\Program Files (x86)\Microsoft SQL Server\150\DTS\Binn\;C:\Program Files\Microsoft SQL Server\Client SDK\ODBC\170\Tools\Binn\;C:\Program Files (x86)\Microsoft SQL Server\150\Tools\Binn\;C:\Program Files\Microsoft SQL Server\150\Tools\Binn\;C:\Program Files\Microsoft SQL Server\150\DTS\Binn\;C:\Program Files\Azure Data Studio\bin;C:\bin;C:\src\flutter\bin;C:\tools\dart-sdk\bin;C:\Program Files\Php;C:\Program Files\PowerShell\7\;C:\Program Files\nodejs\;C:\Users\Etudiant\AppData\Local\Microsoft\WindowsApps;C:\Program Files\Oracle\VirtualBox;C:\Users\Etudiant\AppData\Roaming\npm;C:\Users\Etudiant\AppData\Local\GitHubDesktop\bin;C:\Users\Etudiant\AppData\Local\Programs\Git\cmd
USERNAME=Etudiant
LANG=en_US.UTF-8
OS=Windows_NT
PROCESSOR_IDENTIFIER=Intel64 Family 6 Model 94 Stepping 3, GenuineIntel
TMP=C:\Users\Etudiant\AppData\Local\Temp
TEMP=C:\Users\Etudiant\AppData\Local\Temp




Periodic native trim disabled

---------------  S Y S T E M  ---------------

OS:
 Windows 10 , 64 bit Build 19041 (10.0.19041.1806)
OS uptime: 0 days 5:55 hours
Hyper-V role detected

CPU: total 8 (initial active 8) (4 cores per cpu, 2 threads per core) family 6 model 94 stepping 3 microcode 0xf0, cx8, cmov, fxsr, ht, mmx, 3dnowpref, sse, sse2, sse3, ssse3, sse4.1, sse4.2, popcnt, lzcnt, tsc, tscinvbit, avx, avx2, aes, erms, clmul, bmi1, bmi2, rtm, adx, fma, vzeroupper, clflush, clflushopt, hv, rdtscp, f16c
Processor Information for all 8 processors :
  Max Mhz: 3408, Current Mhz: 3408, Mhz Limit: 3408

Memory: 4k page, system-wide physical 8067M (775M free)
TotalPageFile size 11011M (AvailPageFile size 13M)
current process WorkingSet (physical memory assigned to process): 33M, peak: 33M
current process commit charge ("private bytes"): 205M, peak: 205M

vm_info: Java HotSpot(TM) 64-Bit Server VM (21.0.3+7-LTS-152) for windows-amd64 JRE (21.0.3+7-LTS-152), built on 2024-03-11T17:42:26Z by "mach5one" with MS VC++ 17.6 (VS2022)

END.
