#
# There is insufficient memory for the Java Runtime Environment to continue.
# Native memory allocation (malloc) failed to allocate 32744 bytes for Chunk::new
# Possible reasons:
#   The system is out of physical RAM or swap space
#   The process is running with CompressedOops enabled, and the Java Heap may be blocking the growth of the native heap
# Possible solutions:
#   Reduce memory load on the system
#   Increase physical memory or swap space
#   Check if swap backing store is full
#   Decrease Java heap size (-Xmx/-Xms)
#   Decrease number of Java threads
#   Decrease Java thread stack sizes (-Xss)
#   Set larger code cache with -XX:ReservedCodeCacheSize=
#   JVM is running with Unscaled Compressed Oops mode in which the Java heap is
#     placed in the first 4GB address space. The Java Heap base address is the
#     maximum limit for the native heap growth. Please use -XX:HeapBaseMinAddress
#     to set the Java Heap base and to place the Java Heap above 4GB virtual address.
# This output file may be truncated or incomplete.
#
#  Out of Memory Error (arena.cpp:168), pid=6220, tid=7272
#
# JRE version: Java(TM) SE Runtime Environment (21.0.3+7) (build 21.0.3+7-LTS-152)
# Java VM: Java HotSpot(TM) 64-Bit Server VM (21.0.3+7-LTS-152, mixed mode, sharing, tiered, compressed oops, compressed class ptrs, g1 gc, windows-amd64)
# No core dump will be written. Minidumps are not enabled by default on client versions of Windows
#

---------------  S U M M A R Y ------------

Command Line: -XX:+ShowCodeDetailsInExceptionMessages sae.Main

Host: Intel(R) Core(TM) i7-6700 CPU @ 3.40GHz, 8 cores, 7G,  Windows 10 , 64 bit Build 19041 (10.0.19041.1806)
Time: Wed Dec  4 17:14:25 2024 Paris, Madrid elapsed time: 1.232449 seconds (0d 0h 0m 1s)

---------------  T H R E A D  ---------------

Current thread (0x000001514c6d1550):  JavaThread "C1 CompilerThread0" daemon [_thread_in_native, id=7272, stack(0x0000000dd0b00000,0x0000000dd0c00000) (1024K)]


Current CompileTask:
C1:   1232 1263   !   3       com.sun.javafx.css.ParsedValueImpl::readBinary (691 bytes)

Stack: [0x0000000dd0b00000,0x0000000dd0c00000]
Native frames: (J=compiled Java code, j=interpreted, Vv=VM code, C=native code)
V  [jvm.dll+0x6c63b9]
V  [jvm.dll+0x84fa11]
V  [jvm.dll+0x851f3e]
V  [jvm.dll+0x852613]
V  [jvm.dll+0x27cd46]
V  [jvm.dll+0xc4aad]
V  [jvm.dll+0xc4fe3]
V  [jvm.dll+0x16b937]
V  [jvm.dll+0x19b49b]
V  [jvm.dll+0x1985d9]
V  [jvm.dll+0x1533b3]
V  [jvm.dll+0x152bf8]
V  [jvm.dll+0x152e44]
V  [jvm.dll+0x152276]
V  [jvm.dll+0x15404d]
V  [jvm.dll+0x254609]
V  [jvm.dll+0x252b9a]
V  [jvm.dll+0x3eb056]
V  [jvm.dll+0x7f9ffb]
V  [jvm.dll+0x6c4a9d]
C  [ucrtbase.dll+0x21bb2]
C  [KERNEL32.DLL+0x17034]
C  [ntdll.dll+0x52651]


---------------  P R O C E S S  ---------------

Threads class SMR info:
_java_thread_list=0x0000015196bfe140, length=18, elements={
0x000001512dc2c610, 0x000001514c69b900, 0x000001514c69c9d0, 0x000001514c6a2650,
0x000001514c6a3330, 0x000001514c6a4890, 0x000001514c6a54a0, 0x000001514c6aca90,
0x000001514c6d1550, 0x000001514c976010, 0x000001514c992620, 0x000001514ca0aeb0,
0x000001514cae20f0, 0x00000151924a6ec0, 0x000001519276fc40, 0x0000015192754790,
0x0000015196a2a480, 0x0000015196cdf320
}

Java Threads: ( => current thread )
  0x000001512dc2c610 JavaThread "main"                              [_thread_blocked, id=13320, stack(0x0000000dcfc00000,0x0000000dcfd00000) (1024K)]
  0x000001514c69b900 JavaThread "Reference Handler"          daemon [_thread_blocked, id=6068, stack(0x0000000dd0400000,0x0000000dd0500000) (1024K)]
  0x000001514c69c9d0 JavaThread "Finalizer"                  daemon [_thread_blocked, id=5680, stack(0x0000000dd0500000,0x0000000dd0600000) (1024K)]
  0x000001514c6a2650 JavaThread "Signal Dispatcher"          daemon [_thread_blocked, id=4984, stack(0x0000000dd0600000,0x0000000dd0700000) (1024K)]
  0x000001514c6a3330 JavaThread "Attach Listener"            daemon [_thread_blocked, id=5888, stack(0x0000000dd0700000,0x0000000dd0800000) (1024K)]
  0x000001514c6a4890 JavaThread "Service Thread"             daemon [_thread_blocked, id=11024, stack(0x0000000dd0800000,0x0000000dd0900000) (1024K)]
  0x000001514c6a54a0 JavaThread "Monitor Deflation Thread"   daemon [_thread_blocked, id=1080, stack(0x0000000dd0900000,0x0000000dd0a00000) (1024K)]
  0x000001514c6aca90 JavaThread "C2 CompilerThread0"         daemon [_thread_blocked, id=12744, stack(0x0000000dd0a00000,0x0000000dd0b00000) (1024K)]
=>0x000001514c6d1550 JavaThread "C1 CompilerThread0"         daemon [_thread_in_native, id=7272, stack(0x0000000dd0b00000,0x0000000dd0c00000) (1024K)]
  0x000001514c976010 JavaThread "Notification Thread"        daemon [_thread_blocked, id=13132, stack(0x0000000dd0c00000,0x0000000dd0d00000) (1024K)]
  0x000001514c992620 JavaThread "Common-Cleaner"             daemon [_thread_blocked, id=2784, stack(0x0000000dd0d00000,0x0000000dd0e00000) (1024K)]
  0x000001514ca0aeb0 JavaThread "JavaFX-Launcher"                   [_thread_blocked, id=13496, stack(0x0000000dd0e00000,0x0000000dd0f00000) (1024K)]
  0x000001514cae20f0 JavaThread "C2 CompilerThread1"         daemon [_thread_in_native, id=6664, stack(0x0000000dd0f00000,0x0000000dd1000000) (1024K)]
  0x00000151924a6ec0 JavaThread "QuantumRenderer-0"          daemon [_thread_blocked, id=6864, stack(0x0000000dd1000000,0x0000000dd1100000) (1024K)]
  0x000001519276fc40 JavaThread "InvokeLaterDispatcher"      daemon [_thread_blocked, id=10848, stack(0x0000000dd1100000,0x0000000dd1200000) (1024K)]
  0x0000015192754790 JavaThread "JavaFX Application Thread"         [_thread_in_vm, id=12652, stack(0x0000000dd1200000,0x0000000dd1300000) (1024K)]
  0x0000015196a2a480 JavaThread "Thread-2"                   daemon [_thread_in_native, id=12772, stack(0x0000000dd1600000,0x0000000dd1700000) (1024K)]
  0x0000015196cdf320 JavaThread "C2 CompilerThread2"         daemon [_thread_in_native, id=9740, stack(0x0000000dd1e00000,0x0000000dd1f00000) (1024K)]
Total: 18

Other Threads:
  0x000001514c678140 VMThread "VM Thread"                           [id=13044, stack(0x0000000dd0300000,0x0000000dd0400000) (1024K)]
  0x000001514c6625a0 WatcherThread "VM Periodic Task Thread"        [id=13072, stack(0x0000000dd0200000,0x0000000dd0300000) (1024K)]
  0x000001512fd7c870 WorkerThread "GC Thread#0"                     [id=8792, stack(0x0000000dcfd00000,0x0000000dcfe00000) (1024K)]
  0x0000015196b31e70 WorkerThread "GC Thread#1"                     [id=8772, stack(0x0000000dd1700000,0x0000000dd1800000) (1024K)]
  0x0000015196bac860 WorkerThread "GC Thread#2"                     [id=14164, stack(0x0000000dd1800000,0x0000000dd1900000) (1024K)]
  0x0000015196bacc00 WorkerThread "GC Thread#3"                     [id=10392, stack(0x0000000dd1900000,0x0000000dd1a00000) (1024K)]
  0x0000015196b12a00 WorkerThread "GC Thread#4"                     [id=14012, stack(0x0000000dd1a00000,0x0000000dd1b00000) (1024K)]
  0x0000015196b12da0 WorkerThread "GC Thread#5"                     [id=12736, stack(0x0000000dd1b00000,0x0000000dd1c00000) (1024K)]
  0x0000015196beceb0 WorkerThread "GC Thread#6"                     [id=13224, stack(0x0000000dd1c00000,0x0000000dd1d00000) (1024K)]
  0x0000015196ca2190 WorkerThread "GC Thread#7"                     [id=8304, stack(0x0000000dd1d00000,0x0000000dd1e00000) (1024K)]
  0x000001512fd8d640 ConcurrentGCThread "G1 Main Marker"            [id=6708, stack(0x0000000dcfe00000,0x0000000dcff00000) (1024K)]
  0x000001512fd8e8e0 WorkerThread "G1 Conc#0"                       [id=1204, stack(0x0000000dcff00000,0x0000000dd0000000) (1024K)]
  0x000001514c5220c0 ConcurrentGCThread "G1 Refine#0"               [id=13252, stack(0x0000000dd0000000,0x0000000dd0100000) (1024K)]
  0x000001514c522b40 ConcurrentGCThread "G1 Service"                [id=2612, stack(0x0000000dd0100000,0x0000000dd0200000) (1024K)]
Total: 14

Threads with active compile tasks:
C1 CompilerThread0     1283 1263   !   3       com.sun.javafx.css.ParsedValueImpl::readBinary (691 bytes)
C2 CompilerThread1     1283 1244   !   4       java.io.BufferedInputStream::read (69 bytes)
C2 CompilerThread2     1283 1293       4       java.io.DataInputStream::readByte (6 bytes)
Total: 3

VM state: not at safepoint (normal execution)

VM Mutex/Monitor currently owned by a thread:  ([mutex/lock_event])
[0x00007ffe486a0d28] Metaspace_lock - owner thread: 0x0000015192754790

Heap address: 0x0000000081e00000, size: 2018 MB, Compressed Oops mode: 32-bit

CDS archive(s) mapped at: [0x000001514d000000-0x000001514dc90000-0x000001514dc90000), size 13172736, SharedBaseAddress: 0x000001514d000000, ArchiveRelocationMode: 1.
Compressed class space mapped at: 0x000001514e000000-0x000001518e000000, reserved size: 1073741824
Narrow klass base: 0x000001514d000000, Narrow klass shift: 0, Narrow klass range: 0x100000000

GC Precious Log:
 CardTable entry size: 512
 Card Set container configuration: InlinePtr #cards 5 size 8 Array Of Cards #cards 12 size 40 Howl #buckets 4 coarsen threshold 1843 Howl Bitmap #cards 512 size 80 coarsen threshold 460 Card regions per heap region 1 cards per card region 2048
 CPUs: 8 total, 8 available
 Memory: 8067M
 Large Page Support: Disabled
 NUMA Support: Disabled
 Compressed Oops: Enabled (32-bit)
 Heap Region Size: 1M
 Heap Min Capacity: 8M
 Heap Initial Capacity: 128M
 Heap Max Capacity: 2018M
 Pre-touch: Disabled
 Parallel Workers: 8
 Concurrent Workers: 2
 Concurrent Refinement Workers: 8
 Periodic GC: Disabled

Heap:
 garbage-first heap   total 131072K, used 9475K [0x0000000081e00000, 0x0000000100000000)
  region size 1024K, 9 young (9216K), 3 survivors (3072K)
 Metaspace       used 9585K, committed 9792K, reserved 1114112K
  class space    used 1290K, committed 1344K, reserved 1048576K

Heap Regions: E=young(eden), S=young(survivor), O=old, HS=humongous(starts), HC=humongous(continues), CS=collection set, F=free, TAMS=top-at-mark-start, PB=parsable bottom
|   0|0x0000000081e00000, 0x0000000081f00000, 0x0000000081f00000|100%| O|  |TAMS 0x0000000081e00000| PB 0x0000000081e00000| Untracked 
|   1|0x0000000081f00000, 0x0000000081f40fd0, 0x0000000082000000| 25%| O|  |TAMS 0x0000000081f00000| PB 0x0000000081f00000| Untracked 
|   2|0x0000000082000000, 0x0000000082000000, 0x0000000082100000|  0%| F|  |TAMS 0x0000000082000000| PB 0x0000000082000000| Untracked 
|   3|0x0000000082100000, 0x0000000082100000, 0x0000000082200000|  0%| F|  |TAMS 0x0000000082100000| PB 0x0000000082100000| Untracked 
|   4|0x0000000082200000, 0x0000000082200000, 0x0000000082300000|  0%| F|  |TAMS 0x0000000082200000| PB 0x0000000082200000| Untracked 
|   5|0x0000000082300000, 0x0000000082300000, 0x0000000082400000|  0%| F|  |TAMS 0x0000000082300000| PB 0x0000000082300000| Untracked 
|   6|0x0000000082400000, 0x0000000082400000, 0x0000000082500000|  0%| F|  |TAMS 0x0000000082400000| PB 0x0000000082400000| Untracked 
|   7|0x0000000082500000, 0x0000000082500000, 0x0000000082600000|  0%| F|  |TAMS 0x0000000082500000| PB 0x0000000082500000| Untracked 
|   8|0x0000000082600000, 0x0000000082600000, 0x0000000082700000|  0%| F|  |TAMS 0x0000000082600000| PB 0x0000000082600000| Untracked 
|   9|0x0000000082700000, 0x0000000082700000, 0x0000000082800000|  0%| F|  |TAMS 0x0000000082700000| PB 0x0000000082700000| Untracked 
|  10|0x0000000082800000, 0x0000000082800000, 0x0000000082900000|  0%| F|  |TAMS 0x0000000082800000| PB 0x0000000082800000| Untracked 
|  11|0x0000000082900000, 0x0000000082900000, 0x0000000082a00000|  0%| F|  |TAMS 0x0000000082900000| PB 0x0000000082900000| Untracked 
|  12|0x0000000082a00000, 0x0000000082a00000, 0x0000000082b00000|  0%| F|  |TAMS 0x0000000082a00000| PB 0x0000000082a00000| Untracked 
|  13|0x0000000082b00000, 0x0000000082b00000, 0x0000000082c00000|  0%| F|  |TAMS 0x0000000082b00000| PB 0x0000000082b00000| Untracked 
|  14|0x0000000082c00000, 0x0000000082c00000, 0x0000000082d00000|  0%| F|  |TAMS 0x0000000082c00000| PB 0x0000000082c00000| Untracked 
|  15|0x0000000082d00000, 0x0000000082d00000, 0x0000000082e00000|  0%| F|  |TAMS 0x0000000082d00000| PB 0x0000000082d00000| Untracked 
|  16|0x0000000082e00000, 0x0000000082e00000, 0x0000000082f00000|  0%| F|  |TAMS 0x0000000082e00000| PB 0x0000000082e00000| Untracked 
|  17|0x0000000082f00000, 0x0000000082f00000, 0x0000000083000000|  0%| F|  |TAMS 0x0000000082f00000| PB 0x0000000082f00000| Untracked 
|  18|0x0000000083000000, 0x0000000083000000, 0x0000000083100000|  0%| F|  |TAMS 0x0000000083000000| PB 0x0000000083000000| Untracked 
|  19|0x0000000083100000, 0x0000000083100000, 0x0000000083200000|  0%| F|  |TAMS 0x0000000083100000| PB 0x0000000083100000| Untracked 
|  20|0x0000000083200000, 0x0000000083200000, 0x0000000083300000|  0%| F|  |TAMS 0x0000000083200000| PB 0x0000000083200000| Untracked 
|  21|0x0000000083300000, 0x0000000083300000, 0x0000000083400000|  0%| F|  |TAMS 0x0000000083300000| PB 0x0000000083300000| Untracked 
|  22|0x0000000083400000, 0x0000000083400000, 0x0000000083500000|  0%| F|  |TAMS 0x0000000083400000| PB 0x0000000083400000| Untracked 
|  23|0x0000000083500000, 0x0000000083500000, 0x0000000083600000|  0%| F|  |TAMS 0x0000000083500000| PB 0x0000000083500000| Untracked 
|  24|0x0000000083600000, 0x0000000083600000, 0x0000000083700000|  0%| F|  |TAMS 0x0000000083600000| PB 0x0000000083600000| Untracked 
|  25|0x0000000083700000, 0x0000000083700000, 0x0000000083800000|  0%| F|  |TAMS 0x0000000083700000| PB 0x0000000083700000| Untracked 
|  26|0x0000000083800000, 0x0000000083800000, 0x0000000083900000|  0%| F|  |TAMS 0x0000000083800000| PB 0x0000000083800000| Untracked 
|  27|0x0000000083900000, 0x0000000083900000, 0x0000000083a00000|  0%| F|  |TAMS 0x0000000083900000| PB 0x0000000083900000| Untracked 
|  28|0x0000000083a00000, 0x0000000083a00000, 0x0000000083b00000|  0%| F|  |TAMS 0x0000000083a00000| PB 0x0000000083a00000| Untracked 
|  29|0x0000000083b00000, 0x0000000083b00000, 0x0000000083c00000|  0%| F|  |TAMS 0x0000000083b00000| PB 0x0000000083b00000| Untracked 
|  30|0x0000000083c00000, 0x0000000083c00000, 0x0000000083d00000|  0%| F|  |TAMS 0x0000000083c00000| PB 0x0000000083c00000| Untracked 
|  31|0x0000000083d00000, 0x0000000083d00000, 0x0000000083e00000|  0%| F|  |TAMS 0x0000000083d00000| PB 0x0000000083d00000| Untracked 
|  32|0x0000000083e00000, 0x0000000083e00000, 0x0000000083f00000|  0%| F|  |TAMS 0x0000000083e00000| PB 0x0000000083e00000| Untracked 
|  33|0x0000000083f00000, 0x0000000083f00000, 0x0000000084000000|  0%| F|  |TAMS 0x0000000083f00000| PB 0x0000000083f00000| Untracked 
|  34|0x0000000084000000, 0x0000000084000000, 0x0000000084100000|  0%| F|  |TAMS 0x0000000084000000| PB 0x0000000084000000| Untracked 
|  35|0x0000000084100000, 0x0000000084100000, 0x0000000084200000|  0%| F|  |TAMS 0x0000000084100000| PB 0x0000000084100000| Untracked 
|  36|0x0000000084200000, 0x0000000084200000, 0x0000000084300000|  0%| F|  |TAMS 0x0000000084200000| PB 0x0000000084200000| Untracked 
|  37|0x0000000084300000, 0x0000000084300000, 0x0000000084400000|  0%| F|  |TAMS 0x0000000084300000| PB 0x0000000084300000| Untracked 
|  38|0x0000000084400000, 0x0000000084400000, 0x0000000084500000|  0%| F|  |TAMS 0x0000000084400000| PB 0x0000000084400000| Untracked 
|  39|0x0000000084500000, 0x0000000084500000, 0x0000000084600000|  0%| F|  |TAMS 0x0000000084500000| PB 0x0000000084500000| Untracked 
|  40|0x0000000084600000, 0x0000000084600000, 0x0000000084700000|  0%| F|  |TAMS 0x0000000084600000| PB 0x0000000084600000| Untracked 
|  41|0x0000000084700000, 0x0000000084700000, 0x0000000084800000|  0%| F|  |TAMS 0x0000000084700000| PB 0x0000000084700000| Untracked 
|  42|0x0000000084800000, 0x0000000084800000, 0x0000000084900000|  0%| F|  |TAMS 0x0000000084800000| PB 0x0000000084800000| Untracked 
|  43|0x0000000084900000, 0x0000000084900000, 0x0000000084a00000|  0%| F|  |TAMS 0x0000000084900000| PB 0x0000000084900000| Untracked 
|  44|0x0000000084a00000, 0x0000000084a00000, 0x0000000084b00000|  0%| F|  |TAMS 0x0000000084a00000| PB 0x0000000084a00000| Untracked 
|  45|0x0000000084b00000, 0x0000000084b00000, 0x0000000084c00000|  0%| F|  |TAMS 0x0000000084b00000| PB 0x0000000084b00000| Untracked 
|  46|0x0000000084c00000, 0x0000000084c00000, 0x0000000084d00000|  0%| F|  |TAMS 0x0000000084c00000| PB 0x0000000084c00000| Untracked 
|  47|0x0000000084d00000, 0x0000000084d00000, 0x0000000084e00000|  0%| F|  |TAMS 0x0000000084d00000| PB 0x0000000084d00000| Untracked 
|  48|0x0000000084e00000, 0x0000000084e00000, 0x0000000084f00000|  0%| F|  |TAMS 0x0000000084e00000| PB 0x0000000084e00000| Untracked 
|  49|0x0000000084f00000, 0x0000000084f00000, 0x0000000085000000|  0%| F|  |TAMS 0x0000000084f00000| PB 0x0000000084f00000| Untracked 
|  50|0x0000000085000000, 0x0000000085000000, 0x0000000085100000|  0%| F|  |TAMS 0x0000000085000000| PB 0x0000000085000000| Untracked 
|  51|0x0000000085100000, 0x0000000085100000, 0x0000000085200000|  0%| F|  |TAMS 0x0000000085100000| PB 0x0000000085100000| Untracked 
|  52|0x0000000085200000, 0x0000000085200000, 0x0000000085300000|  0%| F|  |TAMS 0x0000000085200000| PB 0x0000000085200000| Untracked 
|  53|0x0000000085300000, 0x0000000085300000, 0x0000000085400000|  0%| F|  |TAMS 0x0000000085300000| PB 0x0000000085300000| Untracked 
|  54|0x0000000085400000, 0x0000000085400000, 0x0000000085500000|  0%| F|  |TAMS 0x0000000085400000| PB 0x0000000085400000| Untracked 
|  55|0x0000000085500000, 0x0000000085500000, 0x0000000085600000|  0%| F|  |TAMS 0x0000000085500000| PB 0x0000000085500000| Untracked 
|  56|0x0000000085600000, 0x0000000085600000, 0x0000000085700000|  0%| F|  |TAMS 0x0000000085600000| PB 0x0000000085600000| Untracked 
|  57|0x0000000085700000, 0x0000000085700000, 0x0000000085800000|  0%| F|  |TAMS 0x0000000085700000| PB 0x0000000085700000| Untracked 
|  58|0x0000000085800000, 0x0000000085800000, 0x0000000085900000|  0%| F|  |TAMS 0x0000000085800000| PB 0x0000000085800000| Untracked 
|  59|0x0000000085900000, 0x0000000085900000, 0x0000000085a00000|  0%| F|  |TAMS 0x0000000085900000| PB 0x0000000085900000| Untracked 
|  60|0x0000000085a00000, 0x0000000085a00000, 0x0000000085b00000|  0%| F|  |TAMS 0x0000000085a00000| PB 0x0000000085a00000| Untracked 
|  61|0x0000000085b00000, 0x0000000085b00000, 0x0000000085c00000|  0%| F|  |TAMS 0x0000000085b00000| PB 0x0000000085b00000| Untracked 
|  62|0x0000000085c00000, 0x0000000085c00000, 0x0000000085d00000|  0%| F|  |TAMS 0x0000000085c00000| PB 0x0000000085c00000| Untracked 
|  63|0x0000000085d00000, 0x0000000085d00000, 0x0000000085e00000|  0%| F|  |TAMS 0x0000000085d00000| PB 0x0000000085d00000| Untracked 
|  64|0x0000000085e00000, 0x0000000085e00000, 0x0000000085f00000|  0%| F|  |TAMS 0x0000000085e00000| PB 0x0000000085e00000| Untracked 
|  65|0x0000000085f00000, 0x0000000085f00000, 0x0000000086000000|  0%| F|  |TAMS 0x0000000085f00000| PB 0x0000000085f00000| Untracked 
|  66|0x0000000086000000, 0x0000000086000000, 0x0000000086100000|  0%| F|  |TAMS 0x0000000086000000| PB 0x0000000086000000| Untracked 
|  67|0x0000000086100000, 0x0000000086100000, 0x0000000086200000|  0%| F|  |TAMS 0x0000000086100000| PB 0x0000000086100000| Untracked 
|  68|0x0000000086200000, 0x0000000086200000, 0x0000000086300000|  0%| F|  |TAMS 0x0000000086200000| PB 0x0000000086200000| Untracked 
|  69|0x0000000086300000, 0x0000000086300000, 0x0000000086400000|  0%| F|  |TAMS 0x0000000086300000| PB 0x0000000086300000| Untracked 
|  70|0x0000000086400000, 0x0000000086400000, 0x0000000086500000|  0%| F|  |TAMS 0x0000000086400000| PB 0x0000000086400000| Untracked 
|  71|0x0000000086500000, 0x0000000086500000, 0x0000000086600000|  0%| F|  |TAMS 0x0000000086500000| PB 0x0000000086500000| Untracked 
|  72|0x0000000086600000, 0x0000000086600000, 0x0000000086700000|  0%| F|  |TAMS 0x0000000086600000| PB 0x0000000086600000| Untracked 
|  73|0x0000000086700000, 0x0000000086700000, 0x0000000086800000|  0%| F|  |TAMS 0x0000000086700000| PB 0x0000000086700000| Untracked 
|  74|0x0000000086800000, 0x0000000086800000, 0x0000000086900000|  0%| F|  |TAMS 0x0000000086800000| PB 0x0000000086800000| Untracked 
|  75|0x0000000086900000, 0x0000000086900000, 0x0000000086a00000|  0%| F|  |TAMS 0x0000000086900000| PB 0x0000000086900000| Untracked 
|  76|0x0000000086a00000, 0x0000000086a00000, 0x0000000086b00000|  0%| F|  |TAMS 0x0000000086a00000| PB 0x0000000086a00000| Untracked 
|  77|0x0000000086b00000, 0x0000000086b00000, 0x0000000086c00000|  0%| F|  |TAMS 0x0000000086b00000| PB 0x0000000086b00000| Untracked 
|  78|0x0000000086c00000, 0x0000000086c00000, 0x0000000086d00000|  0%| F|  |TAMS 0x0000000086c00000| PB 0x0000000086c00000| Untracked 
|  79|0x0000000086d00000, 0x0000000086d00000, 0x0000000086e00000|  0%| F|  |TAMS 0x0000000086d00000| PB 0x0000000086d00000| Untracked 
|  80|0x0000000086e00000, 0x0000000086e00000, 0x0000000086f00000|  0%| F|  |TAMS 0x0000000086e00000| PB 0x0000000086e00000| Untracked 
|  81|0x0000000086f00000, 0x0000000086f00000, 0x0000000087000000|  0%| F|  |TAMS 0x0000000086f00000| PB 0x0000000086f00000| Untracked 
|  82|0x0000000087000000, 0x0000000087000000, 0x0000000087100000|  0%| F|  |TAMS 0x0000000087000000| PB 0x0000000087000000| Untracked 
|  83|0x0000000087100000, 0x0000000087100000, 0x0000000087200000|  0%| F|  |TAMS 0x0000000087100000| PB 0x0000000087100000| Untracked 
|  84|0x0000000087200000, 0x0000000087200000, 0x0000000087300000|  0%| F|  |TAMS 0x0000000087200000| PB 0x0000000087200000| Untracked 
|  85|0x0000000087300000, 0x0000000087300000, 0x0000000087400000|  0%| F|  |TAMS 0x0000000087300000| PB 0x0000000087300000| Untracked 
|  86|0x0000000087400000, 0x0000000087400000, 0x0000000087500000|  0%| F|  |TAMS 0x0000000087400000| PB 0x0000000087400000| Untracked 
|  87|0x0000000087500000, 0x0000000087500000, 0x0000000087600000|  0%| F|  |TAMS 0x0000000087500000| PB 0x0000000087500000| Untracked 
|  88|0x0000000087600000, 0x0000000087600000, 0x0000000087700000|  0%| F|  |TAMS 0x0000000087600000| PB 0x0000000087600000| Untracked 
|  89|0x0000000087700000, 0x0000000087700000, 0x0000000087800000|  0%| F|  |TAMS 0x0000000087700000| PB 0x0000000087700000| Untracked 
|  90|0x0000000087800000, 0x0000000087800000, 0x0000000087900000|  0%| F|  |TAMS 0x0000000087800000| PB 0x0000000087800000| Untracked 
|  91|0x0000000087900000, 0x0000000087900000, 0x0000000087a00000|  0%| F|  |TAMS 0x0000000087900000| PB 0x0000000087900000| Untracked 
|  92|0x0000000087a00000, 0x0000000087a00000, 0x0000000087b00000|  0%| F|  |TAMS 0x0000000087a00000| PB 0x0000000087a00000| Untracked 
|  93|0x0000000087b00000, 0x0000000087b00000, 0x0000000087c00000|  0%| F|  |TAMS 0x0000000087b00000| PB 0x0000000087b00000| Untracked 
|  94|0x0000000087c00000, 0x0000000087c00000, 0x0000000087d00000|  0%| F|  |TAMS 0x0000000087c00000| PB 0x0000000087c00000| Untracked 
|  95|0x0000000087d00000, 0x0000000087d00000, 0x0000000087e00000|  0%| F|  |TAMS 0x0000000087d00000| PB 0x0000000087d00000| Untracked 
|  96|0x0000000087e00000, 0x0000000087e00000, 0x0000000087f00000|  0%| F|  |TAMS 0x0000000087e00000| PB 0x0000000087e00000| Untracked 
|  97|0x0000000087f00000, 0x0000000087f00000, 0x0000000088000000|  0%| F|  |TAMS 0x0000000087f00000| PB 0x0000000087f00000| Untracked 
|  98|0x0000000088000000, 0x0000000088000000, 0x0000000088100000|  0%| F|  |TAMS 0x0000000088000000| PB 0x0000000088000000| Untracked 
|  99|0x0000000088100000, 0x0000000088100000, 0x0000000088200000|  0%| F|  |TAMS 0x0000000088100000| PB 0x0000000088100000| Untracked 
| 100|0x0000000088200000, 0x0000000088200000, 0x0000000088300000|  0%| F|  |TAMS 0x0000000088200000| PB 0x0000000088200000| Untracked 
| 101|0x0000000088300000, 0x0000000088300000, 0x0000000088400000|  0%| F|  |TAMS 0x0000000088300000| PB 0x0000000088300000| Untracked 
| 102|0x0000000088400000, 0x0000000088500000, 0x0000000088500000|100%| S|CS|TAMS 0x0000000088400000| PB 0x0000000088400000| Complete 
| 103|0x0000000088500000, 0x0000000088600000, 0x0000000088600000|100%| S|CS|TAMS 0x0000000088500000| PB 0x0000000088500000| Complete 
| 104|0x0000000088600000, 0x0000000088700000, 0x0000000088700000|100%| S|CS|TAMS 0x0000000088600000| PB 0x0000000088600000| Complete 
| 105|0x0000000088700000, 0x0000000088700000, 0x0000000088800000|  0%| F|  |TAMS 0x0000000088700000| PB 0x0000000088700000| Untracked 
| 106|0x0000000088800000, 0x0000000088800000, 0x0000000088900000|  0%| F|  |TAMS 0x0000000088800000| PB 0x0000000088800000| Untracked 
| 107|0x0000000088900000, 0x0000000088900000, 0x0000000088a00000|  0%| F|  |TAMS 0x0000000088900000| PB 0x0000000088900000| Untracked 
| 108|0x0000000088a00000, 0x0000000088a00000, 0x0000000088b00000|  0%| F|  |TAMS 0x0000000088a00000| PB 0x0000000088a00000| Untracked 
| 109|0x0000000088b00000, 0x0000000088b00000, 0x0000000088c00000|  0%| F|  |TAMS 0x0000000088b00000| PB 0x0000000088b00000| Untracked 
| 110|0x0000000088c00000, 0x0000000088c00000, 0x0000000088d00000|  0%| F|  |TAMS 0x0000000088c00000| PB 0x0000000088c00000| Untracked 
| 111|0x0000000088d00000, 0x0000000088d00000, 0x0000000088e00000|  0%| F|  |TAMS 0x0000000088d00000| PB 0x0000000088d00000| Untracked 
| 112|0x0000000088e00000, 0x0000000088e00000, 0x0000000088f00000|  0%| F|  |TAMS 0x0000000088e00000| PB 0x0000000088e00000| Untracked 
| 113|0x0000000088f00000, 0x0000000088f00000, 0x0000000089000000|  0%| F|  |TAMS 0x0000000088f00000| PB 0x0000000088f00000| Untracked 
| 114|0x0000000089000000, 0x0000000089000000, 0x0000000089100000|  0%| F|  |TAMS 0x0000000089000000| PB 0x0000000089000000| Untracked 
| 115|0x0000000089100000, 0x0000000089100000, 0x0000000089200000|  0%| F|  |TAMS 0x0000000089100000| PB 0x0000000089100000| Untracked 
| 116|0x0000000089200000, 0x0000000089200000, 0x0000000089300000|  0%| F|  |TAMS 0x0000000089200000| PB 0x0000000089200000| Untracked 
| 117|0x0000000089300000, 0x0000000089300000, 0x0000000089400000|  0%| F|  |TAMS 0x0000000089300000| PB 0x0000000089300000| Untracked 
| 118|0x0000000089400000, 0x0000000089400000, 0x0000000089500000|  0%| F|  |TAMS 0x0000000089400000| PB 0x0000000089400000| Untracked 
| 119|0x0000000089500000, 0x0000000089500000, 0x0000000089600000|  0%| F|  |TAMS 0x0000000089500000| PB 0x0000000089500000| Untracked 
| 120|0x0000000089600000, 0x0000000089600000, 0x0000000089700000|  0%| F|  |TAMS 0x0000000089600000| PB 0x0000000089600000| Untracked 
| 121|0x0000000089700000, 0x0000000089700000, 0x0000000089800000|  0%| F|  |TAMS 0x0000000089700000| PB 0x0000000089700000| Untracked 
| 122|0x0000000089800000, 0x00000000898d0688, 0x0000000089900000| 81%| E|  |TAMS 0x0000000089800000| PB 0x0000000089800000| Complete 
| 123|0x0000000089900000, 0x0000000089a00000, 0x0000000089a00000|100%| E|CS|TAMS 0x0000000089900000| PB 0x0000000089900000| Complete 
| 124|0x0000000089a00000, 0x0000000089b00000, 0x0000000089b00000|100%| E|CS|TAMS 0x0000000089a00000| PB 0x0000000089a00000| Complete 
| 125|0x0000000089b00000, 0x0000000089c00000, 0x0000000089c00000|100%| E|CS|TAMS 0x0000000089b00000| PB 0x0000000089b00000| Complete 
| 126|0x0000000089c00000, 0x0000000089d00000, 0x0000000089d00000|100%| E|CS|TAMS 0x0000000089c00000| PB 0x0000000089c00000| Complete 
| 127|0x0000000089d00000, 0x0000000089e00000, 0x0000000089e00000|100%| E|CS|TAMS 0x0000000089d00000| PB 0x0000000089d00000| Complete 

Card table byte_map: [0x00000151478f0000,0x0000015147cf0000] _byte_map_base: 0x00000151474e1000

Marking Bits: (CMBitMap*) 0x000001512fd7cf70
 Bits: [0x0000015147cf0000, 0x0000015149c78000)

Polling page: 0x000001512dbc0000

Metaspace:

Usage:
  Non-class:      8.10 MB used.
      Class:      1.26 MB used.
       Both:      9.36 MB used.

Virtual space:
  Non-class space:       64.00 MB reserved,       8.25 MB ( 13%) committed,  1 nodes.
      Class space:        1.00 GB reserved,       1.31 MB ( <1%) committed,  1 nodes.
             Both:        1.06 GB reserved,       9.56 MB ( <1%) committed. 

Chunk freelists:
   Non-Class:  6.89 MB
       Class:  14.50 MB
        Both:  21.39 MB

MaxMetaspaceSize: unlimited
CompressedClassSpaceSize: 1.00 GB
Initial GC threshold: 21.00 MB
Current GC threshold: 21.00 MB
CDS: on
 - commit_granule_bytes: 65536.
 - commit_granule_words: 8192.
 - virtual_space_node_default_size: 8388608.
 - enlarge_chunks_in_place: 1.
 - use_allocation_guard: 0.


Internal statistics:

num_allocs_failed_limit: 0.
num_arena_births: 200.
num_arena_deaths: 0.
num_vsnodes_births: 2.
num_vsnodes_deaths: 0.
num_space_committed: 153.
num_space_uncommitted: 0.
num_chunks_returned_to_freelist: 0.
num_chunks_taken_from_freelist: 465.
num_chunk_merges: 0.
num_chunk_splits: 327.
num_chunks_enlarged: 240.
num_inconsistent_stats: 0.

CodeHeap 'non-profiled nmethods': size=120000Kb used=455Kb max_used=455Kb free=119544Kb
 bounds [0x000001513fc80000, 0x000001513fef0000, 0x00000151471b0000]
CodeHeap 'profiled nmethods': size=120000Kb used=2242Kb max_used=2242Kb free=117757Kb
 bounds [0x00000151381b0000, 0x0000015138420000, 0x000001513f6e0000]
CodeHeap 'non-nmethods': size=5760Kb used=1566Kb max_used=1600Kb free=4193Kb
 bounds [0x000001513f6e0000, 0x000001513f950000, 0x000001513fc80000]
 total_blobs=1900 nmethods=1270 adapters=535
 compilation: enabled
              stopped_count=0, restarted_count=0
 full_count=0

Compilation events (20 events):
Event: 1.210 Thread 0x000001514c6d1550 nmethod 1223 0x00000151383dca90 code [0x00000151383dcc40, 0x00000151383dcdb0]
Event: 1.210 Thread 0x000001514c6d1550 1224       3       com.sun.javafx.css.BitSet::add (125 bytes)
Event: 1.210 Thread 0x000001514c6d1550 nmethod 1224 0x00000151383dce90 code [0x00000151383dd0a0, 0x00000151383dd818]
Event: 1.211 Thread 0x000001514c6d1550 1225       3       com.sun.javafx.collections.SetListenerHelper::hasListeners (10 bytes)
Event: 1.211 Thread 0x000001514c6d1550 nmethod 1225 0x00000151383dda90 code [0x00000151383ddc20, 0x00000151383ddd68]
Event: 1.211 Thread 0x000001514c6d1550 1248       3       java.util.Collections$UnmodifiableRandomAccessList::<init> (6 bytes)
Event: 1.211 Thread 0x000001514c6d1550 nmethod 1248 0x00000151383dde10 code [0x00000151383ddfe0, 0x00000151383de3c0]
Event: 1.212 Thread 0x000001514c6d1550 1249       3       java.util.Collections$UnmodifiableList::<init> (11 bytes)
Event: 1.212 Thread 0x000001514c6d1550 nmethod 1249 0x00000151383de510 code [0x00000151383de6e0, 0x00000151383dea68]
Event: 1.216 Thread 0x000001514cae20f0 nmethod 1243 0x000001513fce7010 code [0x000001513fce7200, 0x000001513fce77e0]
Event: 1.216 Thread 0x000001514cae20f0 1244   !   4       java.io.BufferedInputStream::read (69 bytes)
Event: 1.216 Thread 0x000001514c6d1550 1259       3       java.lang.reflect.Method::isCallerSensitive (38 bytes)
Event: 1.217 Thread 0x000001514c6d1550 nmethod 1259 0x00000151383deb90 code [0x00000151383dede0, 0x00000151383df780]
Event: 1.218 Thread 0x000001514c6d1550 1260  s    3       java.io.ByteArrayInputStream::read (73 bytes)
Event: 1.218 Thread 0x000001514c6d1550 nmethod 1260 0x00000151383dfa90 code [0x00000151383dfc80, 0x00000151383e0280]
Event: 1.218 Thread 0x000001514c6d1550 1261       3       java.io.DataInputStream::readBoolean (13 bytes)
Event: 1.218 Thread 0x000001514c6d1550 nmethod 1261 0x00000151383e0410 code [0x00000151383e05e0, 0x00000151383e0968]
Event: 1.218 Thread 0x000001514c6d1550 1263   !   3       com.sun.javafx.css.ParsedValueImpl::readBinary (691 bytes)
Event: 1.223 Thread 0x0000015196cdf320 nmethod 1245 0x000001513fce7b10 code [0x000001513fce7da0, 0x000001513fce8ce8]
Event: 1.225 Thread 0x0000015196cdf320 1266       4       java.util.HashMap::getNode (150 bytes)

GC Heap History (2 events):
Event: 1.073 GC heap before
{Heap before GC invocations=0 (full 0):
 garbage-first heap   total 131072K, used 22528K [0x0000000081e00000, 0x0000000100000000)
  region size 1024K, 23 young (23552K), 0 survivors (0K)
 Metaspace       used 8288K, committed 8512K, reserved 1114112K
  class space    used 1052K, committed 1152K, reserved 1048576K
}
Event: 1.079 GC heap after
{Heap after GC invocations=1 (full 0):
 garbage-first heap   total 131072K, used 4355K [0x0000000081e00000, 0x0000000100000000)
  region size 1024K, 3 young (3072K), 3 survivors (3072K)
 Metaspace       used 8288K, committed 8512K, reserved 1114112K
  class space    used 1052K, committed 1152K, reserved 1048576K
}

Dll operation events (20 events):
Event: 0.502 Loaded shared library C:\Users\Etudiant\.openjfx\cache\21+31\amd64\api-ms-win-crt-heap-l1-1-0.dll
Event: 0.507 Loaded shared library C:\Users\Etudiant\.openjfx\cache\21+31\amd64\api-ms-win-crt-locale-l1-1-0.dll
Event: 0.512 Loaded shared library C:\Users\Etudiant\.openjfx\cache\21+31\amd64\api-ms-win-crt-math-l1-1-0.dll
Event: 0.516 Loaded shared library C:\Users\Etudiant\.openjfx\cache\21+31\amd64\api-ms-win-crt-multibyte-l1-1-0.dll
Event: 0.522 Loaded shared library C:\Users\Etudiant\.openjfx\cache\21+31\amd64\api-ms-win-crt-private-l1-1-0.dll
Event: 0.526 Loaded shared library C:\Users\Etudiant\.openjfx\cache\21+31\amd64\api-ms-win-crt-process-l1-1-0.dll
Event: 0.530 Loaded shared library C:\Users\Etudiant\.openjfx\cache\21+31\amd64\api-ms-win-crt-runtime-l1-1-0.dll
Event: 0.534 Loaded shared library C:\Users\Etudiant\.openjfx\cache\21+31\amd64\api-ms-win-crt-stdio-l1-1-0.dll
Event: 0.539 Loaded shared library C:\Users\Etudiant\.openjfx\cache\21+31\amd64\api-ms-win-crt-string-l1-1-0.dll
Event: 0.543 Loaded shared library C:\Users\Etudiant\.openjfx\cache\21+31\amd64\api-ms-win-crt-time-l1-1-0.dll
Event: 0.548 Loaded shared library C:\Users\Etudiant\.openjfx\cache\21+31\amd64\api-ms-win-crt-utility-l1-1-0.dll
Event: 0.572 Loaded shared library C:\Users\Etudiant\.openjfx\cache\21+31\amd64\ucrtbase.dll
Event: 0.578 Loaded shared library C:\Users\Etudiant\.openjfx\cache\21+31\amd64\vcruntime140.dll
Event: 0.583 Loaded shared library C:\Users\Etudiant\.openjfx\cache\21+31\amd64\vcruntime140_1.dll
Event: 0.598 Loaded shared library C:\Users\Etudiant\.openjfx\cache\21+31\amd64\msvcp140.dll
Event: 0.601 Loaded shared library C:\Users\Etudiant\.openjfx\cache\21+31\amd64\msvcp140_1.dll
Event: 0.608 Loaded shared library C:\Users\Etudiant\.openjfx\cache\21+31\amd64\msvcp140_2.dll
Event: 0.661 Loaded shared library C:\Users\Etudiant\.openjfx\cache\21+31\amd64\prism_d3d.dll
Event: 0.719 Loaded shared library C:\Users\Etudiant\.openjfx\cache\21+31\amd64\glass.dll
Event: 0.935 Loaded shared library C:\Users\Etudiant\.openjfx\cache\21+31\amd64\javafx_font.dll

Deoptimization events (20 events):
Event: 1.188 Thread 0x0000015192754790 Uncommon trap: trap_request=0xffffff45 fr.pc=0x000001513fcb1590 relative=0x00000000000000d0
Event: 1.188 Thread 0x0000015192754790 Uncommon trap: reason=unstable_if action=reinterpret pc=0x000001513fcb1590 method=jdk.internal.misc.Unsafe.convEndian(ZI)I @ 4 c2
Event: 1.188 Thread 0x0000015192754790 DEOPT PACKING pc=0x000001513fcb1590 sp=0x0000000dd12fca90
Event: 1.188 Thread 0x0000015192754790 DEOPT UNPACKING pc=0x000001513f7346a2 sp=0x0000000dd12fc928 mode 2
Event: 1.191 Thread 0x0000015192754790 Uncommon trap: trap_request=0xffffffde fr.pc=0x000001513fca9718 relative=0x0000000000001438
Event: 1.191 Thread 0x0000015192754790 Uncommon trap: reason=class_check action=maybe_recompile pc=0x000001513fca9718 method=java.io.BufferedInputStream.implRead([BII)I @ 100 c2
Event: 1.192 Thread 0x0000015192754790 DEOPT PACKING pc=0x000001513fca9718 sp=0x0000000dd12fcb30
Event: 1.192 Thread 0x0000015192754790 DEOPT UNPACKING pc=0x000001513f7346a2 sp=0x0000000dd12fca10 mode 2
Event: 1.192 Thread 0x0000015192754790 Uncommon trap: trap_request=0xffffffde fr.pc=0x000001513fca9718 relative=0x0000000000001438
Event: 1.192 Thread 0x0000015192754790 Uncommon trap: reason=class_check action=maybe_recompile pc=0x000001513fca9718 method=java.io.BufferedInputStream.implRead([BII)I @ 100 c2
Event: 1.192 Thread 0x0000015192754790 DEOPT PACKING pc=0x000001513fca9718 sp=0x0000000dd12fcb30
Event: 1.192 Thread 0x0000015192754790 DEOPT UNPACKING pc=0x000001513f7346a2 sp=0x0000000dd12fca10 mode 2
Event: 1.193 Thread 0x0000015192754790 Uncommon trap: trap_request=0xffffffde fr.pc=0x000001513fca9718 relative=0x0000000000001438
Event: 1.193 Thread 0x0000015192754790 Uncommon trap: reason=class_check action=maybe_recompile pc=0x000001513fca9718 method=java.io.BufferedInputStream.implRead([BII)I @ 100 c2
Event: 1.193 Thread 0x0000015192754790 DEOPT PACKING pc=0x000001513fca9718 sp=0x0000000dd12fcb30
Event: 1.193 Thread 0x0000015192754790 DEOPT UNPACKING pc=0x000001513f7346a2 sp=0x0000000dd12fca10 mode 2
Event: 1.196 Thread 0x0000015192754790 Uncommon trap: trap_request=0xffffffde fr.pc=0x000001513fca9718 relative=0x0000000000001438
Event: 1.196 Thread 0x0000015192754790 Uncommon trap: reason=class_check action=maybe_recompile pc=0x000001513fca9718 method=java.io.BufferedInputStream.implRead([BII)I @ 100 c2
Event: 1.196 Thread 0x0000015192754790 DEOPT PACKING pc=0x000001513fca9718 sp=0x0000000dd12fcb30
Event: 1.196 Thread 0x0000015192754790 DEOPT UNPACKING pc=0x000001513f7346a2 sp=0x0000000dd12fca10 mode 2

Classes loaded (20 events):
Event: 1.158 Loading class java/util/ImmutableCollections$Access$1
Event: 1.158 Loading class jdk/internal/access/JavaUtilCollectionAccess
Event: 1.158 Loading class jdk/internal/access/JavaUtilCollectionAccess done
Event: 1.158 Loading class java/util/ImmutableCollections$Access$1 done
Event: 1.159 Loading class java/util/stream/Nodes$SpinedNodeBuilder
Event: 1.159 Loading class java/util/stream/SpinedBuffer
Event: 1.159 Loading class java/util/stream/AbstractSpinedBuffer
Event: 1.159 Loading class java/util/stream/AbstractSpinedBuffer done
Event: 1.159 Loading class java/util/stream/SpinedBuffer done
Event: 1.159 Loading class java/util/stream/Nodes$SpinedNodeBuilder done
Event: 1.160 Loading class java/util/ResourceBundle$Control$2
Event: 1.160 Loading class java/util/ResourceBundle$Control$2 done
Event: 1.160 Loading class java/util/PropertyResourceBundle
Event: 1.160 Loading class java/util/PropertyResourceBundle done
Event: 1.160 Loading class sun/util/PropertyResourceBundleCharset
Event: 1.160 Loading class sun/util/PropertyResourceBundleCharset done
Event: 1.160 Loading class sun/util/PropertyResourceBundleCharset$PropertiesFileDecoder
Event: 1.160 Loading class sun/util/PropertyResourceBundleCharset$PropertiesFileDecoder done
Event: 1.179 Loading class java/text/CharacterIterator
Event: 1.179 Loading class java/text/CharacterIterator done

Classes unloaded (0 events):
No events

Classes redefined (0 events):
No events

Internal exceptions (19 events):
Event: 0.180 Thread 0x000001512dc2c610 Exception <a 'java/lang/NoSuchMethodError'{0x0000000089a4e050}: 'java.lang.Object java.lang.invoke.DirectMethodHandle$Holder.newInvokeSpecial(java.lang.Object, java.lang.Object, java.lang.Object, java.lang.Object, java.lang.Object)'> (0x0000000089a4e050) 
thrown [s\open\src\hotspot\share\interpreter\linkResolver.cpp, line 773]
Event: 0.181 Thread 0x000001514ca0aeb0 Exception <a 'java/lang/NoSuchMethodError'{0x0000000089cfed40}: 'void java.lang.invoke.DirectMethodHandle$Holder.invokeStatic(java.lang.Object, java.lang.Object)'> (0x0000000089cfed40) 
thrown [s\open\src\hotspot\share\interpreter\linkResolver.cpp, line 773]
Event: 0.260 Thread 0x000001514ca0aeb0 Exception <a 'java/lang/NoSuchMethodError'{0x0000000089828f68}: 'java.lang.Object java.lang.invoke.DirectMethodHandle$Holder.invokeStatic(java.lang.Object, int, java.lang.Object)'> (0x0000000089828f68) 
thrown [s\open\src\hotspot\share\interpreter\linkResolver.cpp, line 773]
Event: 0.263 Thread 0x000001514ca0aeb0 Exception <a 'java/lang/NoSuchMethodError'{0x0000000089837588}: 'void java.lang.invoke.DirectMethodHandle$Holder.invokeSpecial(java.lang.Object, java.lang.Object, java.lang.Object)'> (0x0000000089837588) 
thrown [s\open\src\hotspot\share\interpreter\linkResolver.cpp, line 773]
Event: 0.269 Thread 0x000001514ca0aeb0 Exception <a 'java/lang/ClassNotFoundException'{0x000000008986a538}: sun/util/logging/resources/spi/loggingProvider> (0x000000008986a538) 
thrown [s\open\src\hotspot\share\classfile\systemDictionary.cpp, line 312]
Event: 0.649 Thread 0x000001514ca0aeb0 Exception <a 'java/lang/NoSuchMethodError'{0x0000000089201bd0}: 'void java.lang.invoke.DirectMethodHandle$Holder.invokeStatic(java.lang.Object, java.lang.Object, java.lang.Object)'> (0x0000000089201bd0) 
thrown [s\open\src\hotspot\share\interpreter\linkResolver.cpp, line 773]
Event: 0.695 Thread 0x000001514ca0aeb0 Exception <a 'java/lang/NoSuchMethodError'{0x0000000089219cb0}: 'int java.lang.invoke.DirectMethodHandle$Holder.invokeStaticInit(java.lang.Object, java.lang.Object, java.lang.Object)'> (0x0000000089219cb0) 
thrown [s\open\src\hotspot\share\interpreter\linkResolver.cpp, line 773]
Event: 0.723 Thread 0x000001514ca0aeb0 Exception <a 'java/lang/NoSuchMethodError'{0x000000008912fbb0}: 'java.lang.Object java.lang.invoke.DirectMethodHandle$Holder.newInvokeSpecial(java.lang.Object, java.lang.Object, int, java.lang.Object)'> (0x000000008912fbb0) 
thrown [s\open\src\hotspot\share\interpreter\linkResolver.cpp, line 773]
Event: 0.724 Thread 0x000001514ca0aeb0 Exception <a 'java/lang/NoSuchMethodError'{0x0000000089133a58}: 'java.lang.Object java.lang.invoke.DirectMethodHandle$Holder.invokeSpecial(java.lang.Object, java.lang.Object, java.lang.Object, int, java.lang.Object)'> (0x0000000089133a58) 
thrown [s\open\src\hotspot\share\interpreter\linkResolver.cpp, line 773]
Event: 0.789 Thread 0x0000015192754790 Exception <a 'java/lang/NoSuchMethodError'{0x0000000088fb5e68}: 'void java.lang.invoke.DirectMethodHandle$Holder.invokeStaticInit(java.lang.Object)'> (0x0000000088fb5e68) 
thrown [s\open\src\hotspot\share\interpreter\linkResolver.cpp, line 773]
Event: 0.794 Thread 0x000001514ca0aeb0 Exception <a 'java/lang/NoSuchMethodError'{0x00000000891423c8}: 'void java.lang.invoke.DirectMethodHandle$Holder.invokeStatic(java.lang.Object, java.lang.Object, java.lang.Object, java.lang.Object)'> (0x00000000891423c8) 
thrown [s\open\src\hotspot\share\interpreter\linkResolver.cpp, line 773]
Event: 0.869 Thread 0x0000015192754790 Exception <a 'java/lang/NoSuchMethodError'{0x0000000088c5eac8}: 'java.lang.Object java.lang.invoke.DirectMethodHandle$Holder.invokeStaticInit(java.lang.Object, java.lang.Object, java.lang.Object, java.lang.Object)'> (0x0000000088c5eac8) 
thrown [s\open\src\hotspot\share\interpreter\linkResolver.cpp, line 773]
Event: 0.871 Thread 0x0000015192754790 Exception <a 'java/lang/NullPointerException'{0x0000000088c68158}> (0x0000000088c68158) 
thrown [s\open\src\hotspot\share\interpreter\linkResolver.cpp, line 1372]
Event: 1.100 Thread 0x0000015192754790 Exception <a 'java/lang/NoSuchMethodError'{0x0000000089c4dba0}: 'void java.lang.invoke.Invokers$Holder.invokeExact_MT(java.lang.Object, java.lang.Object, java.lang.Object, java.lang.Object)'> (0x0000000089c4dba0) 
thrown [s\open\src\hotspot\share\interpreter\linkResolver.cpp, line 773]
Event: 1.114 Thread 0x0000015192754790 Exception <a 'java/lang/NoSuchMethodError'{0x0000000089c90cb8}: 'void java.lang.invoke.DirectMethodHandle$Holder.invokeSpecial(java.lang.Object, java.lang.Object, double)'> (0x0000000089c90cb8) 
thrown [s\open\src\hotspot\share\interpreter\linkResolver.cpp, line 773]
Event: 1.115 Thread 0x0000015192754790 Exception <a 'java/lang/NoSuchMethodError'{0x0000000089c9b8a0}: 'double java.lang.invoke.DelegatingMethodHandle$Holder.reinvoke_L(java.lang.Object, java.lang.Object, int)'> (0x0000000089c9b8a0) 
thrown [s\open\src\hotspot\share\interpreter\linkResolver.cpp, line 773]
Event: 1.117 Thread 0x0000015192754790 Exception <a 'java/lang/NoSuchMethodError'{0x0000000089cad2e0}: 'java.lang.Object java.lang.invoke.DirectMethodHandle$Holder.invokeStatic(java.lang.Object, java.lang.Object, java.lang.Object, java.lang.Object, int)'> (0x0000000089cad2e0) 
thrown [s\open\src\hotspot\share\interpreter\linkResolver.cpp, line 773]
Event: 1.119 Thread 0x0000015192754790 Exception <a 'java/lang/NoSuchMethodError'{0x0000000089cb8410}: 'void java.lang.invoke.DelegatingMethodHandle$Holder.reinvoke_L(java.lang.Object, java.lang.Object, double)'> (0x0000000089cb8410) 
thrown [s\open\src\hotspot\share\interpreter\linkResolver.cpp, line 773]
Event: 1.158 Thread 0x0000015192754790 Exception <a 'java/lang/NoSuchMethodError'{0x0000000089b53478}: 'java.lang.Object java.lang.invoke.DirectMethodHandle$Holder.invokeInterface(java.lang.Object, java.lang.Object)'> (0x0000000089b53478) 
thrown [s\open\src\hotspot\share\interpreter\linkResolver.cpp, line 773]

ZGC Phase Switch (0 events):
No events

VM Operations (10 events):
Event: 0.154 Executing VM operation: HandshakeAllThreads (Deoptimize)
Event: 0.154 Executing VM operation: HandshakeAllThreads (Deoptimize) done
Event: 0.313 Executing VM operation: HandshakeAllThreads (Deoptimize)
Event: 0.313 Executing VM operation: HandshakeAllThreads (Deoptimize) done
Event: 0.333 Executing VM operation: HandshakeAllThreads (Deoptimize)
Event: 0.333 Executing VM operation: HandshakeAllThreads (Deoptimize) done
Event: 0.708 Executing VM operation: HandshakeAllThreads (Deoptimize)
Event: 0.708 Executing VM operation: HandshakeAllThreads (Deoptimize) done
Event: 1.073 Executing VM operation: G1CollectForAllocation (G1 Evacuation Pause)
Event: 1.079 Executing VM operation: G1CollectForAllocation (G1 Evacuation Pause) done

Events (18 events):
Event: 0.068 Thread 0x000001512dc2c610 Thread added: 0x000001512dc2c610
Event: 0.089 Thread 0x000001514c69b900 Thread added: 0x000001514c69b900
Event: 0.089 Thread 0x000001514c69c9d0 Thread added: 0x000001514c69c9d0
Event: 0.089 Thread 0x000001514c6a2650 Thread added: 0x000001514c6a2650
Event: 0.089 Thread 0x000001514c6a3330 Thread added: 0x000001514c6a3330
Event: 0.089 Thread 0x000001514c6a4890 Thread added: 0x000001514c6a4890
Event: 0.090 Thread 0x000001514c6a54a0 Thread added: 0x000001514c6a54a0
Event: 0.090 Thread 0x000001514c6aca90 Thread added: 0x000001514c6aca90
Event: 0.090 Thread 0x000001514c6d1550 Thread added: 0x000001514c6d1550
Event: 0.111 Thread 0x000001514c976010 Thread added: 0x000001514c976010
Event: 0.114 Thread 0x000001514c992620 Thread added: 0x000001514c992620
Event: 0.181 Thread 0x000001514ca0aeb0 Thread added: 0x000001514ca0aeb0
Event: 0.224 Thread 0x000001514cae20f0 Thread added: 0x000001514cae20f0
Event: 0.649 Thread 0x00000151924a6ec0 Thread added: 0x00000151924a6ec0
Event: 0.722 Thread 0x000001519276fc40 Thread added: 0x000001519276fc40
Event: 0.725 Thread 0x0000015192754790 Thread added: 0x0000015192754790
Event: 0.815 Thread 0x0000015196a2a480 Thread added: 0x0000015196a2a480
Event: 1.198 Thread 0x0000015196cdf320 Thread added: 0x0000015196cdf320


Dynamic libraries:
0x00007ff75dbb0000 - 0x00007ff75dbc0000 	C:\Program Files\Java\jdk-21\bin\java.exe
0x00007ffebe9d0000 - 0x00007ffebebc8000 	C:\Windows\SYSTEM32\ntdll.dll
0x00007ffebcf80000 - 0x00007ffebd03d000 	C:\Windows\System32\KERNEL32.DLL
0x00007ffebc680000 - 0x00007ffebc94e000 	C:\Windows\System32\KERNELBASE.dll
0x00007ffebc140000 - 0x00007ffebc240000 	C:\Windows\System32\ucrtbase.dll
0x00007ffeb98a0000 - 0x00007ffeb98b9000 	C:\Program Files\Java\jdk-21\bin\jli.dll
0x00007ffeb35a0000 - 0x00007ffeb35bb000 	C:\Program Files\Java\jdk-21\bin\VCRUNTIME140.dll
0x00007ffebcb80000 - 0x00007ffebcc2e000 	C:\Windows\System32\ADVAPI32.dll
0x00007ffebdec0000 - 0x00007ffebdf5e000 	C:\Windows\System32\msvcrt.dll
0x00007ffebd3a0000 - 0x00007ffebd43c000 	C:\Windows\System32\sechost.dll
0x00007ffebe860000 - 0x00007ffebe985000 	C:\Windows\System32\RPCRT4.dll
0x00007ffebcde0000 - 0x00007ffebcf80000 	C:\Windows\System32\USER32.dll
0x00007ffe921b0000 - 0x00007ffe9244a000 	C:\Windows\WinSxS\amd64_microsoft.windows.common-controls_6595b64144ccf1df_6.0.19041.1110_none_60b5254171f9507e\COMCTL32.dll
0x00007ffebc350000 - 0x00007ffebc372000 	C:\Windows\System32\win32u.dll
0x00007ffebe1a0000 - 0x00007ffebe1ca000 	C:\Windows\System32\GDI32.dll
0x00007ffebc240000 - 0x00007ffebc34b000 	C:\Windows\System32\gdi32full.dll
0x00007ffebc380000 - 0x00007ffebc41d000 	C:\Windows\System32\msvcp_win.dll
0x00007ffeb6c10000 - 0x00007ffeb6c1a000 	C:\Windows\SYSTEM32\VERSION.dll
0x00007ffebe170000 - 0x00007ffebe1a0000 	C:\Windows\System32\IMM32.DLL
0x00007ffeb9890000 - 0x00007ffeb989c000 	C:\Program Files\Java\jdk-21\bin\vcruntime140_1.dll
0x00007ffe78910000 - 0x00007ffe7899e000 	C:\Program Files\Java\jdk-21\bin\msvcp140.dll
0x00007ffe47a70000 - 0x00007ffe4877d000 	C:\Program Files\Java\jdk-21\bin\server\jvm.dll
0x00007ffebe640000 - 0x00007ffebe6ab000 	C:\Windows\System32\WS2_32.dll
0x00007ffebbeb0000 - 0x00007ffebbefb000 	C:\Windows\SYSTEM32\POWRPROF.dll
0x00007ffea6450000 - 0x00007ffea6477000 	C:\Windows\SYSTEM32\WINMM.dll
0x00007ffebbe90000 - 0x00007ffebbea2000 	C:\Windows\SYSTEM32\UMPDC.dll
0x00007ffeb9fd0000 - 0x00007ffeb9fe2000 	C:\Windows\SYSTEM32\kernel.appcore.dll
0x00007ffeb4210000 - 0x00007ffeb421a000 	C:\Program Files\Java\jdk-21\bin\jimage.dll
0x00007ffea64a0000 - 0x00007ffea6684000 	C:\Windows\SYSTEM32\DBGHELP.DLL
0x00007ffea62d0000 - 0x00007ffea62fc000 	C:\Windows\SYSTEM32\dbgcore.DLL
0x00007ffebc490000 - 0x00007ffebc512000 	C:\Windows\System32\bcryptPrimitives.dll
0x00007ffeb3580000 - 0x00007ffeb359f000 	C:\Program Files\Java\jdk-21\bin\java.dll
0x00007ffebd6e0000 - 0x00007ffebde24000 	C:\Windows\System32\SHELL32.dll
0x00007ffeba1d0000 - 0x00007ffeba964000 	C:\Windows\SYSTEM32\windows.storage.dll
0x00007ffebd040000 - 0x00007ffebd394000 	C:\Windows\System32\combase.dll
0x00007ffebb9a0000 - 0x00007ffebb9d0000 	C:\Windows\SYSTEM32\Wldp.dll
0x00007ffebd620000 - 0x00007ffebd6cd000 	C:\Windows\System32\SHCORE.dll
0x00007ffebde60000 - 0x00007ffebdeb5000 	C:\Windows\System32\shlwapi.dll
0x00007ffebc030000 - 0x00007ffebc04f000 	C:\Windows\SYSTEM32\profapi.dll
0x00007ffe555c0000 - 0x00007ffe55697000 	C:\Program Files\Java\jdk-21\bin\jsvml.dll
0x00007ffeab3f0000 - 0x00007ffeab400000 	C:\Program Files\Java\jdk-21\bin\net.dll
0x00007ffeb6410000 - 0x00007ffeb651a000 	C:\Windows\SYSTEM32\WINHTTP.dll
0x00007ffebb780000 - 0x00007ffebb7ea000 	C:\Windows\system32\mswsock.dll
0x00007ffeab3d0000 - 0x00007ffeab3e6000 	C:\Program Files\Java\jdk-21\bin\nio.dll
0x00007ffe90c40000 - 0x00007ffe90c58000 	C:\Program Files\Java\jdk-21\bin\zip.dll
0x000001512de90000 - 0x000001512de93000 	C:\Users\Etudiant\.openjfx\cache\21+31\amd64\api-ms-win-core-console-l1-1-0.dll
0x000001512dea0000 - 0x000001512dea3000 	C:\Users\Etudiant\.openjfx\cache\21+31\amd64\api-ms-win-core-console-l1-2-0.dll
0x000001512deb0000 - 0x000001512deb3000 	C:\Users\Etudiant\.openjfx\cache\21+31\amd64\api-ms-win-core-datetime-l1-1-0.dll
0x000001512dec0000 - 0x000001512dec3000 	C:\Users\Etudiant\.openjfx\cache\21+31\amd64\api-ms-win-core-debug-l1-1-0.dll
0x000001512ded0000 - 0x000001512ded3000 	C:\Users\Etudiant\.openjfx\cache\21+31\amd64\api-ms-win-core-errorhandling-l1-1-0.dll
0x000001512fcc0000 - 0x000001512fcc4000 	C:\Users\Etudiant\.openjfx\cache\21+31\amd64\api-ms-win-core-file-l1-1-0.dll
0x000001512fcd0000 - 0x000001512fcd3000 	C:\Users\Etudiant\.openjfx\cache\21+31\amd64\api-ms-win-core-file-l1-2-0.dll
0x000001512fce0000 - 0x000001512fce3000 	C:\Users\Etudiant\.openjfx\cache\21+31\amd64\api-ms-win-core-file-l2-1-0.dll
0x000001512fcf0000 - 0x000001512fcf3000 	C:\Users\Etudiant\.openjfx\cache\21+31\amd64\api-ms-win-core-handle-l1-1-0.dll
0x000001514cc30000 - 0x000001514cc33000 	C:\Users\Etudiant\.openjfx\cache\21+31\amd64\api-ms-win-core-heap-l1-1-0.dll
0x000001514cc40000 - 0x000001514cc43000 	C:\Users\Etudiant\.openjfx\cache\21+31\amd64\api-ms-win-core-interlocked-l1-1-0.dll
0x000001514cc50000 - 0x000001514cc53000 	C:\Users\Etudiant\.openjfx\cache\21+31\amd64\api-ms-win-core-libraryloader-l1-1-0.dll
0x000001514cc60000 - 0x000001514cc63000 	C:\Users\Etudiant\.openjfx\cache\21+31\amd64\api-ms-win-core-localization-l1-2-0.dll
0x000001514cc70000 - 0x000001514cc73000 	C:\Users\Etudiant\.openjfx\cache\21+31\amd64\api-ms-win-core-memory-l1-1-0.dll
0x000001514cc80000 - 0x000001514cc83000 	C:\Users\Etudiant\.openjfx\cache\21+31\amd64\api-ms-win-core-namedpipe-l1-1-0.dll
0x000001514cc90000 - 0x000001514cc93000 	C:\Users\Etudiant\.openjfx\cache\21+31\amd64\api-ms-win-core-processenvironment-l1-1-0.dll
0x000001514cca0000 - 0x000001514cca3000 	C:\Users\Etudiant\.openjfx\cache\21+31\amd64\api-ms-win-core-processthreads-l1-1-0.dll
0x000001514ccb0000 - 0x000001514ccb3000 	C:\Users\Etudiant\.openjfx\cache\21+31\amd64\api-ms-win-core-processthreads-l1-1-1.dll
0x000001514ccc0000 - 0x000001514ccc3000 	C:\Users\Etudiant\.openjfx\cache\21+31\amd64\api-ms-win-core-profile-l1-1-0.dll
0x000001514ccd0000 - 0x000001514ccd3000 	C:\Users\Etudiant\.openjfx\cache\21+31\amd64\api-ms-win-core-rtlsupport-l1-1-0.dll
0x000001514cce0000 - 0x000001514cce3000 	C:\Users\Etudiant\.openjfx\cache\21+31\amd64\api-ms-win-core-string-l1-1-0.dll
0x000001514ccf0000 - 0x000001514ccf3000 	C:\Users\Etudiant\.openjfx\cache\21+31\amd64\api-ms-win-core-synch-l1-1-0.dll
0x000001514cd00000 - 0x000001514cd03000 	C:\Users\Etudiant\.openjfx\cache\21+31\amd64\api-ms-win-core-synch-l1-2-0.dll
0x000001514cd10000 - 0x000001514cd13000 	C:\Users\Etudiant\.openjfx\cache\21+31\amd64\api-ms-win-core-sysinfo-l1-1-0.dll
0x000001514cd20000 - 0x000001514cd23000 	C:\Users\Etudiant\.openjfx\cache\21+31\amd64\api-ms-win-core-timezone-l1-1-0.dll
0x000001514cd30000 - 0x000001514cd33000 	C:\Users\Etudiant\.openjfx\cache\21+31\amd64\api-ms-win-core-util-l1-1-0.dll
0x000001514cd40000 - 0x000001514cd43000 	C:\Users\Etudiant\.openjfx\cache\21+31\amd64\api-ms-win-crt-conio-l1-1-0.dll
0x000001514cd50000 - 0x000001514cd54000 	C:\Users\Etudiant\.openjfx\cache\21+31\amd64\api-ms-win-crt-convert-l1-1-0.dll
0x000001514cd60000 - 0x000001514cd63000 	C:\Users\Etudiant\.openjfx\cache\21+31\amd64\api-ms-win-crt-environment-l1-1-0.dll
0x000001514cd70000 - 0x000001514cd73000 	C:\Users\Etudiant\.openjfx\cache\21+31\amd64\api-ms-win-crt-filesystem-l1-1-0.dll
0x000001514cd80000 - 0x000001514cd83000 	C:\Users\Etudiant\.openjfx\cache\21+31\amd64\api-ms-win-crt-heap-l1-1-0.dll
0x000001514cd90000 - 0x000001514cd93000 	C:\Users\Etudiant\.openjfx\cache\21+31\amd64\api-ms-win-crt-locale-l1-1-0.dll
0x000001514cda0000 - 0x000001514cda5000 	C:\Users\Etudiant\.openjfx\cache\21+31\amd64\api-ms-win-crt-math-l1-1-0.dll
0x000001514cdb0000 - 0x000001514cdb5000 	C:\Users\Etudiant\.openjfx\cache\21+31\amd64\api-ms-win-crt-multibyte-l1-1-0.dll
0x000001514cdc0000 - 0x000001514cdd0000 	C:\Users\Etudiant\.openjfx\cache\21+31\amd64\api-ms-win-crt-private-l1-1-0.dll
0x000001514cdd0000 - 0x000001514cdd3000 	C:\Users\Etudiant\.openjfx\cache\21+31\amd64\api-ms-win-crt-process-l1-1-0.dll
0x000001514cde0000 - 0x000001514cde4000 	C:\Users\Etudiant\.openjfx\cache\21+31\amd64\api-ms-win-crt-runtime-l1-1-0.dll
0x000001514cdf0000 - 0x000001514cdf4000 	C:\Users\Etudiant\.openjfx\cache\21+31\amd64\api-ms-win-crt-stdio-l1-1-0.dll
0x000001514ce00000 - 0x000001514ce04000 	C:\Users\Etudiant\.openjfx\cache\21+31\amd64\api-ms-win-crt-string-l1-1-0.dll
0x000001514ce10000 - 0x000001514ce13000 	C:\Users\Etudiant\.openjfx\cache\21+31\amd64\api-ms-win-crt-time-l1-1-0.dll
0x000001514ce20000 - 0x000001514ce23000 	C:\Users\Etudiant\.openjfx\cache\21+31\amd64\api-ms-win-crt-utility-l1-1-0.dll
0x00007ffe4ac30000 - 0x00007ffe4ad2c000 	C:\Users\Etudiant\.openjfx\cache\21+31\amd64\ucrtbase.dll
0x00007ffe80470000 - 0x00007ffe8048b000 	C:\Users\Etudiant\.openjfx\cache\21+31\amd64\vcruntime140.dll
0x00007ffeab3c0000 - 0x00007ffeab3cc000 	C:\Users\Etudiant\.openjfx\cache\21+31\amd64\vcruntime140_1.dll
0x00007ffe4aa90000 - 0x00007ffe4ab1e000 	C:\Users\Etudiant\.openjfx\cache\21+31\amd64\msvcp140.dll
0x00007ffebd4f0000 - 0x00007ffebd61a000 	C:\Windows\System32\ole32.dll
0x00007ffea82d0000 - 0x00007ffea82d9000 	C:\Users\Etudiant\.openjfx\cache\21+31\amd64\msvcp140_1.dll
0x00007ffe80350000 - 0x00007ffe8037f000 	C:\Users\Etudiant\.openjfx\cache\21+31\amd64\msvcp140_2.dll
0x00007ffe7f770000 - 0x00007ffe7f79f000 	C:\Users\Etudiant\.openjfx\cache\21+31\amd64\prism_d3d.dll
0x00007ffe6a840000 - 0x00007ffe6aa0f000 	C:\Windows\system32\d3d9.dll
0x00007ffeb9ce0000 - 0x00007ffeb9d0f000 	C:\Windows\SYSTEM32\dwmapi.dll
0x00007ffeb9af0000 - 0x00007ffeb9b8e000 	C:\Windows\system32\uxtheme.dll
0x00007ffe6a6d0000 - 0x00007ffe6a835000 	C:\Windows\System32\DriverStore\FileRepository\iigd_dch.inf_amd64_22e8552b44b17c6d\igdumdim64.dll
0x00007ffebca00000 - 0x00007ffebca27000 	C:\Windows\System32\bcrypt.dll
0x00007ffe66a40000 - 0x00007ffe6a6cb000 	C:\Windows\System32\DriverStore\FileRepository\iigd_dch.inf_amd64_22e8552b44b17c6d\igd9dxva64.dll
0x00007ffebdf60000 - 0x00007ffebe02d000 	C:\Windows\System32\OLEAUT32.dll
0x00007ffebe1d0000 - 0x00007ffebe63f000 	C:\Windows\System32\SETUPAPI.dll
0x00007ffebc0f0000 - 0x00007ffebc13e000 	C:\Windows\System32\cfgmgr32.dll
0x00007ffeb3cd0000 - 0x00007ffeb4006000 	C:\Windows\System32\DriverStore\FileRepository\iigd_dch.inf_amd64_22e8552b44b17c6d\igdgmm64.dll
0x00007ffe7ef50000 - 0x00007ffe7ef92000 	C:\Users\Etudiant\.openjfx\cache\21+31\amd64\glass.dll
0x00007ffebca30000 - 0x00007ffebcb0a000 	C:\Windows\System32\COMDLG32.dll
0x00007ffebcc30000 - 0x00007ffebcd45000 	C:\Windows\System32\MSCTF.dll
0x00007ffe56ac0000 - 0x00007ffe56ae7000 	C:\Windows\System32\DriverStore\FileRepository\iigd_dch.inf_amd64_22e8552b44b17c6d\igdinfo64.dll
0x00007ffeade60000 - 0x00007ffeb0bef000 	C:\Windows\System32\DriverStore\FileRepository\iigd_dch.inf_amd64_22e8552b44b17c6d\igc64.dll
0x00007ffeb4cd0000 - 0x00007ffeb4d0b000 	C:\Windows\SYSTEM32\dxcore.dll
0x00007ffe80330000 - 0x00007ffe80344000 	C:\Users\Etudiant\.openjfx\cache\21+31\amd64\javafx_font.dll
0x00007ffeac940000 - 0x00007ffeacbbf000 	C:\Windows\SYSTEM32\dwrite.dll

dbghelp: loaded successfully - version: 4.0.5 - missing functions: none
symbol engine: initialized successfully - sym options: 0x614 - pdb path: .;C:\Program Files\Java\jdk-21\bin;C:\Windows\SYSTEM32;C:\Windows\WinSxS\amd64_microsoft.windows.common-controls_6595b64144ccf1df_6.0.19041.1110_none_60b5254171f9507e;C:\Program Files\Java\jdk-21\bin\server;C:\Users\Etudiant\.openjfx\cache\21+31\amd64;C:\Windows\System32\DriverStore\FileRepository\iigd_dch.inf_amd64_22e8552b44b17c6d

VM Arguments:
jvm_args: -XX:+ShowCodeDetailsInExceptionMessages 
java_command: sae.Main
java_class_path (initial): C:\Users\Etudiant\Documents\GitHub\sae-3-01-devapp-2024-2025-g1b5\Application\app\target\classes;C:\Users\Etudiant\.m2\repository\org\openjfx\javafx-controls\21\javafx-controls-21.jar;C:\Users\Etudiant\.m2\repository\org\openjfx\javafx-controls\21\javafx-controls-21-win.jar;C:\Users\Etudiant\.m2\repository\org\openjfx\javafx-graphics\21\javafx-graphics-21.jar;C:\Users\Etudiant\.m2\repository\org\openjfx\javafx-graphics\21\javafx-graphics-21-win.jar;C:\Users\Etudiant\.m2\repository\org\openjfx\javafx-fxml\21\javafx-fxml-21.jar;C:\Users\Etudiant\.m2\repository\org\openjfx\javafx-fxml\21\javafx-fxml-21-win.jar;C:\Users\Etudiant\.m2\repository\org\openjfx\javafx-base\21\javafx-base-21.jar;C:\Users\Etudiant\.m2\repository\org\openjfx\javafx-base\21\javafx-base-21-win.jar;C:\Users\Etudiant\.m2\repository\org\openjfx\javafx-web\21\javafx-web-21.jar;C:\Users\Etudiant\.m2\repository\org\openjfx\javafx-web\21\javafx-web-21-win.jar;C:\Users\Etudiant\.m2\repository\org\openjfx\javafx-media\21\javafx-media-21.jar;C:\Users\Etudiant\.m2\repository\org\openjfx\javafx-media\21\javafx-media-21-win.jar;C:\Users\Etudiant\.m2\repository\com\fasterxml\jackson\core\jackson-databind\2.15.2\jackson-databind-2.15.2.jar;C:\Users\Etudiant\.m2\repository\com\fasterxml\jackson\core\jackson-annotations\2.15.2\jackson-annotations-2.15.2.jar;C:\Users\Etudiant\.m2\repository\com\fasterxml\jackson\core\jackson-core\2.15.2\jackson-core-2.15.2.jar;C:\Users\Etudiant\.m2\repository\com\googlecode\json-simple\json-simple\1.1.1\json-simple-1.1.1.jar;C:\Users\Etudiant\.m2\repository\junit\junit\4.10\junit-4.10.jar;C:\Users\Etudiant\.m2\repository\org\hamcrest\hamcrest-core\1.1\hamcrest-core-1.1.jar;C:\Users\Etudiant\.m2\repository\org\eclipse\paho\org.eclipse.paho.client.mqttv3\1.2.5\org.eclipse.paho.client.mqttv3-1.2.5.jar
Launcher Type: SUN_STANDARD

[Global flags]
     intx CICompilerCount                          = 4                                         {product} {ergonomic}
     uint ConcGCThreads                            = 2                                         {product} {ergonomic}
     uint G1ConcRefinementThreads                  = 8                                         {product} {ergonomic}
   size_t G1HeapRegionSize                         = 1048576                                   {product} {ergonomic}
    uintx GCDrainStackTargetSize                   = 64                                        {product} {ergonomic}
   size_t InitialHeapSize                          = 134217728                                 {product} {ergonomic}
   size_t MarkStackSize                            = 4194304                                   {product} {ergonomic}
   size_t MaxHeapSize                              = 2116026368                                {product} {ergonomic}
   size_t MaxNewSize                               = 1268776960                                {product} {ergonomic}
   size_t MinHeapDeltaBytes                        = 1048576                                   {product} {ergonomic}
   size_t MinHeapSize                              = 8388608                                   {product} {ergonomic}
    uintx NonNMethodCodeHeapSize                   = 5839372                                {pd product} {ergonomic}
    uintx NonProfiledCodeHeapSize                  = 122909434                              {pd product} {ergonomic}
    uintx ProfiledCodeHeapSize                     = 122909434                              {pd product} {ergonomic}
    uintx ReservedCodeCacheSize                    = 251658240                              {pd product} {ergonomic}
     bool SegmentedCodeCache                       = true                                      {product} {ergonomic}
     bool ShowCodeDetailsInExceptionMessages       = true                                   {manageable} {command line}
   size_t SoftMaxHeapSize                          = 2116026368                             {manageable} {ergonomic}
     bool UseCompressedOops                        = true                           {product lp64_product} {ergonomic}
     bool UseG1GC                                  = true                                      {product} {ergonomic}
     bool UseLargePagesIndividualAllocation        = false                                  {pd product} {ergonomic}

Logging:
Log output configuration:
 #0: stdout all=warning uptime,level,tags foldmultilines=false
 #1: stderr all=off uptime,level,tags foldmultilines=false

Environment Variables:
JAVA_HOME=C:\Program Files\Java\jdk-21
PATH=C:\Program Files\PowerShell\7;C:\Python312\Scripts\;C:\Python312\;C:\app\Etudiant\product\21c\dbhomeXE\bin;C:\Program Files\Common Files\Oracle\Java\javapath;C:\Program Files\Python310\Scripts\;C:\Program Files\Python310\;C:\Windows\system32;C:\Windows;C:\Windows\System32\Wbem;C:\Windows\System32\WindowsPowerShell\v1.0\;C:\Windows\System32\OpenSSH\;C:\Program Files\PuTTY\;C:\Program Files\Microsoft VS Code\bin;C:\ProgramData\chocolatey\bin;C:\Program Files\Java\jdk-17.0.3.1\bin;C:\apache-ant-1.10.7\bin;C:\apache-maven-3.6.2\bin;C:\GnuCobol3.1\bin;C:\Gradle\bin;C:\Program Files\Graphviz\bin;C:\Program Files\Docker\Docker\resources\bin;C:\ProgramData\DockerDesktop\version-bin;C:\Program Files\TortoiseSVN\bin;C:\Program Files\TortoiseGit\bin;C:\Program Files (x86)\Microsoft SQL Server\150\DTS\Binn\;C:\Program Files\Microsoft SQL Server\Client SDK\ODBC\170\Tools\Binn\;C:\Program Files (x86)\Microsoft SQL Server\150\Tools\Binn\;C:\Program Files\Microsoft SQL Server\150\Tools\Binn\;C:\Program Files\Microsoft SQL Server\150\DTS\Binn\;C:\Program Files\Azure Data Studio\bin;C:\bin;C:\src\flutter\bin;C:\tools\dart-sdk\bin;C:\Program Files\Php;C:\Program Files\PowerShell\7\;C:\Program Files\nodejs\;C:\Users\Etudiant\AppData\Local\Microsoft\WindowsApps;C:\Program Files\Oracle\VirtualBox;C:\Users\Etudiant\AppData\Roaming\npm;C:\Users\Etudiant\AppData\Local\GitHubDesktop\bin;C:\Users\Etudiant\AppData\Local\Programs\Git\cmd
USERNAME=Etudiant
LANG=en_US.UTF-8
OS=Windows_NT
PROCESSOR_IDENTIFIER=Intel64 Family 6 Model 94 Stepping 3, GenuineIntel
TMP=C:\Users\Etudiant\AppData\Local\Temp
TEMP=C:\Users\Etudiant\AppData\Local\Temp




Periodic native trim disabled

---------------  S Y S T E M  ---------------

OS:
 Windows 10 , 64 bit Build 19041 (10.0.19041.1806)
OS uptime: 0 days 4:39 hours
Hyper-V role detected

CPU: total 8 (initial active 8) (4 cores per cpu, 2 threads per core) family 6 model 94 stepping 3 microcode 0xf0, cx8, cmov, fxsr, ht, mmx, 3dnowpref, sse, sse2, sse3, ssse3, sse4.1, sse4.2, popcnt, lzcnt, tsc, tscinvbit, avx, avx2, aes, erms, clmul, bmi1, bmi2, rtm, adx, fma, vzeroupper, clflush, clflushopt, hv, rdtscp, f16c
Processor Information for all 8 processors :
  Max Mhz: 3408, Current Mhz: 3408, Mhz Limit: 3408

Memory: 4k page, system-wide physical 8067M (724M free)
TotalPageFile size 11011M (AvailPageFile size 2M)
current process WorkingSet (physical memory assigned to process): 118M, peak: 118M
current process commit charge ("private bytes"): 259M, peak: 259M

vm_info: Java HotSpot(TM) 64-Bit Server VM (21.0.3+7-LTS-152) for windows-amd64 JRE (21.0.3+7-LTS-152), built on 2024-03-11T17:42:26Z by "mach5one" with MS VC++ 17.6 (VS2022)

END.
