#
# There is insufficient memory for the Java Runtime Environment to continue.
# Native memory allocation (malloc) failed to allocate 1089136 bytes for Chunk::new
# Possible reasons:
#   The system is out of physical RAM or swap space
#   The process is running with CompressedOops enabled, and the Java Heap may be blocking the growth of the native heap
# Possible solutions:
#   Reduce memory load on the system
#   Increase physical memory or swap space
#   Check if swap backing store is full
#   Decrease Java heap size (-Xmx/-Xms)
#   Decrease number of Java threads
#   Decrease Java thread stack sizes (-Xss)
#   Set larger code cache with -XX:ReservedCodeCacheSize=
#   JVM is running with Unscaled Compressed Oops mode in which the Java heap is
#     placed in the first 4GB address space. The Java Heap base address is the
#     maximum limit for the native heap growth. Please use -XX:HeapBaseMinAddress
#     to set the Java Heap base and to place the Java Heap above 4GB virtual address.
# This output file may be truncated or incomplete.
#
#  Out of Memory Error (arena.cpp:168), pid=12424, tid=11380
#
# JRE version: Java(TM) SE Runtime Environment (21.0.3+7) (build 21.0.3+7-LTS-152)
# Java VM: Java HotSpot(TM) 64-Bit Server VM (21.0.3+7-LTS-152, mixed mode, sharing, tiered, compressed oops, compressed class ptrs, g1 gc, windows-amd64)
# No core dump will be written. Minidumps are not enabled by default on client versions of Windows
#

---------------  S U M M A R Y ------------

Command Line: -XX:+ShowCodeDetailsInExceptionMessages sae.Main

Host: Intel(R) Core(TM) i7-6700 CPU @ 3.40GHz, 8 cores, 7G,  Windows 10 , 64 bit Build 19041 (10.0.19041.1806)
Time: Wed Dec  4 16:44:51 2024 Paris, Madrid elapsed time: 1.663440 seconds (0d 0h 0m 1s)

---------------  T H R E A D  ---------------

Current thread (0x0000023741489410):  JavaThread "C2 CompilerThread0" daemon [_thread_in_native, id=11380, stack(0x000000e975e00000,0x000000e975f00000) (1024K)]


Current CompileTask:
C2:   1663 1899   !   4       java.net.URL::<init> (543 bytes)

Stack: [0x000000e975e00000,0x000000e975f00000]
Native frames: (J=compiled Java code, j=interpreted, Vv=VM code, C=native code)
V  [jvm.dll+0x6c63b9]
V  [jvm.dll+0x84fa11]
V  [jvm.dll+0x851f3e]
V  [jvm.dll+0x852613]
V  [jvm.dll+0x27cd46]
V  [jvm.dll+0xc4aad]
V  [jvm.dll+0xc4fe3]
V  [jvm.dll+0x3b1d22]
V  [jvm.dll+0x37e485]
V  [jvm.dll+0x37d8fa]
V  [jvm.dll+0x245b40]
V  [jvm.dll+0x24511f]
V  [jvm.dll+0x1c689e]
V  [jvm.dll+0x254609]
V  [jvm.dll+0x252b9a]
V  [jvm.dll+0x3eb056]
V  [jvm.dll+0x7f9ffb]
V  [jvm.dll+0x6c4a9d]
C  [ucrtbase.dll+0x21bb2]
C  [KERNEL32.DLL+0x17034]
C  [ntdll.dll+0x52651]


---------------  P R O C E S S  ---------------

Threads class SMR info:
_java_thread_list=0x000002378bec0b90, length=20, elements={
0x000002372288f520, 0x000002374147da30, 0x000002374147e560, 0x0000023741484ec0,
0x00000237414857b0, 0x0000023741487850, 0x0000023741487ec0, 0x0000023741489410,
0x0000023741490a20, 0x0000023741792dc0, 0x0000023741796640, 0x00000237418642e0,
0x00000237876c7bc0, 0x000002378774f2a0, 0x0000023787789ee0, 0x000002378b91fa90,
0x000002378bd95810, 0x000002378bdfb730, 0x000002378be0ca80, 0x000002378bd3a180
}

Java Threads: ( => current thread )
  0x000002372288f520 JavaThread "main"                              [_thread_blocked, id=1052, stack(0x000000e975000000,0x000000e975100000) (1024K)]
  0x000002374147da30 JavaThread "Reference Handler"          daemon [_thread_blocked, id=13012, stack(0x000000e975800000,0x000000e975900000) (1024K)]
  0x000002374147e560 JavaThread "Finalizer"                  daemon [_thread_blocked, id=6720, stack(0x000000e975900000,0x000000e975a00000) (1024K)]
  0x0000023741484ec0 JavaThread "Signal Dispatcher"          daemon [_thread_blocked, id=7840, stack(0x000000e975a00000,0x000000e975b00000) (1024K)]
  0x00000237414857b0 JavaThread "Attach Listener"            daemon [_thread_blocked, id=13196, stack(0x000000e975b00000,0x000000e975c00000) (1024K)]
  0x0000023741487850 JavaThread "Service Thread"             daemon [_thread_blocked, id=5492, stack(0x000000e975c00000,0x000000e975d00000) (1024K)]
  0x0000023741487ec0 JavaThread "Monitor Deflation Thread"   daemon [_thread_blocked, id=2248, stack(0x000000e975d00000,0x000000e975e00000) (1024K)]
=>0x0000023741489410 JavaThread "C2 CompilerThread0"         daemon [_thread_in_native, id=11380, stack(0x000000e975e00000,0x000000e975f00000) (1024K)]
  0x0000023741490a20 JavaThread "C1 CompilerThread0"         daemon [_thread_blocked, id=8844, stack(0x000000e975f00000,0x000000e976000000) (1024K)]
  0x0000023741792dc0 JavaThread "Notification Thread"        daemon [_thread_blocked, id=10460, stack(0x000000e976000000,0x000000e976100000) (1024K)]
  0x0000023741796640 JavaThread "Common-Cleaner"             daemon [_thread_blocked, id=13100, stack(0x000000e976100000,0x000000e976200000) (1024K)]
  0x00000237418642e0 JavaThread "JavaFX-Launcher"                   [_thread_blocked, id=9776, stack(0x000000e976200000,0x000000e976300000) (1024K)]
  0x00000237876c7bc0 JavaThread "QuantumRenderer-0"          daemon [_thread_blocked, id=2892, stack(0x000000e976300000,0x000000e976400000) (1024K)]
  0x000002378774f2a0 JavaThread "InvokeLaterDispatcher"      daemon [_thread_blocked, id=8152, stack(0x000000e976400000,0x000000e976500000) (1024K)]
  0x0000023787789ee0 JavaThread "JavaFX Application Thread"         [_thread_in_native, id=3500, stack(0x000000e976500000,0x000000e976600000) (1024K)]
  0x000002378b91fa90 JavaThread "Thread-2"                   daemon [_thread_in_native, id=7464, stack(0x000000e976900000,0x000000e976a00000) (1024K)]
  0x000002378bd95810 JavaThread "Prism Font Disposer"        daemon [_thread_blocked, id=8316, stack(0x000000e977400000,0x000000e977500000) (1024K)]
  0x000002378bdfb730 JavaThread "Thread-4"                          [_thread_blocked, id=12792, stack(0x000000e977600000,0x000000e977700000) (1024K)]
  0x000002378be0ca80 JavaThread "FileSystemWatchService"     daemon [_thread_in_native, id=14100, stack(0x000000e977700000,0x000000e977800000) (1024K)]
  0x000002378bd3a180 JavaThread "Cleaner-0"                  daemon [_thread_blocked, id=11064, stack(0x000000e977500000,0x000000e977600000) (1024K)]
Total: 20

Other Threads:
  0x000002372286a2b0 VMThread "VM Thread"                           [id=6528, stack(0x000000e975700000,0x000000e975800000) (1024K)]
  0x0000023741444d20 WatcherThread "VM Periodic Task Thread"        [id=13488, stack(0x000000e975600000,0x000000e975700000) (1024K)]
  0x000002372286b870 WorkerThread "GC Thread#0"                     [id=14244, stack(0x000000e975100000,0x000000e975200000) (1024K)]
  0x000002372286a650 WorkerThread "GC Thread#1"                     [id=14044, stack(0x000000e976a00000,0x000000e976b00000) (1024K)]
  0x000002378baf39c0 WorkerThread "GC Thread#2"                     [id=4788, stack(0x000000e976b00000,0x000000e976c00000) (1024K)]
  0x000002378baf5320 WorkerThread "GC Thread#3"                     [id=9652, stack(0x000000e976c00000,0x000000e976d00000) (1024K)]
  0x000002378baf5a60 WorkerThread "GC Thread#4"                     [id=5432, stack(0x000000e976d00000,0x000000e976e00000) (1024K)]
  0x000002378baf4f80 WorkerThread "GC Thread#5"                     [id=9588, stack(0x000000e976e00000,0x000000e976f00000) (1024K)]
  0x000002378baf56c0 WorkerThread "GC Thread#6"                     [id=2904, stack(0x000000e976f00000,0x000000e977000000) (1024K)]
  0x000002378baf3d60 WorkerThread "GC Thread#7"                     [id=9624, stack(0x000000e977000000,0x000000e977100000) (1024K)]
  0x0000023724b6f5d0 ConcurrentGCThread "G1 Main Marker"            [id=11772, stack(0x000000e975200000,0x000000e975300000) (1024K)]
  0x000002372286bc10 WorkerThread "G1 Conc#0"                       [id=13528, stack(0x000000e975300000,0x000000e975400000) (1024K)]
  0x0000023724bddda0 ConcurrentGCThread "G1 Refine#0"               [id=9864, stack(0x000000e975400000,0x000000e975500000) (1024K)]
  0x0000023741307a00 ConcurrentGCThread "G1 Service"                [id=8928, stack(0x000000e975500000,0x000000e975600000) (1024K)]
Total: 14

Threads with active compile tasks:
C2 CompilerThread0     1733 1899   !   4       java.net.URL::<init> (543 bytes)
Total: 1

VM state: not at safepoint (normal execution)

VM Mutex/Monitor currently owned by a thread: None

Heap address: 0x0000000081e00000, size: 2018 MB, Compressed Oops mode: 32-bit

CDS archive(s) mapped at: [0x0000023742000000-0x0000023742c90000-0x0000023742c90000), size 13172736, SharedBaseAddress: 0x0000023742000000, ArchiveRelocationMode: 1.
Compressed class space mapped at: 0x0000023743000000-0x0000023783000000, reserved size: 1073741824
Narrow klass base: 0x0000023742000000, Narrow klass shift: 0, Narrow klass range: 0x100000000

GC Precious Log:
 CardTable entry size: 512
 Card Set container configuration: InlinePtr #cards 5 size 8 Array Of Cards #cards 12 size 40 Howl #buckets 4 coarsen threshold 1843 Howl Bitmap #cards 512 size 80 coarsen threshold 460 Card regions per heap region 1 cards per card region 2048
 CPUs: 8 total, 8 available
 Memory: 8067M
 Large Page Support: Disabled
 NUMA Support: Disabled
 Compressed Oops: Enabled (32-bit)
 Heap Region Size: 1M
 Heap Min Capacity: 8M
 Heap Initial Capacity: 128M
 Heap Max Capacity: 2018M
 Pre-touch: Disabled
 Parallel Workers: 8
 Concurrent Workers: 2
 Concurrent Refinement Workers: 8
 Periodic GC: Disabled

Heap:
 garbage-first heap   total 131072K, used 24853K [0x0000000081e00000, 0x0000000100000000)
  region size 1024K, 22 young (22528K), 3 survivors (3072K)
 Metaspace       used 13843K, committed 14144K, reserved 1114112K
  class space    used 1934K, committed 2048K, reserved 1048576K

Heap Regions: E=young(eden), S=young(survivor), O=old, HS=humongous(starts), HC=humongous(continues), CS=collection set, F=free, TAMS=top-at-mark-start, PB=parsable bottom
|   0|0x0000000081e00000, 0x0000000081f00000, 0x0000000081f00000|100%| O|  |TAMS 0x0000000081e00000| PB 0x0000000081e00000| Untracked 
|   1|0x0000000081f00000, 0x0000000081f45510, 0x0000000082000000| 27%| O|  |TAMS 0x0000000081f00000| PB 0x0000000081f00000| Untracked 
|   2|0x0000000082000000, 0x0000000082100000, 0x0000000082100000|100%|HS|  |TAMS 0x0000000082000000| PB 0x0000000082000000| Complete 
|   3|0x0000000082100000, 0x0000000082200000, 0x0000000082200000|100%|HC|  |TAMS 0x0000000082100000| PB 0x0000000082100000| Complete 
|   4|0x0000000082200000, 0x0000000082200000, 0x0000000082300000|  0%| F|  |TAMS 0x0000000082200000| PB 0x0000000082200000| Untracked 
|   5|0x0000000082300000, 0x0000000082300000, 0x0000000082400000|  0%| F|  |TAMS 0x0000000082300000| PB 0x0000000082300000| Untracked 
|   6|0x0000000082400000, 0x0000000082400000, 0x0000000082500000|  0%| F|  |TAMS 0x0000000082400000| PB 0x0000000082400000| Untracked 
|   7|0x0000000082500000, 0x0000000082500000, 0x0000000082600000|  0%| F|  |TAMS 0x0000000082500000| PB 0x0000000082500000| Untracked 
|   8|0x0000000082600000, 0x0000000082600000, 0x0000000082700000|  0%| F|  |TAMS 0x0000000082600000| PB 0x0000000082600000| Untracked 
|   9|0x0000000082700000, 0x0000000082700000, 0x0000000082800000|  0%| F|  |TAMS 0x0000000082700000| PB 0x0000000082700000| Untracked 
|  10|0x0000000082800000, 0x0000000082800000, 0x0000000082900000|  0%| F|  |TAMS 0x0000000082800000| PB 0x0000000082800000| Untracked 
|  11|0x0000000082900000, 0x0000000082900000, 0x0000000082a00000|  0%| F|  |TAMS 0x0000000082900000| PB 0x0000000082900000| Untracked 
|  12|0x0000000082a00000, 0x0000000082a00000, 0x0000000082b00000|  0%| F|  |TAMS 0x0000000082a00000| PB 0x0000000082a00000| Untracked 
|  13|0x0000000082b00000, 0x0000000082b00000, 0x0000000082c00000|  0%| F|  |TAMS 0x0000000082b00000| PB 0x0000000082b00000| Untracked 
|  14|0x0000000082c00000, 0x0000000082c00000, 0x0000000082d00000|  0%| F|  |TAMS 0x0000000082c00000| PB 0x0000000082c00000| Untracked 
|  15|0x0000000082d00000, 0x0000000082d00000, 0x0000000082e00000|  0%| F|  |TAMS 0x0000000082d00000| PB 0x0000000082d00000| Untracked 
|  16|0x0000000082e00000, 0x0000000082e00000, 0x0000000082f00000|  0%| F|  |TAMS 0x0000000082e00000| PB 0x0000000082e00000| Untracked 
|  17|0x0000000082f00000, 0x0000000082f00000, 0x0000000083000000|  0%| F|  |TAMS 0x0000000082f00000| PB 0x0000000082f00000| Untracked 
|  18|0x0000000083000000, 0x0000000083000000, 0x0000000083100000|  0%| F|  |TAMS 0x0000000083000000| PB 0x0000000083000000| Untracked 
|  19|0x0000000083100000, 0x0000000083100000, 0x0000000083200000|  0%| F|  |TAMS 0x0000000083100000| PB 0x0000000083100000| Untracked 
|  20|0x0000000083200000, 0x0000000083200000, 0x0000000083300000|  0%| F|  |TAMS 0x0000000083200000| PB 0x0000000083200000| Untracked 
|  21|0x0000000083300000, 0x0000000083300000, 0x0000000083400000|  0%| F|  |TAMS 0x0000000083300000| PB 0x0000000083300000| Untracked 
|  22|0x0000000083400000, 0x0000000083400000, 0x0000000083500000|  0%| F|  |TAMS 0x0000000083400000| PB 0x0000000083400000| Untracked 
|  23|0x0000000083500000, 0x0000000083500000, 0x0000000083600000|  0%| F|  |TAMS 0x0000000083500000| PB 0x0000000083500000| Untracked 
|  24|0x0000000083600000, 0x0000000083600000, 0x0000000083700000|  0%| F|  |TAMS 0x0000000083600000| PB 0x0000000083600000| Untracked 
|  25|0x0000000083700000, 0x0000000083700000, 0x0000000083800000|  0%| F|  |TAMS 0x0000000083700000| PB 0x0000000083700000| Untracked 
|  26|0x0000000083800000, 0x0000000083800000, 0x0000000083900000|  0%| F|  |TAMS 0x0000000083800000| PB 0x0000000083800000| Untracked 
|  27|0x0000000083900000, 0x0000000083900000, 0x0000000083a00000|  0%| F|  |TAMS 0x0000000083900000| PB 0x0000000083900000| Untracked 
|  28|0x0000000083a00000, 0x0000000083a00000, 0x0000000083b00000|  0%| F|  |TAMS 0x0000000083a00000| PB 0x0000000083a00000| Untracked 
|  29|0x0000000083b00000, 0x0000000083b00000, 0x0000000083c00000|  0%| F|  |TAMS 0x0000000083b00000| PB 0x0000000083b00000| Untracked 
|  30|0x0000000083c00000, 0x0000000083c00000, 0x0000000083d00000|  0%| F|  |TAMS 0x0000000083c00000| PB 0x0000000083c00000| Untracked 
|  31|0x0000000083d00000, 0x0000000083d00000, 0x0000000083e00000|  0%| F|  |TAMS 0x0000000083d00000| PB 0x0000000083d00000| Untracked 
|  32|0x0000000083e00000, 0x0000000083e00000, 0x0000000083f00000|  0%| F|  |TAMS 0x0000000083e00000| PB 0x0000000083e00000| Untracked 
|  33|0x0000000083f00000, 0x0000000083f00000, 0x0000000084000000|  0%| F|  |TAMS 0x0000000083f00000| PB 0x0000000083f00000| Untracked 
|  34|0x0000000084000000, 0x0000000084000000, 0x0000000084100000|  0%| F|  |TAMS 0x0000000084000000| PB 0x0000000084000000| Untracked 
|  35|0x0000000084100000, 0x0000000084100000, 0x0000000084200000|  0%| F|  |TAMS 0x0000000084100000| PB 0x0000000084100000| Untracked 
|  36|0x0000000084200000, 0x0000000084200000, 0x0000000084300000|  0%| F|  |TAMS 0x0000000084200000| PB 0x0000000084200000| Untracked 
|  37|0x0000000084300000, 0x0000000084300000, 0x0000000084400000|  0%| F|  |TAMS 0x0000000084300000| PB 0x0000000084300000| Untracked 
|  38|0x0000000084400000, 0x0000000084400000, 0x0000000084500000|  0%| F|  |TAMS 0x0000000084400000| PB 0x0000000084400000| Untracked 
|  39|0x0000000084500000, 0x0000000084500000, 0x0000000084600000|  0%| F|  |TAMS 0x0000000084500000| PB 0x0000000084500000| Untracked 
|  40|0x0000000084600000, 0x0000000084600000, 0x0000000084700000|  0%| F|  |TAMS 0x0000000084600000| PB 0x0000000084600000| Untracked 
|  41|0x0000000084700000, 0x0000000084700000, 0x0000000084800000|  0%| F|  |TAMS 0x0000000084700000| PB 0x0000000084700000| Untracked 
|  42|0x0000000084800000, 0x0000000084800000, 0x0000000084900000|  0%| F|  |TAMS 0x0000000084800000| PB 0x0000000084800000| Untracked 
|  43|0x0000000084900000, 0x0000000084900000, 0x0000000084a00000|  0%| F|  |TAMS 0x0000000084900000| PB 0x0000000084900000| Untracked 
|  44|0x0000000084a00000, 0x0000000084a00000, 0x0000000084b00000|  0%| F|  |TAMS 0x0000000084a00000| PB 0x0000000084a00000| Untracked 
|  45|0x0000000084b00000, 0x0000000084b00000, 0x0000000084c00000|  0%| F|  |TAMS 0x0000000084b00000| PB 0x0000000084b00000| Untracked 
|  46|0x0000000084c00000, 0x0000000084c00000, 0x0000000084d00000|  0%| F|  |TAMS 0x0000000084c00000| PB 0x0000000084c00000| Untracked 
|  47|0x0000000084d00000, 0x0000000084d00000, 0x0000000084e00000|  0%| F|  |TAMS 0x0000000084d00000| PB 0x0000000084d00000| Untracked 
|  48|0x0000000084e00000, 0x0000000084e00000, 0x0000000084f00000|  0%| F|  |TAMS 0x0000000084e00000| PB 0x0000000084e00000| Untracked 
|  49|0x0000000084f00000, 0x0000000084f00000, 0x0000000085000000|  0%| F|  |TAMS 0x0000000084f00000| PB 0x0000000084f00000| Untracked 
|  50|0x0000000085000000, 0x0000000085000000, 0x0000000085100000|  0%| F|  |TAMS 0x0000000085000000| PB 0x0000000085000000| Untracked 
|  51|0x0000000085100000, 0x0000000085100000, 0x0000000085200000|  0%| F|  |TAMS 0x0000000085100000| PB 0x0000000085100000| Untracked 
|  52|0x0000000085200000, 0x0000000085200000, 0x0000000085300000|  0%| F|  |TAMS 0x0000000085200000| PB 0x0000000085200000| Untracked 
|  53|0x0000000085300000, 0x0000000085300000, 0x0000000085400000|  0%| F|  |TAMS 0x0000000085300000| PB 0x0000000085300000| Untracked 
|  54|0x0000000085400000, 0x0000000085400000, 0x0000000085500000|  0%| F|  |TAMS 0x0000000085400000| PB 0x0000000085400000| Untracked 
|  55|0x0000000085500000, 0x0000000085500000, 0x0000000085600000|  0%| F|  |TAMS 0x0000000085500000| PB 0x0000000085500000| Untracked 
|  56|0x0000000085600000, 0x0000000085600000, 0x0000000085700000|  0%| F|  |TAMS 0x0000000085600000| PB 0x0000000085600000| Untracked 
|  57|0x0000000085700000, 0x0000000085700000, 0x0000000085800000|  0%| F|  |TAMS 0x0000000085700000| PB 0x0000000085700000| Untracked 
|  58|0x0000000085800000, 0x0000000085800000, 0x0000000085900000|  0%| F|  |TAMS 0x0000000085800000| PB 0x0000000085800000| Untracked 
|  59|0x0000000085900000, 0x0000000085900000, 0x0000000085a00000|  0%| F|  |TAMS 0x0000000085900000| PB 0x0000000085900000| Untracked 
|  60|0x0000000085a00000, 0x0000000085a00000, 0x0000000085b00000|  0%| F|  |TAMS 0x0000000085a00000| PB 0x0000000085a00000| Untracked 
|  61|0x0000000085b00000, 0x0000000085b00000, 0x0000000085c00000|  0%| F|  |TAMS 0x0000000085b00000| PB 0x0000000085b00000| Untracked 
|  62|0x0000000085c00000, 0x0000000085c00000, 0x0000000085d00000|  0%| F|  |TAMS 0x0000000085c00000| PB 0x0000000085c00000| Untracked 
|  63|0x0000000085d00000, 0x0000000085d00000, 0x0000000085e00000|  0%| F|  |TAMS 0x0000000085d00000| PB 0x0000000085d00000| Untracked 
|  64|0x0000000085e00000, 0x0000000085e00000, 0x0000000085f00000|  0%| F|  |TAMS 0x0000000085e00000| PB 0x0000000085e00000| Untracked 
|  65|0x0000000085f00000, 0x0000000085f00000, 0x0000000086000000|  0%| F|  |TAMS 0x0000000085f00000| PB 0x0000000085f00000| Untracked 
|  66|0x0000000086000000, 0x0000000086000000, 0x0000000086100000|  0%| F|  |TAMS 0x0000000086000000| PB 0x0000000086000000| Untracked 
|  67|0x0000000086100000, 0x0000000086100000, 0x0000000086200000|  0%| F|  |TAMS 0x0000000086100000| PB 0x0000000086100000| Untracked 
|  68|0x0000000086200000, 0x0000000086200000, 0x0000000086300000|  0%| F|  |TAMS 0x0000000086200000| PB 0x0000000086200000| Untracked 
|  69|0x0000000086300000, 0x0000000086300000, 0x0000000086400000|  0%| F|  |TAMS 0x0000000086300000| PB 0x0000000086300000| Untracked 
|  70|0x0000000086400000, 0x0000000086400000, 0x0000000086500000|  0%| F|  |TAMS 0x0000000086400000| PB 0x0000000086400000| Untracked 
|  71|0x0000000086500000, 0x0000000086500000, 0x0000000086600000|  0%| F|  |TAMS 0x0000000086500000| PB 0x0000000086500000| Untracked 
|  72|0x0000000086600000, 0x0000000086600000, 0x0000000086700000|  0%| F|  |TAMS 0x0000000086600000| PB 0x0000000086600000| Untracked 
|  73|0x0000000086700000, 0x0000000086700000, 0x0000000086800000|  0%| F|  |TAMS 0x0000000086700000| PB 0x0000000086700000| Untracked 
|  74|0x0000000086800000, 0x0000000086800000, 0x0000000086900000|  0%| F|  |TAMS 0x0000000086800000| PB 0x0000000086800000| Untracked 
|  75|0x0000000086900000, 0x0000000086900000, 0x0000000086a00000|  0%| F|  |TAMS 0x0000000086900000| PB 0x0000000086900000| Untracked 
|  76|0x0000000086a00000, 0x0000000086a00000, 0x0000000086b00000|  0%| F|  |TAMS 0x0000000086a00000| PB 0x0000000086a00000| Untracked 
|  77|0x0000000086b00000, 0x0000000086b00000, 0x0000000086c00000|  0%| F|  |TAMS 0x0000000086b00000| PB 0x0000000086b00000| Untracked 
|  78|0x0000000086c00000, 0x0000000086c00000, 0x0000000086d00000|  0%| F|  |TAMS 0x0000000086c00000| PB 0x0000000086c00000| Untracked 
|  79|0x0000000086d00000, 0x0000000086d00000, 0x0000000086e00000|  0%| F|  |TAMS 0x0000000086d00000| PB 0x0000000086d00000| Untracked 
|  80|0x0000000086e00000, 0x0000000086e00000, 0x0000000086f00000|  0%| F|  |TAMS 0x0000000086e00000| PB 0x0000000086e00000| Untracked 
|  81|0x0000000086f00000, 0x0000000086f00000, 0x0000000087000000|  0%| F|  |TAMS 0x0000000086f00000| PB 0x0000000086f00000| Untracked 
|  82|0x0000000087000000, 0x0000000087000000, 0x0000000087100000|  0%| F|  |TAMS 0x0000000087000000| PB 0x0000000087000000| Untracked 
|  83|0x0000000087100000, 0x0000000087100000, 0x0000000087200000|  0%| F|  |TAMS 0x0000000087100000| PB 0x0000000087100000| Untracked 
|  84|0x0000000087200000, 0x0000000087200000, 0x0000000087300000|  0%| F|  |TAMS 0x0000000087200000| PB 0x0000000087200000| Untracked 
|  85|0x0000000087300000, 0x0000000087300000, 0x0000000087400000|  0%| F|  |TAMS 0x0000000087300000| PB 0x0000000087300000| Untracked 
|  86|0x0000000087400000, 0x0000000087400000, 0x0000000087500000|  0%| F|  |TAMS 0x0000000087400000| PB 0x0000000087400000| Untracked 
|  87|0x0000000087500000, 0x0000000087500000, 0x0000000087600000|  0%| F|  |TAMS 0x0000000087500000| PB 0x0000000087500000| Untracked 
|  88|0x0000000087600000, 0x0000000087600000, 0x0000000087700000|  0%| F|  |TAMS 0x0000000087600000| PB 0x0000000087600000| Untracked 
|  89|0x0000000087700000, 0x0000000087700000, 0x0000000087800000|  0%| F|  |TAMS 0x0000000087700000| PB 0x0000000087700000| Untracked 
|  90|0x0000000087800000, 0x0000000087800000, 0x0000000087900000|  0%| F|  |TAMS 0x0000000087800000| PB 0x0000000087800000| Untracked 
|  91|0x0000000087900000, 0x0000000087900000, 0x0000000087a00000|  0%| F|  |TAMS 0x0000000087900000| PB 0x0000000087900000| Untracked 
|  92|0x0000000087a00000, 0x0000000087a00000, 0x0000000087b00000|  0%| F|  |TAMS 0x0000000087a00000| PB 0x0000000087a00000| Untracked 
|  93|0x0000000087b00000, 0x0000000087b00000, 0x0000000087c00000|  0%| F|  |TAMS 0x0000000087b00000| PB 0x0000000087b00000| Untracked 
|  94|0x0000000087c00000, 0x0000000087c00000, 0x0000000087d00000|  0%| F|  |TAMS 0x0000000087c00000| PB 0x0000000087c00000| Untracked 
|  95|0x0000000087d00000, 0x0000000087d00000, 0x0000000087e00000|  0%| F|  |TAMS 0x0000000087d00000| PB 0x0000000087d00000| Untracked 
|  96|0x0000000087e00000, 0x0000000087e00000, 0x0000000087f00000|  0%| F|  |TAMS 0x0000000087e00000| PB 0x0000000087e00000| Untracked 
|  97|0x0000000087f00000, 0x0000000087f00000, 0x0000000088000000|  0%| F|  |TAMS 0x0000000087f00000| PB 0x0000000087f00000| Untracked 
|  98|0x0000000088000000, 0x0000000088000000, 0x0000000088100000|  0%| F|  |TAMS 0x0000000088000000| PB 0x0000000088000000| Untracked 
|  99|0x0000000088100000, 0x0000000088100000, 0x0000000088200000|  0%| F|  |TAMS 0x0000000088100000| PB 0x0000000088100000| Untracked 
| 100|0x0000000088200000, 0x0000000088200000, 0x0000000088300000|  0%| F|  |TAMS 0x0000000088200000| PB 0x0000000088200000| Untracked 
| 101|0x0000000088300000, 0x0000000088300000, 0x0000000088400000|  0%| F|  |TAMS 0x0000000088300000| PB 0x0000000088300000| Untracked 
| 102|0x0000000088400000, 0x0000000088500000, 0x0000000088500000|100%| S|CS|TAMS 0x0000000088400000| PB 0x0000000088400000| Complete 
| 103|0x0000000088500000, 0x0000000088600000, 0x0000000088600000|100%| S|CS|TAMS 0x0000000088500000| PB 0x0000000088500000| Complete 
| 104|0x0000000088600000, 0x0000000088700000, 0x0000000088700000|100%| S|CS|TAMS 0x0000000088600000| PB 0x0000000088600000| Complete 
| 105|0x0000000088700000, 0x0000000088700000, 0x0000000088800000|  0%| F|  |TAMS 0x0000000088700000| PB 0x0000000088700000| Untracked 
| 106|0x0000000088800000, 0x0000000088800000, 0x0000000088900000|  0%| F|  |TAMS 0x0000000088800000| PB 0x0000000088800000| Untracked 
| 107|0x0000000088900000, 0x0000000088900000, 0x0000000088a00000|  0%| F|  |TAMS 0x0000000088900000| PB 0x0000000088900000| Untracked 
| 108|0x0000000088a00000, 0x0000000088a00000, 0x0000000088b00000|  0%| F|  |TAMS 0x0000000088a00000| PB 0x0000000088a00000| Untracked 
| 109|0x0000000088b00000, 0x0000000088c00000, 0x0000000088c00000|100%| E|  |TAMS 0x0000000088b00000| PB 0x0000000088b00000| Complete 
| 110|0x0000000088c00000, 0x0000000088d00000, 0x0000000088d00000|100%| E|CS|TAMS 0x0000000088c00000| PB 0x0000000088c00000| Complete 
| 111|0x0000000088d00000, 0x0000000088e00000, 0x0000000088e00000|100%| E|CS|TAMS 0x0000000088d00000| PB 0x0000000088d00000| Complete 
| 112|0x0000000088e00000, 0x0000000088f00000, 0x0000000088f00000|100%| E|CS|TAMS 0x0000000088e00000| PB 0x0000000088e00000| Complete 
| 113|0x0000000088f00000, 0x0000000089000000, 0x0000000089000000|100%| E|CS|TAMS 0x0000000088f00000| PB 0x0000000088f00000| Complete 
| 114|0x0000000089000000, 0x0000000089100000, 0x0000000089100000|100%| E|CS|TAMS 0x0000000089000000| PB 0x0000000089000000| Complete 
| 115|0x0000000089100000, 0x0000000089200000, 0x0000000089200000|100%| E|CS|TAMS 0x0000000089100000| PB 0x0000000089100000| Complete 
| 116|0x0000000089200000, 0x0000000089300000, 0x0000000089300000|100%| E|CS|TAMS 0x0000000089200000| PB 0x0000000089200000| Complete 
| 117|0x0000000089300000, 0x0000000089400000, 0x0000000089400000|100%| E|CS|TAMS 0x0000000089300000| PB 0x0000000089300000| Complete 
| 118|0x0000000089400000, 0x0000000089500000, 0x0000000089500000|100%| E|CS|TAMS 0x0000000089400000| PB 0x0000000089400000| Complete 
| 119|0x0000000089500000, 0x0000000089600000, 0x0000000089600000|100%| E|CS|TAMS 0x0000000089500000| PB 0x0000000089500000| Complete 
| 120|0x0000000089600000, 0x0000000089700000, 0x0000000089700000|100%| E|CS|TAMS 0x0000000089600000| PB 0x0000000089600000| Complete 
| 121|0x0000000089700000, 0x0000000089800000, 0x0000000089800000|100%| E|CS|TAMS 0x0000000089700000| PB 0x0000000089700000| Complete 
| 122|0x0000000089800000, 0x0000000089900000, 0x0000000089900000|100%| E|CS|TAMS 0x0000000089800000| PB 0x0000000089800000| Complete 
| 123|0x0000000089900000, 0x0000000089a00000, 0x0000000089a00000|100%| E|CS|TAMS 0x0000000089900000| PB 0x0000000089900000| Complete 
| 124|0x0000000089a00000, 0x0000000089b00000, 0x0000000089b00000|100%| E|CS|TAMS 0x0000000089a00000| PB 0x0000000089a00000| Complete 
| 125|0x0000000089b00000, 0x0000000089c00000, 0x0000000089c00000|100%| E|CS|TAMS 0x0000000089b00000| PB 0x0000000089b00000| Complete 
| 126|0x0000000089c00000, 0x0000000089d00000, 0x0000000089d00000|100%| E|CS|TAMS 0x0000000089c00000| PB 0x0000000089c00000| Complete 
| 127|0x0000000089d00000, 0x0000000089e00000, 0x0000000089e00000|100%| E|CS|TAMS 0x0000000089d00000| PB 0x0000000089d00000| Complete 

Card table byte_map: [0x000002373c6c0000,0x000002373cac0000] _byte_map_base: 0x000002373c2b1000

Marking Bits: (CMBitMap*) 0x0000023724b5f0b0
 Bits: [0x000002373cac0000, 0x000002373ea48000)

Polling page: 0x0000023722b00000

Metaspace:

Usage:
  Non-class:     11.63 MB used.
      Class:      1.89 MB used.
       Both:     13.52 MB used.

Virtual space:
  Non-class space:       64.00 MB reserved,      11.81 MB ( 18%) committed,  1 nodes.
      Class space:        1.00 GB reserved,       2.00 MB ( <1%) committed,  1 nodes.
             Both:        1.06 GB reserved,      13.81 MB (  1%) committed. 

Chunk freelists:
   Non-Class:  4.19 MB
       Class:  13.89 MB
        Both:  18.08 MB

MaxMetaspaceSize: unlimited
CompressedClassSpaceSize: 1.00 GB
Initial GC threshold: 21.00 MB
Current GC threshold: 21.00 MB
CDS: on
 - commit_granule_bytes: 65536.
 - commit_granule_words: 8192.
 - virtual_space_node_default_size: 8388608.
 - enlarge_chunks_in_place: 1.
 - use_allocation_guard: 0.


Internal statistics:

num_allocs_failed_limit: 0.
num_arena_births: 360.
num_arena_deaths: 0.
num_vsnodes_births: 2.
num_vsnodes_deaths: 0.
num_space_committed: 221.
num_space_uncommitted: 0.
num_chunks_returned_to_freelist: 0.
num_chunks_taken_from_freelist: 817.
num_chunk_merges: 0.
num_chunk_splits: 537.
num_chunks_enlarged: 372.
num_inconsistent_stats: 0.

CodeHeap 'non-profiled nmethods': size=120000Kb used=634Kb max_used=634Kb free=119365Kb
 bounds [0x0000023734a60000, 0x0000023734cd0000, 0x000002373bf90000]
CodeHeap 'profiled nmethods': size=120000Kb used=3437Kb max_used=3437Kb free=116563Kb
 bounds [0x000002372cf90000, 0x000002372d2f0000, 0x00000237344c0000]
CodeHeap 'non-nmethods': size=5760Kb used=1779Kb max_used=1779Kb free=3980Kb
 bounds [0x00000237344c0000, 0x0000023734730000, 0x0000023734a60000]
 total_blobs=2745 nmethods=1946 adapters=703
 compilation: enabled
              stopped_count=0, restarted_count=0
 full_count=0

Compilation events (20 events):
Event: 1.620 Thread 0x0000023741490a20 1933   !   3       java.lang.invoke.BootstrapMethodInvoker::invoke (974 bytes)
Event: 1.627 Thread 0x0000023741490a20 nmethod 1933 0x000002372d2dd390 code [0x000002372d2ddbe0, 0x000002372d2e4c30]
Event: 1.629 Thread 0x0000023741490a20 1934       3       java.lang.invoke.MethodHandleNatives::staticArgumentsPulled (5 bytes)
Event: 1.630 Thread 0x0000023741490a20 nmethod 1934 0x000002372d2e7e10 code [0x000002372d2e7fc0, 0x000002372d2e81a8]
Event: 1.652 Thread 0x0000023741490a20 1940       3       sun.misc.Unsafe::putByte (9 bytes)
Event: 1.652 Thread 0x0000023741490a20 nmethod 1940 0x000002372d2e8210 code [0x000002372d2e83c0, 0x000002372d2e8540]
Event: 1.653 Thread 0x0000023741490a20 1941       3       jdk.internal.misc.Unsafe::putByte (8 bytes)
Event: 1.653 Thread 0x0000023741490a20 nmethod 1941 0x000002372d2e8610 code [0x000002372d2e87a0, 0x000002372d2e88b8]
Event: 1.653 Thread 0x0000023741490a20 1942       3       jdk.internal.misc.Unsafe::getInt (7 bytes)
Event: 1.653 Thread 0x0000023741490a20 nmethod 1942 0x000002372d2e8990 code [0x000002372d2e8b20, 0x000002372d2e8c38]
Event: 1.653 Thread 0x0000023741490a20 1943       3       sun.misc.Unsafe::getInt (8 bytes)
Event: 1.653 Thread 0x0000023741490a20 nmethod 1943 0x000002372d2e8d10 code [0x000002372d2e8ec0, 0x000002372d2e9040]
Event: 1.653 Thread 0x0000023741490a20 1945       3       jdk.internal.misc.Unsafe::putInt (8 bytes)
Event: 1.653 Thread 0x0000023741490a20 nmethod 1945 0x000002372d2e9110 code [0x000002372d2e92a0, 0x000002372d2e93b8]
Event: 1.653 Thread 0x0000023741490a20 1944       3       sun.misc.Unsafe::putInt (9 bytes)
Event: 1.653 Thread 0x0000023741490a20 nmethod 1944 0x000002372d2e9490 code [0x000002372d2e9640, 0x000002372d2e97c0]
Event: 1.653 Thread 0x0000023741490a20 1946       3       sun.misc.Unsafe::getByte (8 bytes)
Event: 1.653 Thread 0x0000023741490a20 nmethod 1946 0x000002372d2e9890 code [0x000002372d2e9a40, 0x000002372d2e9bc8]
Event: 1.653 Thread 0x0000023741490a20 1947       3       jdk.internal.misc.Unsafe::getByte (7 bytes)
Event: 1.653 Thread 0x0000023741490a20 nmethod 1947 0x000002372d2e9c90 code [0x000002372d2e9e20, 0x000002372d2e9f40]

GC Heap History (2 events):
Event: 0.898 GC heap before
{Heap before GC invocations=0 (full 0):
 garbage-first heap   total 131072K, used 22528K [0x0000000081e00000, 0x0000000100000000)
  region size 1024K, 23 young (23552K), 0 survivors (0K)
 Metaspace       used 8075K, committed 8256K, reserved 1114112K
  class space    used 1021K, committed 1088K, reserved 1048576K
}
Event: 0.903 GC heap after
{Heap after GC invocations=1 (full 0):
 garbage-first heap   total 131072K, used 4373K [0x0000000081e00000, 0x0000000100000000)
  region size 1024K, 3 young (3072K), 3 survivors (3072K)
 Metaspace       used 8075K, committed 8256K, reserved 1114112K
  class space    used 1021K, committed 1088K, reserved 1048576K
}

Dll operation events (20 events):
Event: 0.468 Loaded shared library C:\Users\Etudiant\.openjfx\cache\21+31\amd64\api-ms-win-crt-heap-l1-1-0.dll
Event: 0.471 Loaded shared library C:\Users\Etudiant\.openjfx\cache\21+31\amd64\api-ms-win-crt-locale-l1-1-0.dll
Event: 0.473 Loaded shared library C:\Users\Etudiant\.openjfx\cache\21+31\amd64\api-ms-win-crt-math-l1-1-0.dll
Event: 0.477 Loaded shared library C:\Users\Etudiant\.openjfx\cache\21+31\amd64\api-ms-win-crt-multibyte-l1-1-0.dll
Event: 0.481 Loaded shared library C:\Users\Etudiant\.openjfx\cache\21+31\amd64\api-ms-win-crt-private-l1-1-0.dll
Event: 0.484 Loaded shared library C:\Users\Etudiant\.openjfx\cache\21+31\amd64\api-ms-win-crt-process-l1-1-0.dll
Event: 0.486 Loaded shared library C:\Users\Etudiant\.openjfx\cache\21+31\amd64\api-ms-win-crt-runtime-l1-1-0.dll
Event: 0.489 Loaded shared library C:\Users\Etudiant\.openjfx\cache\21+31\amd64\api-ms-win-crt-stdio-l1-1-0.dll
Event: 0.491 Loaded shared library C:\Users\Etudiant\.openjfx\cache\21+31\amd64\api-ms-win-crt-string-l1-1-0.dll
Event: 0.496 Loaded shared library C:\Users\Etudiant\.openjfx\cache\21+31\amd64\api-ms-win-crt-time-l1-1-0.dll
Event: 0.499 Loaded shared library C:\Users\Etudiant\.openjfx\cache\21+31\amd64\api-ms-win-crt-utility-l1-1-0.dll
Event: 0.513 Loaded shared library C:\Users\Etudiant\.openjfx\cache\21+31\amd64\ucrtbase.dll
Event: 0.517 Loaded shared library C:\Users\Etudiant\.openjfx\cache\21+31\amd64\vcruntime140.dll
Event: 0.520 Loaded shared library C:\Users\Etudiant\.openjfx\cache\21+31\amd64\vcruntime140_1.dll
Event: 0.529 Loaded shared library C:\Users\Etudiant\.openjfx\cache\21+31\amd64\msvcp140.dll
Event: 0.532 Loaded shared library C:\Users\Etudiant\.openjfx\cache\21+31\amd64\msvcp140_1.dll
Event: 0.536 Loaded shared library C:\Users\Etudiant\.openjfx\cache\21+31\amd64\msvcp140_2.dll
Event: 0.579 Loaded shared library C:\Users\Etudiant\.openjfx\cache\21+31\amd64\prism_d3d.dll
Event: 0.623 Loaded shared library C:\Users\Etudiant\.openjfx\cache\21+31\amd64\glass.dll
Event: 0.800 Loaded shared library C:\Users\Etudiant\.openjfx\cache\21+31\amd64\javafx_font.dll

Deoptimization events (20 events):
Event: 1.403 Thread 0x0000023787789ee0 DEOPT PACKING pc=0x0000023734aab2ac sp=0x000000e9765fd340
Event: 1.403 Thread 0x0000023787789ee0 DEOPT UNPACKING pc=0x00000237345146a2 sp=0x000000e9765fd2c0 mode 2
Event: 1.408 Thread 0x000002378bdfb730 Uncommon trap: trap_request=0xffffff45 fr.pc=0x0000023734ad82f4 relative=0x00000000000000d4
Event: 1.408 Thread 0x000002378bdfb730 Uncommon trap: reason=unstable_if action=reinterpret pc=0x0000023734ad82f4 method=java.util.concurrent.locks.ReentrantLock$Sync.tryRelease(I)Z @ 26 c2
Event: 1.408 Thread 0x000002378bdfb730 DEOPT PACKING pc=0x0000023734ad82f4 sp=0x000000e9776fee80
Event: 1.408 Thread 0x000002378bdfb730 DEOPT UNPACKING pc=0x00000237345146a2 sp=0x000000e9776fee20 mode 2
Event: 1.474 Thread 0x00000237876c7bc0 DEOPT PACKING pc=0x000002372d2307d5 sp=0x000000e9763f9c70
Event: 1.474 Thread 0x00000237876c7bc0 DEOPT UNPACKING pc=0x0000023734514e42 sp=0x000000e9763f90e0 mode 0
Event: 1.492 Thread 0x00000237876c7bc0 Uncommon trap: trap_request=0xffffffde fr.pc=0x0000023734ad52ac relative=0x0000000000000c0c
Event: 1.492 Thread 0x00000237876c7bc0 Uncommon trap: reason=class_check action=maybe_recompile pc=0x0000023734ad52ac method=java.io.BufferedInputStream.read1([BII)I @ 52 c2
Event: 1.492 Thread 0x00000237876c7bc0 DEOPT PACKING pc=0x0000023734ad52ac sp=0x000000e9763fe090
Event: 1.492 Thread 0x00000237876c7bc0 DEOPT UNPACKING pc=0x00000237345146a2 sp=0x000000e9763fdfa8 mode 2
Event: 1.533 Thread 0x00000237876c7bc0 Uncommon trap: trap_request=0xffffffde fr.pc=0x0000023734ad52ac relative=0x0000000000000c0c
Event: 1.533 Thread 0x00000237876c7bc0 Uncommon trap: reason=class_check action=maybe_recompile pc=0x0000023734ad52ac method=java.io.BufferedInputStream.read1([BII)I @ 52 c2
Event: 1.533 Thread 0x00000237876c7bc0 DEOPT PACKING pc=0x0000023734ad52ac sp=0x000000e9763fdac0
Event: 1.533 Thread 0x00000237876c7bc0 DEOPT UNPACKING pc=0x00000237345146a2 sp=0x000000e9763fd9d8 mode 2
Event: 1.567 Thread 0x00000237876c7bc0 Uncommon trap: trap_request=0xffffffde fr.pc=0x0000023734ad52ac relative=0x0000000000000c0c
Event: 1.567 Thread 0x00000237876c7bc0 Uncommon trap: reason=class_check action=maybe_recompile pc=0x0000023734ad52ac method=java.io.BufferedInputStream.read1([BII)I @ 52 c2
Event: 1.567 Thread 0x00000237876c7bc0 DEOPT PACKING pc=0x0000023734ad52ac sp=0x000000e9763fd1a0
Event: 1.567 Thread 0x00000237876c7bc0 DEOPT UNPACKING pc=0x00000237345146a2 sp=0x000000e9763fd0b8 mode 2

Classes loaded (20 events):
Event: 1.518 Loading class java/nio/DirectFloatBufferU
Event: 1.519 Loading class java/nio/DirectFloatBufferU done
Event: 1.535 Loading class java/lang/FdLibm$Atan2
Event: 1.535 Loading class java/lang/FdLibm$Atan2 done
Event: 1.535 Loading class java/lang/FdLibm
Event: 1.535 Loading class java/lang/FdLibm done
Event: 1.541 Loading class java/lang/FdLibm$Hypot
Event: 1.541 Loading class java/lang/FdLibm$Hypot done
Event: 1.588 Loading class java/lang/ArrayIndexOutOfBoundsException
Event: 1.588 Loading class java/lang/ArrayIndexOutOfBoundsException done
Event: 1.603 Loading class java/util/concurrent/ConcurrentLinkedQueue
Event: 1.603 Loading class java/util/concurrent/ConcurrentLinkedQueue done
Event: 1.603 Loading class java/util/concurrent/ConcurrentLinkedQueue$Node
Event: 1.603 Loading class java/util/concurrent/ConcurrentLinkedQueue$Node done
Event: 1.606 Loading class jdk/internal/ref/CleanerImpl$InnocuousThreadFactory
Event: 1.606 Loading class jdk/internal/ref/CleanerImpl$InnocuousThreadFactory done
Event: 1.621 Loading class sun/misc/Unsafe
Event: 1.621 Loading class sun/misc/Unsafe done
Event: 1.622 Loading class java/lang/invoke/DirectMethodHandle$StaticAccessor
Event: 1.622 Loading class java/lang/invoke/DirectMethodHandle$StaticAccessor done

Classes unloaded (0 events):
No events

Classes redefined (0 events):
No events

Internal exceptions (20 events):
Event: 1.071 Thread 0x0000023787789ee0 Exception <a 'java/lang/NoSuchMethodError'{0x00000000897560f0}: 'int java.lang.invoke.DirectMethodHandle$Holder.invokeSpecial(java.lang.Object, java.lang.Object, java.lang.Object, int)'> (0x00000000897560f0) 
thrown [s\open\src\hotspot\share\interpreter\linkResolver.cpp, line 773]
Event: 1.072 Thread 0x0000023787789ee0 Exception <a 'java/lang/NoSuchMethodError'{0x000000008975ffc8}: 'void java.lang.invoke.DelegatingMethodHandle$Holder.reinvoke_L(java.lang.Object, java.lang.Object, int)'> (0x000000008975ffc8) 
thrown [s\open\src\hotspot\share\interpreter\linkResolver.cpp, line 773]
Event: 1.072 Thread 0x0000023787789ee0 Exception <a 'java/lang/NoSuchMethodError'{0x0000000089766ca8}: 'int java.lang.invoke.DirectMethodHandle$Holder.invokeSpecial(java.lang.Object, java.lang.Object, java.lang.Object)'> (0x0000000089766ca8) 
thrown [s\open\src\hotspot\share\interpreter\linkResolver.cpp, line 773]
Event: 1.091 Thread 0x0000023787789ee0 Exception <a 'java/lang/NoSuchMethodError'{0x00000000897f1ea0}: 'java.lang.Object java.lang.invoke.DelegatingMethodHandle$Holder.reinvoke_L(java.lang.Object, double, double, double, double)'> (0x00000000897f1ea0) 
thrown [s\open\src\hotspot\share\interpreter\linkResolver.cpp, line 773]
Event: 1.093 Thread 0x0000023787789ee0 Exception <a 'java/lang/NoSuchMethodError'{0x00000000897fcbb0}: 'java.lang.Object java.lang.invoke.DirectMethodHandle$Holder.invokeStatic(java.lang.Object, java.lang.Object, int)'> (0x00000000897fcbb0) 
thrown [s\open\src\hotspot\share\interpreter\linkResolver.cpp, line 773]
Event: 1.094 Thread 0x0000023787789ee0 Exception <a 'java/lang/NoSuchMethodError'{0x0000000089601768}: 'void java.lang.invoke.DirectMethodHandle$Holder.invokeStatic(java.lang.Object, java.lang.Object, int, java.lang.Object)'> (0x0000000089601768) 
thrown [s\open\src\hotspot\share\interpreter\linkResolver.cpp, line 773]
Event: 1.094 Thread 0x0000023787789ee0 Exception <a 'java/lang/NoSuchMethodError'{0x00000000896081d8}: 'void java.lang.invoke.DelegatingMethodHandle$Holder.delegate(java.lang.Object, java.lang.Object, int, java.lang.Object)'> (0x00000000896081d8) 
thrown [s\open\src\hotspot\share\interpreter\linkResolver.cpp, line 773]
Event: 1.099 Thread 0x0000023787789ee0 Exception <a 'java/lang/NoSuchMethodError'{0x000000008962b218}: 'void java.lang.invoke.DirectMethodHandle$Holder.invokeSpecial(java.lang.Object, java.lang.Object, java.lang.Object, java.lang.Object, java.lang.Object)'> (0x000000008962b218) 
thrown [s\open\src\hotspot\share\interpreter\linkResolver.cpp, line 773]
Event: 1.109 Thread 0x0000023787789ee0 Exception <a 'java/io/FileNotFoundException'{0x0000000089671e10}> (0x0000000089671e10) 
thrown [s\open\src\hotspot\share\prims\jni.cpp, line 520]
Event: 1.140 Thread 0x0000023787789ee0 Implicit null exception at 0x0000023734ad28a0 to 0x0000023734ad2af4
Event: 1.278 Thread 0x0000023787789ee0 Exception <a 'java/lang/NoSuchMethodError'{0x0000000089109ad8}: 'java.lang.Object java.lang.invoke.DirectMethodHandle$Holder.invokeInterface(java.lang.Object, java.lang.Object, java.lang.Object)'> (0x0000000089109ad8) 
thrown [s\open\src\hotspot\share\interpreter\linkResolver.cpp, line 773]
Event: 1.278 Thread 0x0000023787789ee0 Exception <a 'java/lang/IncompatibleClassChangeError'{0x000000008910d180}: Found class java.lang.Object, but interface was expected> (0x000000008910d180) 
thrown [s\open\src\hotspot\share\interpreter\linkResolver.cpp, line 840]
Event: 1.359 Thread 0x0000023787789ee0 Exception <a 'java/lang/NoSuchMethodError'{0x0000000088f676b0}: 'int java.lang.invoke.DirectMethodHandle$Holder.invokeSpecial(java.lang.Object, java.lang.Object, int)'> (0x0000000088f676b0) 
thrown [s\open\src\hotspot\share\interpreter\linkResolver.cpp, line 773]
Event: 1.372 Thread 0x0000023787789ee0 Exception <a 'java/lang/NoSuchMethodError'{0x0000000088fafb48}: 'java.lang.Object java.lang.invoke.DirectMethodHandle$Holder.newInvokeSpecial(java.lang.Object, java.lang.Object, int)'> (0x0000000088fafb48) 
thrown [s\open\src\hotspot\share\interpreter\linkResolver.cpp, line 773]
Event: 1.415 Thread 0x000002378bdfb0c0 Exception <a 'java/lang/NoSuchMethodError'{0x0000000088fdf790}: 'void java.lang.invoke.DirectMethodHandle$Holder.invokeStatic(java.lang.Object, long)'> (0x0000000088fdf790) 
thrown [s\open\src\hotspot\share\interpreter\linkResolver.cpp, line 773]
Event: 1.415 Thread 0x000002378bdfb0c0 Exception <a 'java/lang/NoSuchMethodError'{0x0000000088fe4268}: 'java.lang.Object java.lang.invoke.DirectMethodHandle$Holder.newInvokeSpecial(java.lang.Object, long)'> (0x0000000088fe4268) 
thrown [s\open\src\hotspot\share\interpreter\linkResolver.cpp, line 773]
Event: 1.418 Thread 0x000002378bdfb0c0 Exception <a 'java/lang/NoSuchMethodError'{0x0000000088feb3b0}: 'java.lang.Object java.lang.invoke.DirectMethodHandle$Holder.invokeStatic(java.lang.Object, long, java.lang.Object)'> (0x0000000088feb3b0) 
thrown [s\open\src\hotspot\share\interpreter\linkResolver.cpp, line 773]
Event: 1.419 Thread 0x000002378bdfb0c0 Exception <a 'java/lang/NoSuchMethodError'{0x0000000088fee758}: 'java.lang.Object java.lang.invoke.DirectMethodHandle$Holder.invokeStaticInit(java.lang.Object, long, java.lang.Object)'> (0x0000000088fee758) 
thrown [s\open\src\hotspot\share\interpreter\linkResolver.cpp, line 773]
Event: 1.442 Thread 0x00000237876c7bc0 Exception <a 'java/lang/NoSuchMethodError'{0x0000000088edc880}: 'int java.lang.invoke.DirectMethodHandle$Holder.invokeStaticInit(java.lang.Object, java.lang.Object)'> (0x0000000088edc880) 
thrown [s\open\src\hotspot\share\interpreter\linkResolver.cpp, line 773]
Event: 1.540 Thread 0x00000237876c7bc0 Exception <a 'java/lang/NoSuchMethodError'{0x0000000088c37070}: 'java.lang.Object java.lang.invoke.DirectMethodHandle$Holder.invokeStaticInit(java.lang.Object, int)'> (0x0000000088c37070) 
thrown [s\open\src\hotspot\share\interpreter\linkResolver.cpp, line 773]

ZGC Phase Switch (0 events):
No events

VM Operations (20 events):
Event: 0.287 Executing VM operation: HandshakeAllThreads (Deoptimize)
Event: 0.287 Executing VM operation: HandshakeAllThreads (Deoptimize) done
Event: 0.316 Executing VM operation: HandshakeAllThreads (Deoptimize)
Event: 0.316 Executing VM operation: HandshakeAllThreads (Deoptimize) done
Event: 0.616 Executing VM operation: HandshakeAllThreads (Deoptimize)
Event: 0.616 Executing VM operation: HandshakeAllThreads (Deoptimize) done
Event: 0.898 Executing VM operation: G1CollectForAllocation (G1 Evacuation Pause)
Event: 0.903 Executing VM operation: G1CollectForAllocation (G1 Evacuation Pause) done
Event: 1.090 Executing VM operation: HandshakeAllThreads (Deoptimize)
Event: 1.090 Executing VM operation: HandshakeAllThreads (Deoptimize) done
Event: 1.092 Executing VM operation: HandshakeAllThreads (Deoptimize)
Event: 1.093 Executing VM operation: HandshakeAllThreads (Deoptimize) done
Event: 1.244 Executing VM operation: ICBufferFull
Event: 1.244 Executing VM operation: ICBufferFull done
Event: 1.264 Executing VM operation: HandshakeAllThreads (Deoptimize)
Event: 1.264 Executing VM operation: HandshakeAllThreads (Deoptimize) done
Event: 1.422 Executing VM operation: HandshakeAllThreads (Deoptimize)
Event: 1.422 Executing VM operation: HandshakeAllThreads (Deoptimize) done
Event: 1.588 Executing VM operation: HandshakeAllThreads (Deoptimize)
Event: 1.588 Executing VM operation: HandshakeAllThreads (Deoptimize) done

Events (20 events):
Event: 0.062 Thread 0x000002374147e560 Thread added: 0x000002374147e560
Event: 0.063 Thread 0x0000023741484ec0 Thread added: 0x0000023741484ec0
Event: 0.064 Thread 0x00000237414857b0 Thread added: 0x00000237414857b0
Event: 0.064 Thread 0x0000023741487850 Thread added: 0x0000023741487850
Event: 0.064 Thread 0x0000023741487ec0 Thread added: 0x0000023741487ec0
Event: 0.064 Thread 0x0000023741489410 Thread added: 0x0000023741489410
Event: 0.064 Thread 0x0000023741490a20 Thread added: 0x0000023741490a20
Event: 0.098 Thread 0x0000023741792dc0 Thread added: 0x0000023741792dc0
Event: 0.102 Thread 0x0000023741796640 Thread added: 0x0000023741796640
Event: 0.175 Thread 0x00000237418642e0 Thread added: 0x00000237418642e0
Event: 0.570 Thread 0x00000237876c7bc0 Thread added: 0x00000237876c7bc0
Event: 0.625 Thread 0x000002378774f2a0 Thread added: 0x000002378774f2a0
Event: 0.630 Thread 0x0000023787789ee0 Thread added: 0x0000023787789ee0
Event: 0.712 Thread 0x000002378b91fa90 Thread added: 0x000002378b91fa90
Event: 1.268 Thread 0x000002378bd95810 Thread added: 0x000002378bd95810
Event: 1.401 Thread 0x000002378bdfb0c0 Thread added: 0x000002378bdfb0c0
Event: 1.402 Thread 0x000002378bdfb730 Thread added: 0x000002378bdfb730
Event: 1.405 Thread 0x000002378be0ca80 Thread added: 0x000002378be0ca80
Event: 1.433 Thread 0x000002378bdfb0c0 Thread exited: 0x000002378bdfb0c0
Event: 1.606 Thread 0x000002378bd3a180 Thread added: 0x000002378bd3a180


Dynamic libraries:
0x00007ff79fdc0000 - 0x00007ff79fdd0000 	C:\Program Files\Java\jdk-21\bin\java.exe
0x00007ff921030000 - 0x00007ff921228000 	C:\Windows\SYSTEM32\ntdll.dll
0x00007ff920b00000 - 0x00007ff920bbd000 	C:\Windows\System32\KERNEL32.DLL
0x00007ff91e8b0000 - 0x00007ff91eb7e000 	C:\Windows\System32\KERNELBASE.dll
0x00007ff91eea0000 - 0x00007ff91efa0000 	C:\Windows\System32\ucrtbase.dll
0x00007ff91bf30000 - 0x00007ff91bf4b000 	C:\Program Files\Java\jdk-21\bin\VCRUNTIME140.dll
0x00007ff91bf10000 - 0x00007ff91bf29000 	C:\Program Files\Java\jdk-21\bin\jli.dll
0x00007ff91fc60000 - 0x00007ff91fd0e000 	C:\Windows\System32\ADVAPI32.dll
0x00007ff91fdb0000 - 0x00007ff91fe4e000 	C:\Windows\System32\msvcrt.dll
0x00007ff91fe50000 - 0x00007ff91feec000 	C:\Windows\System32\sechost.dll
0x00007ff920c70000 - 0x00007ff920d95000 	C:\Windows\System32\RPCRT4.dll
0x00007ff91f8b0000 - 0x00007ff91fa50000 	C:\Windows\System32\USER32.dll
0x00007ff91eb80000 - 0x00007ff91eba2000 	C:\Windows\System32\win32u.dll
0x00007ff8f6080000 - 0x00007ff8f631a000 	C:\Windows\WinSxS\amd64_microsoft.windows.common-controls_6595b64144ccf1df_6.0.19041.1110_none_60b5254171f9507e\COMCTL32.dll
0x00007ff920460000 - 0x00007ff92048a000 	C:\Windows\System32\GDI32.dll
0x00007ff91ed90000 - 0x00007ff91ee9b000 	C:\Windows\System32\gdi32full.dll
0x00007ff91ec60000 - 0x00007ff91ecfd000 	C:\Windows\System32\msvcp_win.dll
0x00007ff919090000 - 0x00007ff91909a000 	C:\Windows\SYSTEM32\VERSION.dll
0x00007ff91fd80000 - 0x00007ff91fdb0000 	C:\Windows\System32\IMM32.DLL
0x00007ff91bed0000 - 0x00007ff91bedc000 	C:\Program Files\Java\jdk-21\bin\vcruntime140_1.dll
0x00007ff8cd340000 - 0x00007ff8cd3ce000 	C:\Program Files\Java\jdk-21\bin\msvcp140.dll
0x00007ff8b8130000 - 0x00007ff8b8e3d000 	C:\Program Files\Java\jdk-21\bin\server\jvm.dll
0x00007ff91fef0000 - 0x00007ff91ff5b000 	C:\Windows\System32\WS2_32.dll
0x00007ff9090a0000 - 0x00007ff9090c7000 	C:\Windows\SYSTEM32\WINMM.dll
0x00007ff91e510000 - 0x00007ff91e55b000 	C:\Windows\SYSTEM32\POWRPROF.dll
0x00007ff91e4f0000 - 0x00007ff91e502000 	C:\Windows\SYSTEM32\UMPDC.dll
0x00007ff91c630000 - 0x00007ff91c642000 	C:\Windows\SYSTEM32\kernel.appcore.dll
0x00007ff9188e0000 - 0x00007ff9188ea000 	C:\Program Files\Java\jdk-21\bin\jimage.dll
0x00007ff909160000 - 0x00007ff909344000 	C:\Windows\SYSTEM32\DBGHELP.DLL
0x00007ff908e80000 - 0x00007ff908eac000 	C:\Windows\SYSTEM32\dbgcore.DLL
0x00007ff91ed00000 - 0x00007ff91ed82000 	C:\Windows\System32\bcryptPrimitives.dll
0x00007ff90dbc0000 - 0x00007ff90dbdf000 	C:\Program Files\Java\jdk-21\bin\java.dll
0x00007ff91f160000 - 0x00007ff91f8a4000 	C:\Windows\System32\SHELL32.dll
0x00007ff91c830000 - 0x00007ff91cfc4000 	C:\Windows\SYSTEM32\windows.storage.dll
0x00007ff920620000 - 0x00007ff920974000 	C:\Windows\System32\combase.dll
0x00007ff91e000000 - 0x00007ff91e030000 	C:\Windows\SYSTEM32\Wldp.dll
0x00007ff920da0000 - 0x00007ff920e4d000 	C:\Windows\System32\SHCORE.dll
0x00007ff920490000 - 0x00007ff9204e5000 	C:\Windows\System32\shlwapi.dll
0x00007ff91e690000 - 0x00007ff91e6af000 	C:\Windows\SYSTEM32\profapi.dll
0x00007ff8bddb0000 - 0x00007ff8bde87000 	C:\Program Files\Java\jdk-21\bin\jsvml.dll
0x00007ff916240000 - 0x00007ff916250000 	C:\Program Files\Java\jdk-21\bin\net.dll
0x00007ff918db0000 - 0x00007ff918eba000 	C:\Windows\SYSTEM32\WINHTTP.dll
0x00007ff91dde0000 - 0x00007ff91de4a000 	C:\Windows\system32\mswsock.dll
0x00007ff90dba0000 - 0x00007ff90dbb6000 	C:\Program Files\Java\jdk-21\bin\nio.dll
0x00007ff9085b0000 - 0x00007ff9085c8000 	C:\Program Files\Java\jdk-21\bin\zip.dll
0x0000023724ab0000 - 0x0000023724ab3000 	C:\Users\Etudiant\.openjfx\cache\21+31\amd64\api-ms-win-core-console-l1-1-0.dll
0x0000023724ac0000 - 0x0000023724ac3000 	C:\Users\Etudiant\.openjfx\cache\21+31\amd64\api-ms-win-core-console-l1-2-0.dll
0x0000023724ad0000 - 0x0000023724ad3000 	C:\Users\Etudiant\.openjfx\cache\21+31\amd64\api-ms-win-core-datetime-l1-1-0.dll
0x0000023741a10000 - 0x0000023741a13000 	C:\Users\Etudiant\.openjfx\cache\21+31\amd64\api-ms-win-core-debug-l1-1-0.dll
0x0000023741a20000 - 0x0000023741a23000 	C:\Users\Etudiant\.openjfx\cache\21+31\amd64\api-ms-win-core-errorhandling-l1-1-0.dll
0x0000023741a30000 - 0x0000023741a34000 	C:\Users\Etudiant\.openjfx\cache\21+31\amd64\api-ms-win-core-file-l1-1-0.dll
0x0000023741a40000 - 0x0000023741a43000 	C:\Users\Etudiant\.openjfx\cache\21+31\amd64\api-ms-win-core-file-l1-2-0.dll
0x0000023741a50000 - 0x0000023741a53000 	C:\Users\Etudiant\.openjfx\cache\21+31\amd64\api-ms-win-core-file-l2-1-0.dll
0x0000023741a60000 - 0x0000023741a63000 	C:\Users\Etudiant\.openjfx\cache\21+31\amd64\api-ms-win-core-handle-l1-1-0.dll
0x0000023741a70000 - 0x0000023741a73000 	C:\Users\Etudiant\.openjfx\cache\21+31\amd64\api-ms-win-core-heap-l1-1-0.dll
0x0000023741a80000 - 0x0000023741a83000 	C:\Users\Etudiant\.openjfx\cache\21+31\amd64\api-ms-win-core-interlocked-l1-1-0.dll
0x0000023741a90000 - 0x0000023741a93000 	C:\Users\Etudiant\.openjfx\cache\21+31\amd64\api-ms-win-core-libraryloader-l1-1-0.dll
0x0000023741aa0000 - 0x0000023741aa3000 	C:\Users\Etudiant\.openjfx\cache\21+31\amd64\api-ms-win-core-localization-l1-2-0.dll
0x0000023741ab0000 - 0x0000023741ab3000 	C:\Users\Etudiant\.openjfx\cache\21+31\amd64\api-ms-win-core-memory-l1-1-0.dll
0x0000023741ac0000 - 0x0000023741ac3000 	C:\Users\Etudiant\.openjfx\cache\21+31\amd64\api-ms-win-core-namedpipe-l1-1-0.dll
0x0000023741ad0000 - 0x0000023741ad3000 	C:\Users\Etudiant\.openjfx\cache\21+31\amd64\api-ms-win-core-processenvironment-l1-1-0.dll
0x0000023741ae0000 - 0x0000023741ae3000 	C:\Users\Etudiant\.openjfx\cache\21+31\amd64\api-ms-win-core-processthreads-l1-1-0.dll
0x0000023741af0000 - 0x0000023741af3000 	C:\Users\Etudiant\.openjfx\cache\21+31\amd64\api-ms-win-core-processthreads-l1-1-1.dll
0x0000023741b00000 - 0x0000023741b03000 	C:\Users\Etudiant\.openjfx\cache\21+31\amd64\api-ms-win-core-profile-l1-1-0.dll
0x0000023741b10000 - 0x0000023741b13000 	C:\Users\Etudiant\.openjfx\cache\21+31\amd64\api-ms-win-core-rtlsupport-l1-1-0.dll
0x0000023741b20000 - 0x0000023741b23000 	C:\Users\Etudiant\.openjfx\cache\21+31\amd64\api-ms-win-core-string-l1-1-0.dll
0x0000023741b30000 - 0x0000023741b33000 	C:\Users\Etudiant\.openjfx\cache\21+31\amd64\api-ms-win-core-synch-l1-1-0.dll
0x0000023741b40000 - 0x0000023741b43000 	C:\Users\Etudiant\.openjfx\cache\21+31\amd64\api-ms-win-core-synch-l1-2-0.dll
0x0000023741b50000 - 0x0000023741b53000 	C:\Users\Etudiant\.openjfx\cache\21+31\amd64\api-ms-win-core-sysinfo-l1-1-0.dll
0x0000023741b60000 - 0x0000023741b63000 	C:\Users\Etudiant\.openjfx\cache\21+31\amd64\api-ms-win-core-timezone-l1-1-0.dll
0x0000023741b70000 - 0x0000023741b73000 	C:\Users\Etudiant\.openjfx\cache\21+31\amd64\api-ms-win-core-util-l1-1-0.dll
0x0000023741b80000 - 0x0000023741b83000 	C:\Users\Etudiant\.openjfx\cache\21+31\amd64\api-ms-win-crt-conio-l1-1-0.dll
0x0000023741b90000 - 0x0000023741b94000 	C:\Users\Etudiant\.openjfx\cache\21+31\amd64\api-ms-win-crt-convert-l1-1-0.dll
0x0000023741ba0000 - 0x0000023741ba3000 	C:\Users\Etudiant\.openjfx\cache\21+31\amd64\api-ms-win-crt-environment-l1-1-0.dll
0x0000023741bb0000 - 0x0000023741bb3000 	C:\Users\Etudiant\.openjfx\cache\21+31\amd64\api-ms-win-crt-filesystem-l1-1-0.dll
0x0000023741bc0000 - 0x0000023741bc3000 	C:\Users\Etudiant\.openjfx\cache\21+31\amd64\api-ms-win-crt-heap-l1-1-0.dll
0x0000023741bd0000 - 0x0000023741bd3000 	C:\Users\Etudiant\.openjfx\cache\21+31\amd64\api-ms-win-crt-locale-l1-1-0.dll
0x0000023741be0000 - 0x0000023741be5000 	C:\Users\Etudiant\.openjfx\cache\21+31\amd64\api-ms-win-crt-math-l1-1-0.dll
0x0000023741bf0000 - 0x0000023741bf5000 	C:\Users\Etudiant\.openjfx\cache\21+31\amd64\api-ms-win-crt-multibyte-l1-1-0.dll
0x0000023741c00000 - 0x0000023741c10000 	C:\Users\Etudiant\.openjfx\cache\21+31\amd64\api-ms-win-crt-private-l1-1-0.dll
0x0000023741c10000 - 0x0000023741c13000 	C:\Users\Etudiant\.openjfx\cache\21+31\amd64\api-ms-win-crt-process-l1-1-0.dll
0x0000023741c20000 - 0x0000023741c24000 	C:\Users\Etudiant\.openjfx\cache\21+31\amd64\api-ms-win-crt-runtime-l1-1-0.dll
0x0000023741c30000 - 0x0000023741c34000 	C:\Users\Etudiant\.openjfx\cache\21+31\amd64\api-ms-win-crt-stdio-l1-1-0.dll
0x0000023741c40000 - 0x0000023741c44000 	C:\Users\Etudiant\.openjfx\cache\21+31\amd64\api-ms-win-crt-string-l1-1-0.dll
0x0000023741c50000 - 0x0000023741c53000 	C:\Users\Etudiant\.openjfx\cache\21+31\amd64\api-ms-win-crt-time-l1-1-0.dll
0x0000023741c60000 - 0x0000023741c63000 	C:\Users\Etudiant\.openjfx\cache\21+31\amd64\api-ms-win-crt-utility-l1-1-0.dll
0x00007ff8bdcb0000 - 0x00007ff8bddac000 	C:\Users\Etudiant\.openjfx\cache\21+31\amd64\ucrtbase.dll
0x00007ff908590000 - 0x00007ff9085ab000 	C:\Users\Etudiant\.openjfx\cache\21+31\amd64\vcruntime140.dll
0x00007ff9100f0000 - 0x00007ff9100fc000 	C:\Users\Etudiant\.openjfx\cache\21+31\amd64\vcruntime140_1.dll
0x00007ff8c4300000 - 0x00007ff8c438e000 	C:\Users\Etudiant\.openjfx\cache\21+31\amd64\msvcp140.dll
0x00007ff9204f0000 - 0x00007ff92061a000 	C:\Windows\System32\ole32.dll
0x00007ff90e480000 - 0x00007ff90e489000 	C:\Users\Etudiant\.openjfx\cache\21+31\amd64\msvcp140_1.dll
0x00007ff8eb3d0000 - 0x00007ff8eb3ff000 	C:\Users\Etudiant\.openjfx\cache\21+31\amd64\msvcp140_2.dll
0x00007ff8ead00000 - 0x00007ff8ead2f000 	C:\Users\Etudiant\.openjfx\cache\21+31\amd64\prism_d3d.dll
0x00007ff8cd5d0000 - 0x00007ff8cd79f000 	C:\Windows\system32\d3d9.dll
0x00007ff91c340000 - 0x00007ff91c36f000 	C:\Windows\SYSTEM32\dwmapi.dll
0x00007ff91c150000 - 0x00007ff91c1ee000 	C:\Windows\system32\uxtheme.dll
0x00007ff8cd3d0000 - 0x00007ff8cd535000 	C:\Windows\System32\DriverStore\FileRepository\iigd_dch.inf_amd64_22e8552b44b17c6d\igdumdim64.dll
0x00007ff91eff0000 - 0x00007ff91f017000 	C:\Windows\System32\bcrypt.dll
0x00007ff8c9540000 - 0x00007ff8cd1cb000 	C:\Windows\System32\DriverStore\FileRepository\iigd_dch.inf_amd64_22e8552b44b17c6d\igd9dxva64.dll
0x00007ff91f090000 - 0x00007ff91f15d000 	C:\Windows\System32\OLEAUT32.dll
0x00007ff91ff60000 - 0x00007ff9203cf000 	C:\Windows\System32\SETUPAPI.dll
0x00007ff91efa0000 - 0x00007ff91efee000 	C:\Windows\System32\cfgmgr32.dll
0x00007ff9140b0000 - 0x00007ff9143e6000 	C:\Windows\System32\DriverStore\FileRepository\iigd_dch.inf_amd64_22e8552b44b17c6d\igdgmm64.dll
0x00007ff8e1410000 - 0x00007ff8e1452000 	C:\Users\Etudiant\.openjfx\cache\21+31\amd64\glass.dll
0x00007ff920f00000 - 0x00007ff920fda000 	C:\Windows\System32\COMDLG32.dll
0x00007ff920980000 - 0x00007ff920a95000 	C:\Windows\System32\MSCTF.dll
0x00007ff8c6e20000 - 0x00007ff8c6e47000 	C:\Windows\System32\DriverStore\FileRepository\iigd_dch.inf_amd64_22e8552b44b17c6d\igdinfo64.dll
0x00007ff910250000 - 0x00007ff912fdf000 	C:\Windows\System32\DriverStore\FileRepository\iigd_dch.inf_amd64_22e8552b44b17c6d\igc64.dll
0x00007ff916720000 - 0x00007ff91675b000 	C:\Windows\SYSTEM32\dxcore.dll
0x00007ff8f7df0000 - 0x00007ff8f7e04000 	C:\Users\Etudiant\.openjfx\cache\21+31\amd64\javafx_font.dll
0x00007ff90ea70000 - 0x00007ff90ecef000 	C:\Windows\SYSTEM32\dwrite.dll
0x00007ff920e50000 - 0x00007ff920ef9000 	C:\Windows\System32\clbcatq.dll
0x00007ff918ac0000 - 0x00007ff918c74000 	C:\Windows\SYSTEM32\WindowsCodecs.dll
0x00007ff8dd170000 - 0x00007ff8dd1ae000 	C:\Windows\system32\dataexchange.dll
0x00007ff91b390000 - 0x00007ff91b574000 	C:\Windows\system32\dcomp.dll
0x00007ff91a460000 - 0x00007ff91a6c3000 	C:\Windows\system32\d3d11.dll
0x00007ff91d010000 - 0x00007ff91d103000 	C:\Windows\system32\dxgi.dll
0x00007ff919110000 - 0x00007ff919310000 	C:\Windows\system32\twinapi.appcore.dll
0x00007ff90e490000 - 0x00007ff90e4c4000 	C:\Program Files\Common Files\Microsoft Shared\Ink\rtscom.dll
0x00007ff917410000 - 0x00007ff917509000 	C:\Windows\SYSTEM32\textinputframework.dll
0x00007ff91bc60000 - 0x00007ff91bd52000 	C:\Windows\System32\CoreMessaging.dll
0x00007ff91b900000 - 0x00007ff91bc5e000 	C:\Windows\System32\CoreUIComponents.dll
0x00007ff91d410000 - 0x00007ff91d443000 	C:\Windows\SYSTEM32\ntmarta.dll
0x00007ff91b230000 - 0x00007ff91b384000 	C:\Windows\SYSTEM32\wintypes.dll

dbghelp: loaded successfully - version: 4.0.5 - missing functions: none
symbol engine: initialized successfully - sym options: 0x614 - pdb path: .;C:\Program Files\Java\jdk-21\bin;C:\Windows\SYSTEM32;C:\Windows\WinSxS\amd64_microsoft.windows.common-controls_6595b64144ccf1df_6.0.19041.1110_none_60b5254171f9507e;C:\Program Files\Java\jdk-21\bin\server;C:\Users\Etudiant\.openjfx\cache\21+31\amd64;C:\Windows\System32\DriverStore\FileRepository\iigd_dch.inf_amd64_22e8552b44b17c6d;C:\Program Files\Common Files\Microsoft Shared\Ink

VM Arguments:
jvm_args: -XX:+ShowCodeDetailsInExceptionMessages 
java_command: sae.Main
java_class_path (initial): C:\Users\Etudiant\Documents\GitHub\sae-3-01-devapp-2024-2025-g1b5\Application\app\target\classes;C:\Users\Etudiant\.m2\repository\org\openjfx\javafx-controls\21\javafx-controls-21.jar;C:\Users\Etudiant\.m2\repository\org\openjfx\javafx-controls\21\javafx-controls-21-win.jar;C:\Users\Etudiant\.m2\repository\org\openjfx\javafx-graphics\21\javafx-graphics-21.jar;C:\Users\Etudiant\.m2\repository\org\openjfx\javafx-graphics\21\javafx-graphics-21-win.jar;C:\Users\Etudiant\.m2\repository\org\openjfx\javafx-fxml\21\javafx-fxml-21.jar;C:\Users\Etudiant\.m2\repository\org\openjfx\javafx-fxml\21\javafx-fxml-21-win.jar;C:\Users\Etudiant\.m2\repository\org\openjfx\javafx-base\21\javafx-base-21.jar;C:\Users\Etudiant\.m2\repository\org\openjfx\javafx-base\21\javafx-base-21-win.jar;C:\Users\Etudiant\.m2\repository\org\openjfx\javafx-web\21\javafx-web-21.jar;C:\Users\Etudiant\.m2\repository\org\openjfx\javafx-web\21\javafx-web-21-win.jar;C:\Users\Etudiant\.m2\repository\org\openjfx\javafx-media\21\javafx-media-21.jar;C:\Users\Etudiant\.m2\repository\org\openjfx\javafx-media\21\javafx-media-21-win.jar;C:\Users\Etudiant\.m2\repository\com\fasterxml\jackson\core\jackson-databind\2.15.2\jackson-databind-2.15.2.jar;C:\Users\Etudiant\.m2\repository\com\fasterxml\jackson\core\jackson-annotations\2.15.2\jackson-annotations-2.15.2.jar;C:\Users\Etudiant\.m2\repository\com\fasterxml\jackson\core\jackson-core\2.15.2\jackson-core-2.15.2.jar;C:\Users\Etudiant\.m2\repository\com\googlecode\json-simple\json-simple\1.1.1\json-simple-1.1.1.jar;C:\Users\Etudiant\.m2\repository\junit\junit\4.10\junit-4.10.jar;C:\Users\Etudiant\.m2\repository\org\hamcrest\hamcrest-core\1.1\hamcrest-core-1.1.jar;C:\Users\Etudiant\.m2\repository\org\eclipse\paho\org.eclipse.paho.client.mqttv3\1.2.5\org.eclipse.paho.client.mqttv3-1.2.5.jar
Launcher Type: SUN_STANDARD

[Global flags]
     intx CICompilerCount                          = 4                                         {product} {ergonomic}
     uint ConcGCThreads                            = 2                                         {product} {ergonomic}
     uint G1ConcRefinementThreads                  = 8                                         {product} {ergonomic}
   size_t G1HeapRegionSize                         = 1048576                                   {product} {ergonomic}
    uintx GCDrainStackTargetSize                   = 64                                        {product} {ergonomic}
   size_t InitialHeapSize                          = 134217728                                 {product} {ergonomic}
   size_t MarkStackSize                            = 4194304                                   {product} {ergonomic}
   size_t MaxHeapSize                              = 2116026368                                {product} {ergonomic}
   size_t MaxNewSize                               = 1268776960                                {product} {ergonomic}
   size_t MinHeapDeltaBytes                        = 1048576                                   {product} {ergonomic}
   size_t MinHeapSize                              = 8388608                                   {product} {ergonomic}
    uintx NonNMethodCodeHeapSize                   = 5839372                                {pd product} {ergonomic}
    uintx NonProfiledCodeHeapSize                  = 122909434                              {pd product} {ergonomic}
    uintx ProfiledCodeHeapSize                     = 122909434                              {pd product} {ergonomic}
    uintx ReservedCodeCacheSize                    = 251658240                              {pd product} {ergonomic}
     bool SegmentedCodeCache                       = true                                      {product} {ergonomic}
     bool ShowCodeDetailsInExceptionMessages       = true                                   {manageable} {command line}
   size_t SoftMaxHeapSize                          = 2116026368                             {manageable} {ergonomic}
     bool UseCompressedOops                        = true                           {product lp64_product} {ergonomic}
     bool UseG1GC                                  = true                                      {product} {ergonomic}
     bool UseLargePagesIndividualAllocation        = false                                  {pd product} {ergonomic}

Logging:
Log output configuration:
 #0: stdout all=warning uptime,level,tags foldmultilines=false
 #1: stderr all=off uptime,level,tags foldmultilines=false

Environment Variables:
JAVA_HOME=C:\Program Files\Java\jdk-21
PATH=C:\Program Files\PowerShell\7;C:\Python312\Scripts\;C:\Python312\;C:\app\Etudiant\product\21c\dbhomeXE\bin;C:\Program Files\Common Files\Oracle\Java\javapath;C:\Program Files\Python310\Scripts\;C:\Program Files\Python310\;C:\Windows\system32;C:\Windows;C:\Windows\System32\Wbem;C:\Windows\System32\WindowsPowerShell\v1.0\;C:\Windows\System32\OpenSSH\;C:\Program Files\PuTTY\;C:\Program Files\Microsoft VS Code\bin;C:\ProgramData\chocolatey\bin;C:\Program Files\Java\jdk-17.0.3.1\bin;C:\apache-ant-1.10.7\bin;C:\apache-maven-3.6.2\bin;C:\GnuCobol3.1\bin;C:\Gradle\bin;C:\Program Files\Graphviz\bin;C:\Program Files\Docker\Docker\resources\bin;C:\ProgramData\DockerDesktop\version-bin;C:\Program Files\TortoiseSVN\bin;C:\Program Files\TortoiseGit\bin;C:\Program Files (x86)\Microsoft SQL Server\150\DTS\Binn\;C:\Program Files\Microsoft SQL Server\Client SDK\ODBC\170\Tools\Binn\;C:\Program Files (x86)\Microsoft SQL Server\150\Tools\Binn\;C:\Program Files\Microsoft SQL Server\150\Tools\Binn\;C:\Program Files\Microsoft SQL Server\150\DTS\Binn\;C:\Program Files\Azure Data Studio\bin;C:\bin;C:\src\flutter\bin;C:\tools\dart-sdk\bin;C:\Program Files\Php;C:\Program Files\PowerShell\7\;C:\Program Files\nodejs\;C:\Users\Etudiant\AppData\Local\Microsoft\WindowsApps;C:\Program Files\Oracle\VirtualBox;C:\Users\Etudiant\AppData\Roaming\npm;C:\Users\Etudiant\AppData\Local\GitHubDesktop\bin;C:\Users\Etudiant\AppData\Local\Programs\Git\cmd
USERNAME=Etudiant
LANG=en_US.UTF-8
OS=Windows_NT
PROCESSOR_IDENTIFIER=Intel64 Family 6 Model 94 Stepping 3, GenuineIntel
TMP=C:\Users\Etudiant\AppData\Local\Temp
TEMP=C:\Users\Etudiant\AppData\Local\Temp




Periodic native trim disabled

---------------  S Y S T E M  ---------------

OS:
 Windows 10 , 64 bit Build 19041 (10.0.19041.1806)
OS uptime: 0 days 2:24 hours
Hyper-V role detected

CPU: total 8 (initial active 8) (4 cores per cpu, 2 threads per core) family 6 model 94 stepping 3 microcode 0xf0, cx8, cmov, fxsr, ht, mmx, 3dnowpref, sse, sse2, sse3, ssse3, sse4.1, sse4.2, popcnt, lzcnt, tsc, tscinvbit, avx, avx2, aes, erms, clmul, bmi1, bmi2, rtm, adx, fma, vzeroupper, clflush, clflushopt, hv, rdtscp, f16c
Processor Information for all 8 processors :
  Max Mhz: 3408, Current Mhz: 3408, Mhz Limit: 3408

Memory: 4k page, system-wide physical 8067M (298M free)
TotalPageFile size 11011M (AvailPageFile size 5M)
current process WorkingSet (physical memory assigned to process): 147M, peak: 147M
current process commit charge ("private bytes"): 280M, peak: 281M

vm_info: Java HotSpot(TM) 64-Bit Server VM (21.0.3+7-LTS-152) for windows-amd64 JRE (21.0.3+7-LTS-152), built on 2024-03-11T17:42:26Z by "mach5one" with MS VC++ 17.6 (VS2022)

END.
